Performing C SOURCE FILE Test CMAKE_HAVE_LIBC_PTHREAD failed with the following output:
Change Dir: /root/colcon_ws/build/dasc_ros_utils/CMakeFiles/CMakeTmp

Run Build Command(s):/usr/bin/make cmTC_de80b/fast && /usr/bin/make -f CMakeFiles/cmTC_de80b.dir/build.make CMakeFiles/cmTC_de80b.dir/build
make[1]: Entering directory '/root/colcon_ws/build/dasc_ros_utils/CMakeFiles/CMakeTmp'
Building C object CMakeFiles/cmTC_de80b.dir/src.c.o
/usr/bin/cc   -DCMAKE_HAVE_LIBC_PTHREAD   -o CMakeFiles/cmTC_de80b.dir/src.c.o   -c /root/colcon_ws/build/dasc_ros_utils/CMakeFiles/CMakeTmp/src.c
Linking C executable cmTC_de80b
/usr/bin/cmake -E cmake_link_script CMakeFiles/cmTC_de80b.dir/link.txt --verbose=1
/usr/bin/cc  -DCMAKE_HAVE_LIBC_PTHREAD    CMakeFiles/cmTC_de80b.dir/src.c.o  -o cmTC_de80b 
/usr/bin/ld: CMakeFiles/cmTC_de80b.dir/src.c.o: in function `main':
src.c:(.text+0x46): undefined reference to `pthread_create'
/usr/bin/ld: src.c:(.text+0x52): undefined reference to `pthread_detach'
/usr/bin/ld: src.c:(.text+0x63): undefined reference to `pthread_join'
collect2: error: ld returned 1 exit status
make[1]: *** [CMakeFiles/cmTC_de80b.dir/build.make:87: cmTC_de80b] Error 1
make[1]: Leaving directory '/root/colcon_ws/build/dasc_ros_utils/CMakeFiles/CMakeTmp'
make: *** [Makefile:121: cmTC_de80b/fast] Error 2


Source file was:
#include <pthread.h>

void* test_func(void* data)
{
  return data;
}

int main(void)
{
  pthread_t thread;
  pthread_create(&thread, NULL, test_func, NULL);
  pthread_detach(thread);
  pthread_join(thread, NULL);
  pthread_atfork(NULL, NULL, NULL);
  pthread_exit(NULL);

  return 0;
}

Determining if the function pthread_create exists in the pthreads failed with the following output:
Change Dir: /root/colcon_ws/build/dasc_ros_utils/CMakeFiles/CMakeTmp

Run Build Command(s):/usr/bin/make cmTC_9944e/fast && /usr/bin/make -f CMakeFiles/cmTC_9944e.dir/build.make CMakeFiles/cmTC_9944e.dir/build
make[1]: Entering directory '/root/colcon_ws/build/dasc_ros_utils/CMakeFiles/CMakeTmp'
Building C object CMakeFiles/cmTC_9944e.dir/CheckFunctionExists.c.o
/usr/bin/cc   -DCHECK_FUNCTION_EXISTS=pthread_create   -o CMakeFiles/cmTC_9944e.dir/CheckFunctionExists.c.o   -c /usr/share/cmake-3.16/Modules/CheckFunctionExists.c
Linking C executable cmTC_9944e
/usr/bin/cmake -E cmake_link_script CMakeFiles/cmTC_9944e.dir/link.txt --verbose=1
/usr/bin/cc  -DCHECK_FUNCTION_EXISTS=pthread_create    CMakeFiles/cmTC_9944e.dir/CheckFunctionExists.c.o  -o cmTC_9944e  -lpthreads 
/usr/bin/ld: cannot find -lpthreads
collect2: error: ld returned 1 exit status
make[1]: *** [CMakeFiles/cmTC_9944e.dir/build.make:87: cmTC_9944e] Error 1
make[1]: Leaving directory '/root/colcon_ws/build/dasc_ros_utils/CMakeFiles/CMakeTmp'
make: *** [Makefile:121: cmTC_9944e/fast] Error 2



Performing C SOURCE FILE Test CMAKE_HAVE_LIBC_PTHREAD failed with the following output:
Change Dir: /root/colcon_ws/build/dasc_ros_utils/CMakeFiles/CMakeTmp

Run Build Command(s):/usr/bin/make cmTC_0d352/fast && /usr/bin/make -f CMakeFiles/cmTC_0d352.dir/build.make CMakeFiles/cmTC_0d352.dir/build
make[1]: Entering directory '/root/colcon_ws/build/dasc_ros_utils/CMakeFiles/CMakeTmp'
Building C object CMakeFiles/cmTC_0d352.dir/src.c.o
/usr/bin/cc   -DCMAKE_HAVE_LIBC_PTHREAD   -o CMakeFiles/cmTC_0d352.dir/src.c.o   -c /root/colcon_ws/build/dasc_ros_utils/CMakeFiles/CMakeTmp/src.c
Linking C executable cmTC_0d352
/usr/bin/cmake -E cmake_link_script CMakeFiles/cmTC_0d352.dir/link.txt --verbose=1
/usr/bin/cc  -DCMAKE_HAVE_LIBC_PTHREAD    CMakeFiles/cmTC_0d352.dir/src.c.o  -o cmTC_0d352 
/usr/bin/ld: CMakeFiles/cmTC_0d352.dir/src.c.o: in function `main':
src.c:(.text+0x46): undefined reference to `pthread_create'
/usr/bin/ld: src.c:(.text+0x52): undefined reference to `pthread_detach'
/usr/bin/ld: src.c:(.text+0x63): undefined reference to `pthread_join'
collect2: error: ld returned 1 exit status
make[1]: *** [CMakeFiles/cmTC_0d352.dir/build.make:87: cmTC_0d352] Error 1
make[1]: Leaving directory '/root/colcon_ws/build/dasc_ros_utils/CMakeFiles/CMakeTmp'
make: *** [Makefile:121: cmTC_0d352/fast] Error 2


Source file was:
#include <pthread.h>

void* test_func(void* data)
{
  return data;
}

int main(void)
{
  pthread_t thread;
  pthread_create(&thread, NULL, test_func, NULL);
  pthread_detach(thread);
  pthread_join(thread, NULL);
  pthread_atfork(NULL, NULL, NULL);
  pthread_exit(NULL);

  return 0;
}

Determining if the function pthread_create exists in the pthreads failed with the following output:
Change Dir: /root/colcon_ws/build/dasc_ros_utils/CMakeFiles/CMakeTmp

Run Build Command(s):/usr/bin/make cmTC_71291/fast && /usr/bin/make -f CMakeFiles/cmTC_71291.dir/build.make CMakeFiles/cmTC_71291.dir/build
make[1]: Entering directory '/root/colcon_ws/build/dasc_ros_utils/CMakeFiles/CMakeTmp'
Building C object CMakeFiles/cmTC_71291.dir/CheckFunctionExists.c.o
/usr/bin/cc   -DCHECK_FUNCTION_EXISTS=pthread_create   -o CMakeFiles/cmTC_71291.dir/CheckFunctionExists.c.o   -c /usr/share/cmake-3.16/Modules/CheckFunctionExists.c
Linking C executable cmTC_71291
/usr/bin/cmake -E cmake_link_script CMakeFiles/cmTC_71291.dir/link.txt --verbose=1
/usr/bin/cc  -DCHECK_FUNCTION_EXISTS=pthread_create    CMakeFiles/cmTC_71291.dir/CheckFunctionExists.c.o  -o cmTC_71291  -lpthreads 
/usr/bin/ld: cannot find -lpthreads
collect2: error: ld returned 1 exit status
make[1]: *** [CMakeFiles/cmTC_71291.dir/build.make:87: cmTC_71291] Error 1
make[1]: Leaving directory '/root/colcon_ws/build/dasc_ros_utils/CMakeFiles/CMakeTmp'
make: *** [Makefile:121: cmTC_71291/fast] Error 2



Performing C SOURCE FILE Test CMAKE_HAVE_LIBC_PTHREAD failed with the following output:
Change Dir: /root/colcon_ws/build/dasc_ros_utils/CMakeFiles/CMakeTmp

Run Build Command(s):/usr/bin/make cmTC_17d3d/fast && /usr/bin/make -f CMakeFiles/cmTC_17d3d.dir/build.make CMakeFiles/cmTC_17d3d.dir/build
make[1]: Entering directory '/root/colcon_ws/build/dasc_ros_utils/CMakeFiles/CMakeTmp'
Building C object CMakeFiles/cmTC_17d3d.dir/src.c.o
/usr/bin/cc   -DCMAKE_HAVE_LIBC_PTHREAD   -o CMakeFiles/cmTC_17d3d.dir/src.c.o   -c /root/colcon_ws/build/dasc_ros_utils/CMakeFiles/CMakeTmp/src.c
Linking C executable cmTC_17d3d
/usr/bin/cmake -E cmake_link_script CMakeFiles/cmTC_17d3d.dir/link.txt --verbose=1
/usr/bin/cc  -DCMAKE_HAVE_LIBC_PTHREAD    CMakeFiles/cmTC_17d3d.dir/src.c.o  -o cmTC_17d3d 
/usr/bin/ld: CMakeFiles/cmTC_17d3d.dir/src.c.o: in function `main':
src.c:(.text+0x46): undefined reference to `pthread_create'
/usr/bin/ld: src.c:(.text+0x52): undefined reference to `pthread_detach'
/usr/bin/ld: src.c:(.text+0x63): undefined reference to `pthread_join'
collect2: error: ld returned 1 exit status
make[1]: *** [CMakeFiles/cmTC_17d3d.dir/build.make:87: cmTC_17d3d] Error 1
make[1]: Leaving directory '/root/colcon_ws/build/dasc_ros_utils/CMakeFiles/CMakeTmp'
make: *** [Makefile:121: cmTC_17d3d/fast] Error 2


Source file was:
#include <pthread.h>

void* test_func(void* data)
{
  return data;
}

int main(void)
{
  pthread_t thread;
  pthread_create(&thread, NULL, test_func, NULL);
  pthread_detach(thread);
  pthread_join(thread, NULL);
  pthread_atfork(NULL, NULL, NULL);
  pthread_exit(NULL);

  return 0;
}

Determining if the function pthread_create exists in the pthreads failed with the following output:
Change Dir: /root/colcon_ws/build/dasc_ros_utils/CMakeFiles/CMakeTmp

Run Build Command(s):/usr/bin/make cmTC_55bb4/fast && /usr/bin/make -f CMakeFiles/cmTC_55bb4.dir/build.make CMakeFiles/cmTC_55bb4.dir/build
make[1]: Entering directory '/root/colcon_ws/build/dasc_ros_utils/CMakeFiles/CMakeTmp'
Building C object CMakeFiles/cmTC_55bb4.dir/CheckFunctionExists.c.o
/usr/bin/cc   -DCHECK_FUNCTION_EXISTS=pthread_create   -o CMakeFiles/cmTC_55bb4.dir/CheckFunctionExists.c.o   -c /usr/share/cmake-3.16/Modules/CheckFunctionExists.c
Linking C executable cmTC_55bb4
/usr/bin/cmake -E cmake_link_script CMakeFiles/cmTC_55bb4.dir/link.txt --verbose=1
/usr/bin/cc  -DCHECK_FUNCTION_EXISTS=pthread_create    CMakeFiles/cmTC_55bb4.dir/CheckFunctionExists.c.o  -o cmTC_55bb4  -lpthreads 
/usr/bin/ld: cannot find -lpthreads
collect2: error: ld returned 1 exit status
make[1]: *** [CMakeFiles/cmTC_55bb4.dir/build.make:87: cmTC_55bb4] Error 1
make[1]: Leaving directory '/root/colcon_ws/build/dasc_ros_utils/CMakeFiles/CMakeTmp'
make: *** [Makefile:121: cmTC_55bb4/fast] Error 2



Performing C SOURCE FILE Test CMAKE_HAVE_LIBC_PTHREAD failed with the following output:
Change Dir: /root/colcon_ws/build/dasc_ros_utils/CMakeFiles/CMakeTmp

Run Build Command(s):/usr/bin/make cmTC_7b232/fast && /usr/bin/make -f CMakeFiles/cmTC_7b232.dir/build.make CMakeFiles/cmTC_7b232.dir/build
make[1]: Entering directory '/root/colcon_ws/build/dasc_ros_utils/CMakeFiles/CMakeTmp'
Building C object CMakeFiles/cmTC_7b232.dir/src.c.o
/usr/bin/cc   -DCMAKE_HAVE_LIBC_PTHREAD   -o CMakeFiles/cmTC_7b232.dir/src.c.o   -c /root/colcon_ws/build/dasc_ros_utils/CMakeFiles/CMakeTmp/src.c
Linking C executable cmTC_7b232
/usr/bin/cmake -E cmake_link_script CMakeFiles/cmTC_7b232.dir/link.txt --verbose=1
/usr/bin/cc  -DCMAKE_HAVE_LIBC_PTHREAD    CMakeFiles/cmTC_7b232.dir/src.c.o  -o cmTC_7b232 
/usr/bin/ld: CMakeFiles/cmTC_7b232.dir/src.c.o: in function `main':
src.c:(.text+0x46): undefined reference to `pthread_create'
/usr/bin/ld: src.c:(.text+0x52): undefined reference to `pthread_detach'
/usr/bin/ld: src.c:(.text+0x63): undefined reference to `pthread_join'
collect2: error: ld returned 1 exit status
make[1]: *** [CMakeFiles/cmTC_7b232.dir/build.make:87: cmTC_7b232] Error 1
make[1]: Leaving directory '/root/colcon_ws/build/dasc_ros_utils/CMakeFiles/CMakeTmp'
make: *** [Makefile:121: cmTC_7b232/fast] Error 2


Source file was:
#include <pthread.h>

void* test_func(void* data)
{
  return data;
}

int main(void)
{
  pthread_t thread;
  pthread_create(&thread, NULL, test_func, NULL);
  pthread_detach(thread);
  pthread_join(thread, NULL);
  pthread_atfork(NULL, NULL, NULL);
  pthread_exit(NULL);

  return 0;
}

Determining if the function pthread_create exists in the pthreads failed with the following output:
Change Dir: /root/colcon_ws/build/dasc_ros_utils/CMakeFiles/CMakeTmp

Run Build Command(s):/usr/bin/make cmTC_b974e/fast && /usr/bin/make -f CMakeFiles/cmTC_b974e.dir/build.make CMakeFiles/cmTC_b974e.dir/build
make[1]: Entering directory '/root/colcon_ws/build/dasc_ros_utils/CMakeFiles/CMakeTmp'
Building C object CMakeFiles/cmTC_b974e.dir/CheckFunctionExists.c.o
/usr/bin/cc   -DCHECK_FUNCTION_EXISTS=pthread_create   -o CMakeFiles/cmTC_b974e.dir/CheckFunctionExists.c.o   -c /usr/share/cmake-3.16/Modules/CheckFunctionExists.c
Linking C executable cmTC_b974e
/usr/bin/cmake -E cmake_link_script CMakeFiles/cmTC_b974e.dir/link.txt --verbose=1
/usr/bin/cc  -DCHECK_FUNCTION_EXISTS=pthread_create    CMakeFiles/cmTC_b974e.dir/CheckFunctionExists.c.o  -o cmTC_b974e  -lpthreads 
/usr/bin/ld: cannot find -lpthreads
collect2: error: ld returned 1 exit status
make[1]: *** [CMakeFiles/cmTC_b974e.dir/build.make:87: cmTC_b974e] Error 1
make[1]: Leaving directory '/root/colcon_ws/build/dasc_ros_utils/CMakeFiles/CMakeTmp'
make: *** [Makefile:121: cmTC_b974e/fast] Error 2



Performing C SOURCE FILE Test CMAKE_HAVE_LIBC_PTHREAD failed with the following output:
Change Dir: /root/colcon_ws/build/dasc_ros_utils/CMakeFiles/CMakeTmp

Run Build Command(s):/usr/bin/make cmTC_5dec3/fast && /usr/bin/make -f CMakeFiles/cmTC_5dec3.dir/build.make CMakeFiles/cmTC_5dec3.dir/build
make[1]: Entering directory '/root/colcon_ws/build/dasc_ros_utils/CMakeFiles/CMakeTmp'
Building C object CMakeFiles/cmTC_5dec3.dir/src.c.o
/usr/bin/cc   -DCMAKE_HAVE_LIBC_PTHREAD   -o CMakeFiles/cmTC_5dec3.dir/src.c.o   -c /root/colcon_ws/build/dasc_ros_utils/CMakeFiles/CMakeTmp/src.c
Linking C executable cmTC_5dec3
/usr/bin/cmake -E cmake_link_script CMakeFiles/cmTC_5dec3.dir/link.txt --verbose=1
/usr/bin/cc  -DCMAKE_HAVE_LIBC_PTHREAD    CMakeFiles/cmTC_5dec3.dir/src.c.o  -o cmTC_5dec3 
/usr/bin/ld: CMakeFiles/cmTC_5dec3.dir/src.c.o: in function `main':
src.c:(.text+0x46): undefined reference to `pthread_create'
/usr/bin/ld: src.c:(.text+0x52): undefined reference to `pthread_detach'
/usr/bin/ld: src.c:(.text+0x63): undefined reference to `pthread_join'
collect2: error: ld returned 1 exit status
make[1]: *** [CMakeFiles/cmTC_5dec3.dir/build.make:87: cmTC_5dec3] Error 1
make[1]: Leaving directory '/root/colcon_ws/build/dasc_ros_utils/CMakeFiles/CMakeTmp'
make: *** [Makefile:121: cmTC_5dec3/fast] Error 2


Source file was:
#include <pthread.h>

void* test_func(void* data)
{
  return data;
}

int main(void)
{
  pthread_t thread;
  pthread_create(&thread, NULL, test_func, NULL);
  pthread_detach(thread);
  pthread_join(thread, NULL);
  pthread_atfork(NULL, NULL, NULL);
  pthread_exit(NULL);

  return 0;
}

Determining if the function pthread_create exists in the pthreads failed with the following output:
Change Dir: /root/colcon_ws/build/dasc_ros_utils/CMakeFiles/CMakeTmp

Run Build Command(s):/usr/bin/make cmTC_c8ce1/fast && /usr/bin/make -f CMakeFiles/cmTC_c8ce1.dir/build.make CMakeFiles/cmTC_c8ce1.dir/build
make[1]: Entering directory '/root/colcon_ws/build/dasc_ros_utils/CMakeFiles/CMakeTmp'
Building C object CMakeFiles/cmTC_c8ce1.dir/CheckFunctionExists.c.o
/usr/bin/cc   -DCHECK_FUNCTION_EXISTS=pthread_create   -o CMakeFiles/cmTC_c8ce1.dir/CheckFunctionExists.c.o   -c /usr/share/cmake-3.16/Modules/CheckFunctionExists.c
Linking C executable cmTC_c8ce1
/usr/bin/cmake -E cmake_link_script CMakeFiles/cmTC_c8ce1.dir/link.txt --verbose=1
/usr/bin/cc  -DCHECK_FUNCTION_EXISTS=pthread_create    CMakeFiles/cmTC_c8ce1.dir/CheckFunctionExists.c.o  -o cmTC_c8ce1  -lpthreads 
/usr/bin/ld: cannot find -lpthreads
collect2: error: ld returned 1 exit status
make[1]: *** [CMakeFiles/cmTC_c8ce1.dir/build.make:87: cmTC_c8ce1] Error 1
make[1]: Leaving directory '/root/colcon_ws/build/dasc_ros_utils/CMakeFiles/CMakeTmp'
make: *** [Makefile:121: cmTC_c8ce1/fast] Error 2



Performing C SOURCE FILE Test CMAKE_HAVE_LIBC_PTHREAD failed with the following output:
Change Dir: /root/colcon_ws/build/dasc_ros_utils/CMakeFiles/CMakeTmp

Run Build Command(s):/usr/bin/make cmTC_73301/fast && /usr/bin/make -f CMakeFiles/cmTC_73301.dir/build.make CMakeFiles/cmTC_73301.dir/build
make[1]: Entering directory '/root/colcon_ws/build/dasc_ros_utils/CMakeFiles/CMakeTmp'
Building C object CMakeFiles/cmTC_73301.dir/src.c.o
/usr/bin/cc   -DCMAKE_HAVE_LIBC_PTHREAD   -o CMakeFiles/cmTC_73301.dir/src.c.o   -c /root/colcon_ws/build/dasc_ros_utils/CMakeFiles/CMakeTmp/src.c
Linking C executable cmTC_73301
/usr/bin/cmake -E cmake_link_script CMakeFiles/cmTC_73301.dir/link.txt --verbose=1
/usr/bin/cc  -DCMAKE_HAVE_LIBC_PTHREAD    CMakeFiles/cmTC_73301.dir/src.c.o  -o cmTC_73301 
/usr/bin/ld: CMakeFiles/cmTC_73301.dir/src.c.o: in function `main':
src.c:(.text+0x46): undefined reference to `pthread_create'
/usr/bin/ld: src.c:(.text+0x52): undefined reference to `pthread_detach'
/usr/bin/ld: src.c:(.text+0x63): undefined reference to `pthread_join'
collect2: error: ld returned 1 exit status
make[1]: *** [CMakeFiles/cmTC_73301.dir/build.make:87: cmTC_73301] Error 1
make[1]: Leaving directory '/root/colcon_ws/build/dasc_ros_utils/CMakeFiles/CMakeTmp'
make: *** [Makefile:121: cmTC_73301/fast] Error 2


Source file was:
#include <pthread.h>

void* test_func(void* data)
{
  return data;
}

int main(void)
{
  pthread_t thread;
  pthread_create(&thread, NULL, test_func, NULL);
  pthread_detach(thread);
  pthread_join(thread, NULL);
  pthread_atfork(NULL, NULL, NULL);
  pthread_exit(NULL);

  return 0;
}

Determining if the function pthread_create exists in the pthreads failed with the following output:
Change Dir: /root/colcon_ws/build/dasc_ros_utils/CMakeFiles/CMakeTmp

Run Build Command(s):/usr/bin/make cmTC_e1fb0/fast && /usr/bin/make -f CMakeFiles/cmTC_e1fb0.dir/build.make CMakeFiles/cmTC_e1fb0.dir/build
make[1]: Entering directory '/root/colcon_ws/build/dasc_ros_utils/CMakeFiles/CMakeTmp'
Building C object CMakeFiles/cmTC_e1fb0.dir/CheckFunctionExists.c.o
/usr/bin/cc   -DCHECK_FUNCTION_EXISTS=pthread_create   -o CMakeFiles/cmTC_e1fb0.dir/CheckFunctionExists.c.o   -c /usr/share/cmake-3.16/Modules/CheckFunctionExists.c
Linking C executable cmTC_e1fb0
/usr/bin/cmake -E cmake_link_script CMakeFiles/cmTC_e1fb0.dir/link.txt --verbose=1
/usr/bin/cc  -DCHECK_FUNCTION_EXISTS=pthread_create    CMakeFiles/cmTC_e1fb0.dir/CheckFunctionExists.c.o  -o cmTC_e1fb0  -lpthreads 
/usr/bin/ld: cannot find -lpthreads
collect2: error: ld returned 1 exit status
make[1]: *** [CMakeFiles/cmTC_e1fb0.dir/build.make:87: cmTC_e1fb0] Error 1
make[1]: Leaving directory '/root/colcon_ws/build/dasc_ros_utils/CMakeFiles/CMakeTmp'
make: *** [Makefile:121: cmTC_e1fb0/fast] Error 2



Performing C SOURCE FILE Test CMAKE_HAVE_LIBC_PTHREAD failed with the following output:
Change Dir: /root/colcon_ws/build/dasc_ros_utils/CMakeFiles/CMakeTmp

Run Build Command(s):/usr/bin/make cmTC_cf77c/fast && /usr/bin/make -f CMakeFiles/cmTC_cf77c.dir/build.make CMakeFiles/cmTC_cf77c.dir/build
make[1]: Entering directory '/root/colcon_ws/build/dasc_ros_utils/CMakeFiles/CMakeTmp'
Building C object CMakeFiles/cmTC_cf77c.dir/src.c.o
/usr/bin/cc   -DCMAKE_HAVE_LIBC_PTHREAD   -o CMakeFiles/cmTC_cf77c.dir/src.c.o   -c /root/colcon_ws/build/dasc_ros_utils/CMakeFiles/CMakeTmp/src.c
Linking C executable cmTC_cf77c
/usr/bin/cmake -E cmake_link_script CMakeFiles/cmTC_cf77c.dir/link.txt --verbose=1
/usr/bin/cc  -DCMAKE_HAVE_LIBC_PTHREAD    CMakeFiles/cmTC_cf77c.dir/src.c.o  -o cmTC_cf77c 
/usr/bin/ld: CMakeFiles/cmTC_cf77c.dir/src.c.o: in function `main':
src.c:(.text+0x46): undefined reference to `pthread_create'
/usr/bin/ld: src.c:(.text+0x52): undefined reference to `pthread_detach'
/usr/bin/ld: src.c:(.text+0x63): undefined reference to `pthread_join'
collect2: error: ld returned 1 exit status
make[1]: *** [CMakeFiles/cmTC_cf77c.dir/build.make:87: cmTC_cf77c] Error 1
make[1]: Leaving directory '/root/colcon_ws/build/dasc_ros_utils/CMakeFiles/CMakeTmp'
make: *** [Makefile:121: cmTC_cf77c/fast] Error 2


Source file was:
#include <pthread.h>

void* test_func(void* data)
{
  return data;
}

int main(void)
{
  pthread_t thread;
  pthread_create(&thread, NULL, test_func, NULL);
  pthread_detach(thread);
  pthread_join(thread, NULL);
  pthread_atfork(NULL, NULL, NULL);
  pthread_exit(NULL);

  return 0;
}

Determining if the function pthread_create exists in the pthreads failed with the following output:
Change Dir: /root/colcon_ws/build/dasc_ros_utils/CMakeFiles/CMakeTmp

Run Build Command(s):/usr/bin/make cmTC_19aa3/fast && /usr/bin/make -f CMakeFiles/cmTC_19aa3.dir/build.make CMakeFiles/cmTC_19aa3.dir/build
make[1]: Entering directory '/root/colcon_ws/build/dasc_ros_utils/CMakeFiles/CMakeTmp'
Building C object CMakeFiles/cmTC_19aa3.dir/CheckFunctionExists.c.o
/usr/bin/cc   -DCHECK_FUNCTION_EXISTS=pthread_create   -o CMakeFiles/cmTC_19aa3.dir/CheckFunctionExists.c.o   -c /usr/share/cmake-3.16/Modules/CheckFunctionExists.c
Linking C executable cmTC_19aa3
/usr/bin/cmake -E cmake_link_script CMakeFiles/cmTC_19aa3.dir/link.txt --verbose=1
/usr/bin/cc  -DCHECK_FUNCTION_EXISTS=pthread_create    CMakeFiles/cmTC_19aa3.dir/CheckFunctionExists.c.o  -o cmTC_19aa3  -lpthreads 
/usr/bin/ld: cannot find -lpthreads
collect2: error: ld returned 1 exit status
make[1]: *** [CMakeFiles/cmTC_19aa3.dir/build.make:87: cmTC_19aa3] Error 1
make[1]: Leaving directory '/root/colcon_ws/build/dasc_ros_utils/CMakeFiles/CMakeTmp'
make: *** [Makefile:121: cmTC_19aa3/fast] Error 2



Performing C SOURCE FILE Test CMAKE_HAVE_LIBC_PTHREAD failed with the following output:
Change Dir: /root/colcon_ws/build/dasc_ros_utils/CMakeFiles/CMakeTmp

Run Build Command(s):/usr/bin/make cmTC_ec661/fast && /usr/bin/make -f CMakeFiles/cmTC_ec661.dir/build.make CMakeFiles/cmTC_ec661.dir/build
make[1]: Entering directory '/root/colcon_ws/build/dasc_ros_utils/CMakeFiles/CMakeTmp'
Building C object CMakeFiles/cmTC_ec661.dir/src.c.o
/usr/bin/cc   -DCMAKE_HAVE_LIBC_PTHREAD   -o CMakeFiles/cmTC_ec661.dir/src.c.o   -c /root/colcon_ws/build/dasc_ros_utils/CMakeFiles/CMakeTmp/src.c
Linking C executable cmTC_ec661
/usr/bin/cmake -E cmake_link_script CMakeFiles/cmTC_ec661.dir/link.txt --verbose=1
/usr/bin/cc  -DCMAKE_HAVE_LIBC_PTHREAD    CMakeFiles/cmTC_ec661.dir/src.c.o  -o cmTC_ec661 
/usr/bin/ld: CMakeFiles/cmTC_ec661.dir/src.c.o: in function `main':
src.c:(.text+0x46): undefined reference to `pthread_create'
/usr/bin/ld: src.c:(.text+0x52): undefined reference to `pthread_detach'
/usr/bin/ld: src.c:(.text+0x63): undefined reference to `pthread_join'
collect2: error: ld returned 1 exit status
make[1]: *** [CMakeFiles/cmTC_ec661.dir/build.make:87: cmTC_ec661] Error 1
make[1]: Leaving directory '/root/colcon_ws/build/dasc_ros_utils/CMakeFiles/CMakeTmp'
make: *** [Makefile:121: cmTC_ec661/fast] Error 2


Source file was:
#include <pthread.h>

void* test_func(void* data)
{
  return data;
}

int main(void)
{
  pthread_t thread;
  pthread_create(&thread, NULL, test_func, NULL);
  pthread_detach(thread);
  pthread_join(thread, NULL);
  pthread_atfork(NULL, NULL, NULL);
  pthread_exit(NULL);

  return 0;
}

Determining if the function pthread_create exists in the pthreads failed with the following output:
Change Dir: /root/colcon_ws/build/dasc_ros_utils/CMakeFiles/CMakeTmp

Run Build Command(s):/usr/bin/make cmTC_8b898/fast && /usr/bin/make -f CMakeFiles/cmTC_8b898.dir/build.make CMakeFiles/cmTC_8b898.dir/build
make[1]: Entering directory '/root/colcon_ws/build/dasc_ros_utils/CMakeFiles/CMakeTmp'
Building C object CMakeFiles/cmTC_8b898.dir/CheckFunctionExists.c.o
/usr/bin/cc   -DCHECK_FUNCTION_EXISTS=pthread_create   -o CMakeFiles/cmTC_8b898.dir/CheckFunctionExists.c.o   -c /usr/share/cmake-3.16/Modules/CheckFunctionExists.c
Linking C executable cmTC_8b898
/usr/bin/cmake -E cmake_link_script CMakeFiles/cmTC_8b898.dir/link.txt --verbose=1
/usr/bin/cc  -DCHECK_FUNCTION_EXISTS=pthread_create    CMakeFiles/cmTC_8b898.dir/CheckFunctionExists.c.o  -o cmTC_8b898  -lpthreads 
/usr/bin/ld: cannot find -lpthreads
collect2: error: ld returned 1 exit status
make[1]: *** [CMakeFiles/cmTC_8b898.dir/build.make:87: cmTC_8b898] Error 1
make[1]: Leaving directory '/root/colcon_ws/build/dasc_ros_utils/CMakeFiles/CMakeTmp'
make: *** [Makefile:121: cmTC_8b898/fast] Error 2



Performing C SOURCE FILE Test CMAKE_HAVE_LIBC_PTHREAD failed with the following output:
Change Dir: /root/colcon_ws/build/dasc_ros_utils/CMakeFiles/CMakeTmp

Run Build Command(s):/usr/bin/make cmTC_160a8/fast && /usr/bin/make -f CMakeFiles/cmTC_160a8.dir/build.make CMakeFiles/cmTC_160a8.dir/build
make[1]: Entering directory '/root/colcon_ws/build/dasc_ros_utils/CMakeFiles/CMakeTmp'
Building C object CMakeFiles/cmTC_160a8.dir/src.c.o
/usr/bin/cc   -DCMAKE_HAVE_LIBC_PTHREAD   -o CMakeFiles/cmTC_160a8.dir/src.c.o   -c /root/colcon_ws/build/dasc_ros_utils/CMakeFiles/CMakeTmp/src.c
Linking C executable cmTC_160a8
/usr/bin/cmake -E cmake_link_script CMakeFiles/cmTC_160a8.dir/link.txt --verbose=1
/usr/bin/cc  -DCMAKE_HAVE_LIBC_PTHREAD    CMakeFiles/cmTC_160a8.dir/src.c.o  -o cmTC_160a8 
/usr/bin/ld: CMakeFiles/cmTC_160a8.dir/src.c.o: in function `main':
src.c:(.text+0x46): undefined reference to `pthread_create'
/usr/bin/ld: src.c:(.text+0x52): undefined reference to `pthread_detach'
/usr/bin/ld: src.c:(.text+0x63): undefined reference to `pthread_join'
collect2: error: ld returned 1 exit status
make[1]: *** [CMakeFiles/cmTC_160a8.dir/build.make:87: cmTC_160a8] Error 1
make[1]: Leaving directory '/root/colcon_ws/build/dasc_ros_utils/CMakeFiles/CMakeTmp'
make: *** [Makefile:121: cmTC_160a8/fast] Error 2


Source file was:
#include <pthread.h>

void* test_func(void* data)
{
  return data;
}

int main(void)
{
  pthread_t thread;
  pthread_create(&thread, NULL, test_func, NULL);
  pthread_detach(thread);
  pthread_join(thread, NULL);
  pthread_atfork(NULL, NULL, NULL);
  pthread_exit(NULL);

  return 0;
}

Determining if the function pthread_create exists in the pthreads failed with the following output:
Change Dir: /root/colcon_ws/build/dasc_ros_utils/CMakeFiles/CMakeTmp

Run Build Command(s):/usr/bin/make cmTC_e468b/fast && /usr/bin/make -f CMakeFiles/cmTC_e468b.dir/build.make CMakeFiles/cmTC_e468b.dir/build
make[1]: Entering directory '/root/colcon_ws/build/dasc_ros_utils/CMakeFiles/CMakeTmp'
Building C object CMakeFiles/cmTC_e468b.dir/CheckFunctionExists.c.o
/usr/bin/cc   -DCHECK_FUNCTION_EXISTS=pthread_create   -o CMakeFiles/cmTC_e468b.dir/CheckFunctionExists.c.o   -c /usr/share/cmake-3.16/Modules/CheckFunctionExists.c
Linking C executable cmTC_e468b
/usr/bin/cmake -E cmake_link_script CMakeFiles/cmTC_e468b.dir/link.txt --verbose=1
/usr/bin/cc  -DCHECK_FUNCTION_EXISTS=pthread_create    CMakeFiles/cmTC_e468b.dir/CheckFunctionExists.c.o  -o cmTC_e468b  -lpthreads 
/usr/bin/ld: cannot find -lpthreads
collect2: error: ld returned 1 exit status
make[1]: *** [CMakeFiles/cmTC_e468b.dir/build.make:87: cmTC_e468b] Error 1
make[1]: Leaving directory '/root/colcon_ws/build/dasc_ros_utils/CMakeFiles/CMakeTmp'
make: *** [Makefile:121: cmTC_e468b/fast] Error 2



Performing C SOURCE FILE Test CMAKE_HAVE_LIBC_PTHREAD failed with the following output:
Change Dir: /root/colcon_ws/build/dasc_ros_utils/CMakeFiles/CMakeTmp

Run Build Command(s):/usr/bin/make cmTC_ed3fb/fast && /usr/bin/make -f CMakeFiles/cmTC_ed3fb.dir/build.make CMakeFiles/cmTC_ed3fb.dir/build
make[1]: Entering directory '/root/colcon_ws/build/dasc_ros_utils/CMakeFiles/CMakeTmp'
Building C object CMakeFiles/cmTC_ed3fb.dir/src.c.o
/usr/bin/cc   -DCMAKE_HAVE_LIBC_PTHREAD   -o CMakeFiles/cmTC_ed3fb.dir/src.c.o   -c /root/colcon_ws/build/dasc_ros_utils/CMakeFiles/CMakeTmp/src.c
Linking C executable cmTC_ed3fb
/usr/bin/cmake -E cmake_link_script CMakeFiles/cmTC_ed3fb.dir/link.txt --verbose=1
/usr/bin/cc  -DCMAKE_HAVE_LIBC_PTHREAD    CMakeFiles/cmTC_ed3fb.dir/src.c.o  -o cmTC_ed3fb 
/usr/bin/ld: CMakeFiles/cmTC_ed3fb.dir/src.c.o: in function `main':
src.c:(.text+0x46): undefined reference to `pthread_create'
/usr/bin/ld: src.c:(.text+0x52): undefined reference to `pthread_detach'
/usr/bin/ld: src.c:(.text+0x63): undefined reference to `pthread_join'
collect2: error: ld returned 1 exit status
make[1]: *** [CMakeFiles/cmTC_ed3fb.dir/build.make:87: cmTC_ed3fb] Error 1
make[1]: Leaving directory '/root/colcon_ws/build/dasc_ros_utils/CMakeFiles/CMakeTmp'
make: *** [Makefile:121: cmTC_ed3fb/fast] Error 2


Source file was:
#include <pthread.h>

void* test_func(void* data)
{
  return data;
}

int main(void)
{
  pthread_t thread;
  pthread_create(&thread, NULL, test_func, NULL);
  pthread_detach(thread);
  pthread_join(thread, NULL);
  pthread_atfork(NULL, NULL, NULL);
  pthread_exit(NULL);

  return 0;
}

Determining if the function pthread_create exists in the pthreads failed with the following output:
Change Dir: /root/colcon_ws/build/dasc_ros_utils/CMakeFiles/CMakeTmp

Run Build Command(s):/usr/bin/make cmTC_d91dc/fast && /usr/bin/make -f CMakeFiles/cmTC_d91dc.dir/build.make CMakeFiles/cmTC_d91dc.dir/build
make[1]: Entering directory '/root/colcon_ws/build/dasc_ros_utils/CMakeFiles/CMakeTmp'
Building C object CMakeFiles/cmTC_d91dc.dir/CheckFunctionExists.c.o
/usr/bin/cc   -DCHECK_FUNCTION_EXISTS=pthread_create   -o CMakeFiles/cmTC_d91dc.dir/CheckFunctionExists.c.o   -c /usr/share/cmake-3.16/Modules/CheckFunctionExists.c
Linking C executable cmTC_d91dc
/usr/bin/cmake -E cmake_link_script CMakeFiles/cmTC_d91dc.dir/link.txt --verbose=1
/usr/bin/cc  -DCHECK_FUNCTION_EXISTS=pthread_create    CMakeFiles/cmTC_d91dc.dir/CheckFunctionExists.c.o  -o cmTC_d91dc  -lpthreads 
/usr/bin/ld: cannot find -lpthreads
collect2: error: ld returned 1 exit status
make[1]: *** [CMakeFiles/cmTC_d91dc.dir/build.make:87: cmTC_d91dc] Error 1
make[1]: Leaving directory '/root/colcon_ws/build/dasc_ros_utils/CMakeFiles/CMakeTmp'
make: *** [Makefile:121: cmTC_d91dc/fast] Error 2



