[0.015s] Invoking command in '/root/colcon_ws/build/ground_station_launch': CMAKE_PREFIX_PATH=/opt/ros/galactic /usr/bin/cmake /root/colcon_ws/src/ground_station_launch -DAMENT_CMAKE_SYMLINK_INSTALL=1 -DCMAKE_INSTALL_PREFIX=/root/colcon_ws/install/ground_station_launch
[0.109s] -- The C compiler identification is GNU 9.4.0
[0.167s] -- The CXX compiler identification is GNU 9.4.0
[0.170s] -- Check for working C compiler: /usr/bin/cc
[0.225s] -- Check for working C compiler: /usr/bin/cc -- works
[0.226s] -- Detecting C compiler ABI info
[0.280s] -- Detecting C compiler ABI info - done
[0.286s] -- Detecting C compile features
[0.287s] -- Detecting C compile features - done
[0.289s] -- Check for working CXX compiler: /usr/bin/c++
[0.349s] -- Check for working CXX compiler: /usr/bin/c++ -- works
[0.350s] -- Detecting CXX compiler ABI info
[0.404s] -- Detecting CXX compiler ABI info - done
[0.410s] -- Detecting CXX compile features
[0.411s] -- Detecting CXX compile features - done
[0.415s] -- Found ament_cmake: 1.1.6 (/opt/ros/galactic/share/ament_cmake/cmake)
[0.432s] -- Found PythonInterp: /usr/bin/python3 (found suitable version "3.8.10", minimum required is "3") 
[0.432s] -- Using PYTHON_EXECUTABLE: /usr/bin/python3
[0.471s] -- Override CMake install command with custom implementation using symlinks instead of copying resources
[0.494s] -- Found ament_lint_auto: 0.10.7 (/opt/ros/galactic/share/ament_lint_auto/cmake)
[0.547s] -- Added test 'copyright' to check source files copyright and LICENSE
[0.548s] -- Added test 'flake8' to check Python code syntax and style conventions
[0.548s] -- Added test 'lint_cmake' to check CMake code style
[0.549s] -- Added test 'pep257' to check Python code against some of the style conventions in PEP 257
[0.550s] -- Added test 'xmllint' to check XML markup files
[0.552s] -- Configuring done
[0.553s] -- Generating done
[0.554s] -- Build files have been written to: /root/colcon_ws/build/ground_station_launch
[0.557s] Invoked command in '/root/colcon_ws/build/ground_station_launch' returned '0': CMAKE_PREFIX_PATH=/opt/ros/galactic /usr/bin/cmake /root/colcon_ws/src/ground_station_launch -DAMENT_CMAKE_SYMLINK_INSTALL=1 -DCMAKE_INSTALL_PREFIX=/root/colcon_ws/install/ground_station_launch
[0.559s] Invoking command in '/root/colcon_ws/build/ground_station_launch': CMAKE_PREFIX_PATH=/opt/ros/galactic /usr/bin/cmake --build /root/colcon_ws/build/ground_station_launch -- -j20 -l20
[0.595s] Invoked command in '/root/colcon_ws/build/ground_station_launch' returned '0': CMAKE_PREFIX_PATH=/opt/ros/galactic /usr/bin/cmake --build /root/colcon_ws/build/ground_station_launch -- -j20 -l20
[0.623s] Invoking command in '/root/colcon_ws/build/ground_station_launch': CMAKE_PREFIX_PATH=/opt/ros/galactic /usr/bin/cmake --install /root/colcon_ws/build/ground_station_launch
[0.631s] -- Install configuration: ""
[0.631s] -- Execute custom install script
[0.632s] -- Symlinking: /root/colcon_ws/install/ground_station_launch/share/ground_station_launch/config/default.rviz
[0.638s] -- Symlinking: /root/colcon_ws/install/ground_station_launch/share/ground_station_launch/config/groundstation.rviz
[0.644s] -- Symlinking: /root/colcon_ws/install/ground_station_launch/share/ground_station_launch/config/teleop.rviz
[0.652s] -- Symlinking: /root/colcon_ws/install/ground_station_launch/share/ground_station_launch/launch/gs.launch.py
[0.659s] -- Symlinking: /root/colcon_ws/install/ground_station_launch/share/ament_index/resource_index/package_run_dependencies/ground_station_launch
[0.667s] -- Symlinking: /root/colcon_ws/install/ground_station_launch/share/ament_index/resource_index/parent_prefix_path/ground_station_launch
[0.673s] -- Symlinking: /root/colcon_ws/install/ground_station_launch/share/ground_station_launch/environment/ament_prefix_path.sh
[0.681s] -- Symlinking: /root/colcon_ws/install/ground_station_launch/share/ground_station_launch/environment/ament_prefix_path.dsv
[0.691s] -- Symlinking: /root/colcon_ws/install/ground_station_launch/share/ground_station_launch/environment/path.sh
[0.700s] -- Symlinking: /root/colcon_ws/install/ground_station_launch/share/ground_station_launch/environment/path.dsv
[0.709s] -- Symlinking: /root/colcon_ws/install/ground_station_launch/share/ground_station_launch/local_setup.bash
[0.718s] -- Symlinking: /root/colcon_ws/install/ground_station_launch/share/ground_station_launch/local_setup.sh
[0.725s] -- Symlinking: /root/colcon_ws/install/ground_station_launch/share/ground_station_launch/local_setup.zsh
[0.734s] -- Symlinking: /root/colcon_ws/install/ground_station_launch/share/ground_station_launch/local_setup.dsv
[0.741s] -- Symlinking: /root/colcon_ws/install/ground_station_launch/share/ground_station_launch/package.dsv
[0.747s] -- Symlinking: /root/colcon_ws/install/ground_station_launch/share/ament_index/resource_index/packages/ground_station_launch
[0.756s] -- Symlinking: /root/colcon_ws/install/ground_station_launch/share/ground_station_launch/cmake/ground_station_launchConfig.cmake
[0.765s] -- Symlinking: /root/colcon_ws/install/ground_station_launch/share/ground_station_launch/cmake/ground_station_launchConfig-version.cmake
[0.772s] -- Symlinking: /root/colcon_ws/install/ground_station_launch/share/ground_station_launch/package.xml
[0.781s] Invoked command in '/root/colcon_ws/build/ground_station_launch' returned '0': CMAKE_PREFIX_PATH=/opt/ros/galactic /usr/bin/cmake --install /root/colcon_ws/build/ground_station_launch
