[0.009s] Invoking command in '/root/colcon_ws/build/dasc_robot_gui': AMENT_PREFIX_PATH=/root/colcon_ws/install/px4_msgs:${AMENT_PREFIX_PATH} CMAKE_PREFIX_PATH=/root/colcon_ws/install/px4_msgs:/opt/ros/galactic LD_LIBRARY_PATH=/root/colcon_ws/install/px4_msgs/lib:${LD_LIBRARY_PATH} PYTHONPATH=/root/colcon_ws/install/px4_msgs/lib/python3.8/site-packages:${PYTHONPATH} /usr/bin/cmake /root/colcon_ws/src/dasc_robot_gui -DAMENT_CMAKE_SYMLINK_INSTALL=1 -DCMAKE_INSTALL_PREFIX=/root/colcon_ws/install/dasc_robot_gui
[0.053s] -- The C compiler identification is GNU 9.4.0
[0.090s] -- The CXX compiler identification is GNU 9.4.0
[0.093s] -- Check for working C compiler: /usr/bin/cc
[0.143s] -- Check for working C compiler: /usr/bin/cc -- works
[0.143s] -- Detecting C compiler ABI info
[0.198s] -- Detecting C compiler ABI info - done
[0.204s] -- Detecting C compile features
[0.204s] -- Detecting C compile features - done
[0.206s] -- Check for working CXX compiler: /usr/bin/c++
[0.265s] -- Check for working CXX compiler: /usr/bin/c++ -- works
[0.265s] -- Detecting CXX compiler ABI info
[0.327s] -- Detecting CXX compiler ABI info - done
[0.334s] -- Detecting CXX compile features
[0.334s] -- Detecting CXX compile features - done
[0.336s] -- Found ament_cmake: 1.1.6 (/opt/ros/galactic/share/ament_cmake/cmake)
[0.354s] -- Found PythonInterp: /usr/bin/python3 (found suitable version "3.8.10", minimum required is "3") 
[0.354s] -- Using PYTHON_EXECUTABLE: /usr/bin/python3
[0.390s] -- Override CMake install command with custom implementation using symlinks instead of copying resources
[0.408s] -- Found geometry_msgs: 2.2.4 (/opt/ros/galactic/share/geometry_msgs/cmake)
[0.428s] -- Using all available rosidl_typesupport_c: rosidl_typesupport_fastrtps_c;rosidl_typesupport_introspection_c
[0.433s] -- Found rosidl_adapter: 2.2.3 (/opt/ros/galactic/share/rosidl_adapter/cmake)
[0.502s] -- Found OpenSSL: /usr/lib/x86_64-linux-gnu/libcrypto.so (found version "1.1.1f")  
[0.526s] -- Found FastRTPS: /opt/ros/galactic/include  
[0.584s] -- Using all available rosidl_typesupport_cpp: rosidl_typesupport_fastrtps_cpp;rosidl_typesupport_introspection_cpp
[0.637s] -- Found nav_msgs: 2.2.4 (/opt/ros/galactic/share/nav_msgs/cmake)
[0.684s] -- Found pluginlib: 5.0.1 (/opt/ros/galactic/share/pluginlib/cmake)
[0.723s] -- Found rclcpp: 9.2.2 (/opt/ros/galactic/share/rclcpp/cmake)
[0.755s] -- Found rmw_implementation_cmake: 3.3.1 (/opt/ros/galactic/share/rmw_implementation_cmake/cmake)
[0.756s] -- Found rmw_fastrtps_cpp: 5.0.2 (/opt/ros/galactic/share/rmw_fastrtps_cpp/cmake)
[0.842s] -- Using RMW implementation 'rmw_fastrtps_cpp' as default
[0.842s] -- Looking for pthread.h
[0.898s] -- Looking for pthread.h - found
[0.898s] -- Performing Test CMAKE_HAVE_LIBC_PTHREAD
[0.955s] -- Performing Test CMAKE_HAVE_LIBC_PTHREAD - Failed
[0.955s] -- Looking for pthread_create in pthreads
[1.005s] -- Looking for pthread_create in pthreads - not found
[1.005s] -- Looking for pthread_create in pthread
[1.064s] -- Looking for pthread_create in pthread - found
[1.065s] -- Found Threads: TRUE  
[1.153s] -- Found rviz_common: 8.5.2 (/opt/ros/galactic/share/rviz_common/cmake)
[1.159s] -- Setting OGRE_DIR to: '/opt/ros/galactic/share/rviz_ogre_vendor/cmake/../../../opt/rviz_ogre_vendor/lib/OGRE/cmake'
[1.161s] -- Found OGRE
[1.161s] --   static     : OFF
[1.162s] --   components : HLMS;MeshLodGenerator;Overlay;Paging;Property;RTShaderSystem;Terrain;Volume
[1.162s] --   plugins    : Plugin_BSPSceneManager;Plugin_OctreeSceneManager;Plugin_PCZSceneManager;Plugin_ParticleFX;RenderSystem_GL;RenderSystem_GL3Plus;Codec_STBI
[1.162s] --   media      : /opt/ros/galactic/opt/rviz_ogre_vendor/share/OGRE/Media
[1.162s] -- OGRE_LIBRARIES: OgreHLMS;OgreMeshLodGenerator;OgreOverlay;OgrePaging;OgreProperty;OgreRTShaderSystem;OgreTerrain;OgreVolume;OgreMain
[1.162s] -- OGRE_LIBRARY_DIRS: /opt/ros/galactic/opt/rviz_ogre_vendor/lib
[1.162s] -- OGRE_PLUGINS: Plugin_BSPSceneManager;Plugin_OctreeSceneManager;Plugin_PCZSceneManager;Plugin_ParticleFX;RenderSystem_GL;RenderSystem_GL3Plus;Codec_STBI
[1.162s] -- OGRE_PLUGIN_DIR: /opt/ros/galactic/opt/rviz_ogre_vendor/lib/OGRE
[1.162s] -- rviz_ogre_vendor::OgreOverlay for IMPORTED_LOCATION_RELEASE: /opt/ros/galactic/opt/rviz_ogre_vendor/lib/libOgreOverlay.so
[1.162s] -- rviz_ogre_vendor::OgreOverlay for IMPORTED_LOCATION_DEBUG: /opt/ros/galactic/opt/rviz_ogre_vendor/lib/libOgreOverlay.so
[1.162s] -- rviz_ogre_vendor::OgreMain for IMPORTED_LOCATION_RELEASE: /opt/ros/galactic/opt/rviz_ogre_vendor/lib/libOgreMain.so
[1.162s] -- rviz_ogre_vendor::OgreMain for IMPORTED_LOCATION_DEBUG: /opt/ros/galactic/opt/rviz_ogre_vendor/lib/libOgreMain.so
[1.162s] -- Could not find freeimage library
[1.173s] -- Found ZLIB: /usr/lib/x86_64-linux-gnu/libz.so (found version "1.2.11") 
[1.178s] -- Found OpenGL: /usr/lib/x86_64-linux-gnu/libOpenGL.so   
[1.255s] -- Found X11: /usr/include   
[1.255s] -- Looking for XOpenDisplay in /usr/lib/x86_64-linux-gnu/libX11.so;/usr/lib/x86_64-linux-gnu/libXext.so
[1.329s] -- Looking for XOpenDisplay in /usr/lib/x86_64-linux-gnu/libX11.so;/usr/lib/x86_64-linux-gnu/libXext.so - found
[1.329s] -- Looking for gethostbyname
[1.388s] -- Looking for gethostbyname - found
[1.389s] -- Looking for connect
[1.445s] -- Looking for connect - found
[1.445s] -- Looking for remove
[1.503s] -- Looking for remove - found
[1.503s] -- Looking for shmat
[1.556s] -- Looking for shmat - found
[1.556s] -- Looking for IceConnectionNumber in ICE
[1.609s] -- Looking for IceConnectionNumber in ICE - found
[1.611s] -- rviz_ogre_vendor::RenderSystem_GL for IMPORTED_LOCATION_RELEASE: _render_system_gl_static_library_abs-NOTFOUND
[1.611s] -- rviz_ogre_vendor::RenderSystem_GL for IMPORTED_LOCATION_DEBUG: _render_system_gl_static_library_abs-NOTFOUND
[1.616s] -- library: libassimp.so.5
[1.695s] -- library: /usr/lib/x86_64-linux-gnu/libcurl.so
[1.775s] -- Found Eigen3: TRUE (found version "3.3.7") 
[2.040s] -- Setting yaml-cpp_DIR to: '/opt/ros/galactic/share/yaml_cpp_vendor/cmake/../../../opt/yaml_cpp_vendor/lib/cmake/yaml-cpp'
[2.043s] -- Found px4_msgs: 2.0.1 (/root/colcon_ws/install/px4_msgs/share/px4_msgs/cmake)
[2.055s] -- Found ament_lint_auto: 0.10.7 (/opt/ros/galactic/share/ament_lint_auto/cmake)
[2.106s] -- Added test 'copyright' to check source files copyright and LICENSE
[2.107s] -- Added test 'cppcheck' to perform static code analysis on C / C++ code
[2.107s] -- Configured cppcheck include dirs: 
[2.108s] -- Configured cppcheck exclude dirs and/or files: 
[2.108s] -- Added test 'cpplint' to check C / C++ code against the Google style
[2.108s] -- Configured cpplint exclude dirs and/or files: 
[2.108s] -- Added test 'lint_cmake' to check CMake code style
[2.109s] -- Added test 'uncrustify' to check C / C++ code style
[2.109s] -- Configured uncrustify additional arguments: 
[2.110s] -- Added test 'xmllint' to check XML markup files
[2.113s] -- Configuring done
[2.137s] -- Generating done
[2.138s] -- Build files have been written to: /root/colcon_ws/build/dasc_robot_gui
[2.144s] Invoked command in '/root/colcon_ws/build/dasc_robot_gui' returned '0': AMENT_PREFIX_PATH=/root/colcon_ws/install/px4_msgs:${AMENT_PREFIX_PATH} CMAKE_PREFIX_PATH=/root/colcon_ws/install/px4_msgs:/opt/ros/galactic LD_LIBRARY_PATH=/root/colcon_ws/install/px4_msgs/lib:${LD_LIBRARY_PATH} PYTHONPATH=/root/colcon_ws/install/px4_msgs/lib/python3.8/site-packages:${PYTHONPATH} /usr/bin/cmake /root/colcon_ws/src/dasc_robot_gui -DAMENT_CMAKE_SYMLINK_INSTALL=1 -DCMAKE_INSTALL_PREFIX=/root/colcon_ws/install/dasc_robot_gui
[2.147s] Invoking command in '/root/colcon_ws/build/dasc_robot_gui': AMENT_PREFIX_PATH=/root/colcon_ws/install/px4_msgs:${AMENT_PREFIX_PATH} CMAKE_PREFIX_PATH=/root/colcon_ws/install/px4_msgs:/opt/ros/galactic LD_LIBRARY_PATH=/root/colcon_ws/install/px4_msgs/lib:${LD_LIBRARY_PATH} PYTHONPATH=/root/colcon_ws/install/px4_msgs/lib/python3.8/site-packages:${PYTHONPATH} /usr/bin/cmake --build /root/colcon_ws/build/dasc_robot_gui -- -j20 -l20
[2.183s] [35m[1mScanning dependencies of target dasc_robot_gui_autogen[0m
[2.193s] [ 20%] [34m[1mAutomatic MOC for target dasc_robot_gui[0m
[2.434s] [ 20%] Built target dasc_robot_gui_autogen
[2.444s] [35m[1mScanning dependencies of target dasc_robot_gui[0m
[2.509s] [ 40%] [32mBuilding CXX object CMakeFiles/dasc_robot_gui.dir/src/eware_panel.cpp.o[0m
[2.509s] [ 60%] [32mBuilding CXX object CMakeFiles/dasc_robot_gui.dir/src/teleop_panel.cpp.o[0m
[2.511s] [ 80%] [32mBuilding CXX object CMakeFiles/dasc_robot_gui.dir/dasc_robot_gui_autogen/mocs_compilation.cpp.o[0m
[14.232s] [100%] [32m[1mLinking CXX shared library libdasc_robot_gui.so[0m
[15.251s] [100%] Built target dasc_robot_gui
[15.262s] Invoked command in '/root/colcon_ws/build/dasc_robot_gui' returned '0': AMENT_PREFIX_PATH=/root/colcon_ws/install/px4_msgs:${AMENT_PREFIX_PATH} CMAKE_PREFIX_PATH=/root/colcon_ws/install/px4_msgs:/opt/ros/galactic LD_LIBRARY_PATH=/root/colcon_ws/install/px4_msgs/lib:${LD_LIBRARY_PATH} PYTHONPATH=/root/colcon_ws/install/px4_msgs/lib/python3.8/site-packages:${PYTHONPATH} /usr/bin/cmake --build /root/colcon_ws/build/dasc_robot_gui -- -j20 -l20
[15.288s] Invoking command in '/root/colcon_ws/build/dasc_robot_gui': AMENT_PREFIX_PATH=/root/colcon_ws/install/px4_msgs:${AMENT_PREFIX_PATH} CMAKE_PREFIX_PATH=/root/colcon_ws/install/px4_msgs:/opt/ros/galactic LD_LIBRARY_PATH=/root/colcon_ws/install/px4_msgs/lib:${LD_LIBRARY_PATH} PYTHONPATH=/root/colcon_ws/install/px4_msgs/lib/python3.8/site-packages:${PYTHONPATH} /usr/bin/cmake --install /root/colcon_ws/build/dasc_robot_gui
[15.294s] -- Install configuration: ""
[15.294s] -- Execute custom install script
[15.295s] -- Symlinking: /root/colcon_ws/install/dasc_robot_gui/share/dasc_robot_gui//plugin_description.xml
[15.302s] -- Symlinking: /root/colcon_ws/install/dasc_robot_gui/lib/dasc_robot_gui/libdasc_robot_gui.so
[15.309s] -- Symlinking: /root/colcon_ws/install/dasc_robot_gui/share/dasc_robot_gui/icons/classes/Teleop.png
[15.318s] -- Symlinking: /root/colcon_ws/install/dasc_robot_gui/share/ament_index/resource_index/package_run_dependencies/dasc_robot_gui
[15.323s] -- Symlinking: /root/colcon_ws/install/dasc_robot_gui/share/ament_index/resource_index/parent_prefix_path/dasc_robot_gui
[15.329s] -- Symlinking: /root/colcon_ws/install/dasc_robot_gui/share/dasc_robot_gui/environment/ament_prefix_path.sh
[15.336s] -- Symlinking: /root/colcon_ws/install/dasc_robot_gui/share/dasc_robot_gui/environment/ament_prefix_path.dsv
[15.343s] -- Symlinking: /root/colcon_ws/install/dasc_robot_gui/share/dasc_robot_gui/environment/path.sh
[15.348s] -- Symlinking: /root/colcon_ws/install/dasc_robot_gui/share/dasc_robot_gui/environment/path.dsv
[15.353s] -- Symlinking: /root/colcon_ws/install/dasc_robot_gui/share/dasc_robot_gui/local_setup.bash
[15.362s] -- Symlinking: /root/colcon_ws/install/dasc_robot_gui/share/dasc_robot_gui/local_setup.sh
[15.369s] -- Symlinking: /root/colcon_ws/install/dasc_robot_gui/share/dasc_robot_gui/local_setup.zsh
[15.374s] -- Symlinking: /root/colcon_ws/install/dasc_robot_gui/share/dasc_robot_gui/local_setup.dsv
[15.383s] -- Symlinking: /root/colcon_ws/install/dasc_robot_gui/share/dasc_robot_gui/package.dsv
[15.390s] -- Symlinking: /root/colcon_ws/install/dasc_robot_gui/share/ament_index/resource_index/packages/dasc_robot_gui
[15.397s] -- Symlinking: /root/colcon_ws/install/dasc_robot_gui/share/ament_index/resource_index/rviz_common__pluginlib__plugin/dasc_robot_gui
[15.403s] -- Symlinking: /root/colcon_ws/install/dasc_robot_gui/share/dasc_robot_gui/cmake/ament_cmake_export_dependencies-extras.cmake
[15.409s] -- Symlinking: /root/colcon_ws/install/dasc_robot_gui/share/dasc_robot_gui/cmake/dasc_robot_guiConfig.cmake
[15.414s] -- Symlinking: /root/colcon_ws/install/dasc_robot_gui/share/dasc_robot_gui/cmake/dasc_robot_guiConfig-version.cmake
[15.420s] -- Symlinking: /root/colcon_ws/install/dasc_robot_gui/share/dasc_robot_gui/package.xml
[15.428s] Invoked command in '/root/colcon_ws/build/dasc_robot_gui' returned '0': AMENT_PREFIX_PATH=/root/colcon_ws/install/px4_msgs:${AMENT_PREFIX_PATH} CMAKE_PREFIX_PATH=/root/colcon_ws/install/px4_msgs:/opt/ros/galactic LD_LIBRARY_PATH=/root/colcon_ws/install/px4_msgs/lib:${LD_LIBRARY_PATH} PYTHONPATH=/root/colcon_ws/install/px4_msgs/lib/python3.8/site-packages:${PYTHONPATH} /usr/bin/cmake --install /root/colcon_ws/build/dasc_robot_gui
