-- The C compiler identification is GNU 9.4.0
-- The CXX compiler identification is GNU 9.4.0
-- Check for working C compiler: /usr/bin/cc
-- Check for working C compiler: /usr/bin/cc -- works
-- Detecting C compiler ABI info
-- Detecting C compiler ABI info - done
-- Detecting C compile features
-- Detecting C compile features - done
-- Check for working CXX compiler: /usr/bin/c++
-- Check for working CXX compiler: /usr/bin/c++ -- works
-- Detecting CXX compiler ABI info
-- Detecting CXX compiler ABI info - done
-- Detecting CXX compile features
-- Detecting CXX compile features - done
-- Found ament_cmake: 1.1.6 (/opt/ros/galactic/share/ament_cmake/cmake)
-- Found PythonInterp: /usr/bin/python3 (found suitable version "3.8.10", minimum required is "3") 
-- Using PYTHON_EXECUTABLE: /usr/bin/python3
-- Override CMake install command with custom implementation using symlinks instead of copying resources
-- Found rclcpp: 9.2.2 (/opt/ros/galactic/share/rclcpp/cmake)
-- Using all available rosidl_typesupport_c: rosidl_typesupport_fastrtps_c;rosidl_typesupport_introspection_c
-- Found rosidl_adapter: 2.2.3 (/opt/ros/galactic/share/rosidl_adapter/cmake)
-- Found OpenSSL: /usr/lib/x86_64-linux-gnu/libcrypto.so (found version "1.1.1f")  
-- Found FastRTPS: /opt/ros/galactic/include  
-- Using all available rosidl_typesupport_cpp: rosidl_typesupport_fastrtps_cpp;rosidl_typesupport_introspection_cpp
-- Found rmw_implementation_cmake: 3.3.1 (/opt/ros/galactic/share/rmw_implementation_cmake/cmake)
-- Found rmw_fastrtps_cpp: 5.0.2 (/opt/ros/galactic/share/rmw_fastrtps_cpp/cmake)
-- Using RMW implementation 'rmw_fastrtps_cpp' as default
-- Looking for pthread.h
-- Looking for pthread.h - found
-- Performing Test CMAKE_HAVE_LIBC_PTHREAD
-- Performing Test CMAKE_HAVE_LIBC_PTHREAD - Failed
-- Looking for pthread_create in pthreads
-- Looking for pthread_create in pthreads - not found
-- Looking for pthread_create in pthread
-- Looking for pthread_create in pthread - found
-- Found Threads: TRUE  
-- Found rclpy: 1.9.3 (/opt/ros/galactic/share/rclpy/cmake)
-- Found geometry_msgs: 2.2.4 (/opt/ros/galactic/share/geometry_msgs/cmake)
-- Found dasc_msgs: 0.0.0 (/root/colcon_ws/install/dasc_msgs/share/dasc_msgs/cmake)
-- Found px4_msgs: 2.0.1 (/root/colcon_ws/install/px4_msgs/share/px4_msgs/cmake)
-- Found message_filters: 3.2.6 (/opt/ros/galactic/share/message_filters/cmake)
-- Found tf2_geometry_msgs: 0.17.5 (/opt/ros/galactic/share/tf2_geometry_msgs/cmake)
-- Found eigen3_cmake_module: 0.1.1 (/opt/ros/galactic/share/eigen3_cmake_module/cmake)
-- Found Eigen3: TRUE (found version "3.3.7") 
-- Configuring done
-- Generating done
-- Build files have been written to: /root/colcon_ws/build/dasc_ros_utils
[35m[1mScanning dependencies of target ament_cmake_python_symlink_dasc_ros_utils[0m
[35m[1mScanning dependencies of target setpointPublisher[0m
[  0%] Built target ament_cmake_python_symlink_dasc_ros_utils
[35m[1mScanning dependencies of target ament_cmake_python_build_dasc_ros_utils_egg[0m
[ 50%] [32mBuilding CXX object CMakeFiles/setpointPublisher.dir/src/setpoint_publisher.cpp.o[0m
running egg_info
creating dasc_ros_utils.egg-info
writing dasc_ros_utils.egg-info/PKG-INFO
writing dependency_links to dasc_ros_utils.egg-info/dependency_links.txt
writing top-level names to dasc_ros_utils.egg-info/top_level.txt
writing manifest file 'dasc_ros_utils.egg-info/SOURCES.txt'
reading manifest file 'dasc_ros_utils.egg-info/SOURCES.txt'
writing manifest file 'dasc_ros_utils.egg-info/SOURCES.txt'
[ 50%] Built target ament_cmake_python_build_dasc_ros_utils_egg
[100%] [32m[1mLinking CXX executable setpointPublisher[0m
[100%] Built target setpointPublisher
-- Install configuration: ""
-- Execute custom install script
-- Symlinking: /root/colcon_ws/install/dasc_ros_utils/lib/dasc_ros_utils/setpointPublisher
-- Symlinking: /root/colcon_ws/install/dasc_ros_utils/share/dasc_ros_utils/environment/pythonpath.sh
-- Symlinking: /root/colcon_ws/install/dasc_ros_utils/share/dasc_ros_utils/environment/pythonpath.dsv
-- Symlinking: /root/colcon_ws/install/dasc_ros_utils/lib/python3.8/site-packages//dasc_ros_utils.egg-info/PKG-INFO
-- Symlinking: /root/colcon_ws/install/dasc_ros_utils/lib/python3.8/site-packages//dasc_ros_utils.egg-info/SOURCES.txt
-- Symlinking: /root/colcon_ws/install/dasc_ros_utils/lib/python3.8/site-packages//dasc_ros_utils.egg-info/dependency_links.txt
-- Symlinking: /root/colcon_ws/install/dasc_ros_utils/lib/python3.8/site-packages//dasc_ros_utils.egg-info/top_level.txt
-- Symlinking: /root/colcon_ws/install/dasc_ros_utils/lib/python3.8/site-packages/dasc_ros_utils/__init__.py
-- Symlinking: /root/colcon_ws/install/dasc_ros_utils/lib/dasc_ros_utils/publish_lab_poly.py
-- Symlinking: /root/colcon_ws/install/dasc_ros_utils/share/ament_index/resource_index/package_run_dependencies/dasc_ros_utils
-- Symlinking: /root/colcon_ws/install/dasc_ros_utils/share/ament_index/resource_index/parent_prefix_path/dasc_ros_utils
-- Symlinking: /root/colcon_ws/install/dasc_ros_utils/share/dasc_ros_utils/environment/ament_prefix_path.sh
-- Symlinking: /root/colcon_ws/install/dasc_ros_utils/share/dasc_ros_utils/environment/ament_prefix_path.dsv
-- Symlinking: /root/colcon_ws/install/dasc_ros_utils/share/dasc_ros_utils/environment/path.sh
-- Symlinking: /root/colcon_ws/install/dasc_ros_utils/share/dasc_ros_utils/environment/path.dsv
-- Symlinking: /root/colcon_ws/install/dasc_ros_utils/share/dasc_ros_utils/local_setup.bash
-- Symlinking: /root/colcon_ws/install/dasc_ros_utils/share/dasc_ros_utils/local_setup.sh
-- Symlinking: /root/colcon_ws/install/dasc_ros_utils/share/dasc_ros_utils/local_setup.zsh
-- Symlinking: /root/colcon_ws/install/dasc_ros_utils/share/dasc_ros_utils/local_setup.dsv
-- Symlinking: /root/colcon_ws/install/dasc_ros_utils/share/dasc_ros_utils/package.dsv
-- Symlinking: /root/colcon_ws/install/dasc_ros_utils/share/ament_index/resource_index/packages/dasc_ros_utils
-- Symlinking: /root/colcon_ws/install/dasc_ros_utils/share/dasc_ros_utils/cmake/dasc_ros_utilsConfig.cmake
-- Symlinking: /root/colcon_ws/install/dasc_ros_utils/share/dasc_ros_utils/cmake/dasc_ros_utilsConfig-version.cmake
-- Symlinking: /root/colcon_ws/install/dasc_ros_utils/share/dasc_ros_utils/package.xml
Listing '/root/colcon_ws/install/dasc_ros_utils/lib/python3.8/site-packages/dasc_ros_utils'...
Compiling '/root/colcon_ws/install/dasc_ros_utils/lib/python3.8/site-packages/dasc_ros_utils/__init__.py'...
