[0.012s] Invoking command in '/root/colcon_ws/build/dasc_ros_utils': AMENT_PREFIX_PATH=/root/colcon_ws/install/px4_msgs:/root/colcon_ws/install/dasc_msgs:${AMENT_PREFIX_PATH} CMAKE_PREFIX_PATH=/root/colcon_ws/install/px4_msgs:/root/colcon_ws/install/dasc_msgs:/opt/ros/galactic LD_LIBRARY_PATH=/root/colcon_ws/install/px4_msgs/lib:/root/colcon_ws/install/dasc_msgs/lib:${LD_LIBRARY_PATH} PYTHONPATH=/root/colcon_ws/install/px4_msgs/lib/python3.8/site-packages:/root/colcon_ws/install/dasc_msgs/lib/python3.8/site-packages:${PYTHONPATH} /usr/bin/cmake /root/colcon_ws/src/dasc_ros_common/dasc_ros_utils -DAMENT_CMAKE_SYMLINK_INSTALL=1 -DCMAKE_INSTALL_PREFIX=/root/colcon_ws/install/dasc_ros_utils
[0.049s] -- The C compiler identification is GNU 9.4.0
[0.085s] -- The CXX compiler identification is GNU 9.4.0
[0.088s] -- Check for working C compiler: /usr/bin/cc
[0.140s] -- Check for working C compiler: /usr/bin/cc -- works
[0.140s] -- Detecting C compiler ABI info
[0.195s] -- Detecting C compiler ABI info - done
[0.201s] -- Detecting C compile features
[0.201s] -- Detecting C compile features - done
[0.203s] -- Check for working CXX compiler: /usr/bin/c++
[0.262s] -- Check for working CXX compiler: /usr/bin/c++ -- works
[0.263s] -- Detecting CXX compiler ABI info
[0.324s] -- Detecting CXX compiler ABI info - done
[0.331s] -- Detecting CXX compile features
[0.331s] -- Detecting CXX compile features - done
[0.333s] -- Found ament_cmake: 1.1.6 (/opt/ros/galactic/share/ament_cmake/cmake)
[0.351s] -- Found PythonInterp: /usr/bin/python3 (found suitable version "3.8.10", minimum required is "3") 
[0.351s] -- Using PYTHON_EXECUTABLE: /usr/bin/python3
[0.386s] -- Override CMake install command with custom implementation using symlinks instead of copying resources
[0.408s] -- Found rclcpp: 9.2.2 (/opt/ros/galactic/share/rclcpp/cmake)
[0.445s] -- Using all available rosidl_typesupport_c: rosidl_typesupport_fastrtps_c;rosidl_typesupport_introspection_c
[0.449s] -- Found rosidl_adapter: 2.2.3 (/opt/ros/galactic/share/rosidl_adapter/cmake)
[0.519s] -- Found OpenSSL: /usr/lib/x86_64-linux-gnu/libcrypto.so (found version "1.1.1f")  
[0.541s] -- Found FastRTPS: /opt/ros/galactic/include  
[0.593s] -- Using all available rosidl_typesupport_cpp: rosidl_typesupport_fastrtps_cpp;rosidl_typesupport_introspection_cpp
[0.640s] -- Found rmw_implementation_cmake: 3.3.1 (/opt/ros/galactic/share/rmw_implementation_cmake/cmake)
[0.643s] -- Found rmw_fastrtps_cpp: 5.0.2 (/opt/ros/galactic/share/rmw_fastrtps_cpp/cmake)
[0.728s] -- Using RMW implementation 'rmw_fastrtps_cpp' as default
[0.729s] -- Looking for pthread.h
[0.790s] -- Looking for pthread.h - found
[0.791s] -- Performing Test CMAKE_HAVE_LIBC_PTHREAD
[0.858s] -- Performing Test CMAKE_HAVE_LIBC_PTHREAD - Failed
[0.858s] -- Looking for pthread_create in pthreads
[0.906s] -- Looking for pthread_create in pthreads - not found
[0.906s] -- Looking for pthread_create in pthread
[0.960s] -- Looking for pthread_create in pthread - found
[0.960s] -- Found Threads: TRUE  
[1.063s] -- Found rclpy: 1.9.3 (/opt/ros/galactic/share/rclpy/cmake)
[1.064s] -- Found geometry_msgs: 2.2.4 (/opt/ros/galactic/share/geometry_msgs/cmake)
[1.085s] -- Found dasc_msgs: 0.0.0 (/root/colcon_ws/install/dasc_msgs/share/dasc_msgs/cmake)
[1.121s] -- Found px4_msgs: 2.0.1 (/root/colcon_ws/install/px4_msgs/share/px4_msgs/cmake)
[1.132s] -- Found message_filters: 3.2.6 (/opt/ros/galactic/share/message_filters/cmake)
[1.139s] -- Found tf2_geometry_msgs: 0.17.5 (/opt/ros/galactic/share/tf2_geometry_msgs/cmake)
[1.146s] -- Found eigen3_cmake_module: 0.1.1 (/opt/ros/galactic/share/eigen3_cmake_module/cmake)
[1.149s] -- Found Eigen3: TRUE (found version "3.3.7") 
[1.494s] -- Configuring done
[1.502s] -- Generating done
[1.503s] -- Build files have been written to: /root/colcon_ws/build/dasc_ros_utils
[1.509s] Invoked command in '/root/colcon_ws/build/dasc_ros_utils' returned '0': AMENT_PREFIX_PATH=/root/colcon_ws/install/px4_msgs:/root/colcon_ws/install/dasc_msgs:${AMENT_PREFIX_PATH} CMAKE_PREFIX_PATH=/root/colcon_ws/install/px4_msgs:/root/colcon_ws/install/dasc_msgs:/opt/ros/galactic LD_LIBRARY_PATH=/root/colcon_ws/install/px4_msgs/lib:/root/colcon_ws/install/dasc_msgs/lib:${LD_LIBRARY_PATH} PYTHONPATH=/root/colcon_ws/install/px4_msgs/lib/python3.8/site-packages:/root/colcon_ws/install/dasc_msgs/lib/python3.8/site-packages:${PYTHONPATH} /usr/bin/cmake /root/colcon_ws/src/dasc_ros_common/dasc_ros_utils -DAMENT_CMAKE_SYMLINK_INSTALL=1 -DCMAKE_INSTALL_PREFIX=/root/colcon_ws/install/dasc_ros_utils
[1.510s] Invoking command in '/root/colcon_ws/build/dasc_ros_utils': AMENT_PREFIX_PATH=/root/colcon_ws/install/px4_msgs:/root/colcon_ws/install/dasc_msgs:${AMENT_PREFIX_PATH} CMAKE_PREFIX_PATH=/root/colcon_ws/install/px4_msgs:/root/colcon_ws/install/dasc_msgs:/opt/ros/galactic LD_LIBRARY_PATH=/root/colcon_ws/install/px4_msgs/lib:/root/colcon_ws/install/dasc_msgs/lib:${LD_LIBRARY_PATH} PYTHONPATH=/root/colcon_ws/install/px4_msgs/lib/python3.8/site-packages:/root/colcon_ws/install/dasc_msgs/lib/python3.8/site-packages:${PYTHONPATH} /usr/bin/cmake --build /root/colcon_ws/build/dasc_ros_utils -- -j20 -l20
[1.551s] [35m[1mScanning dependencies of target ament_cmake_python_symlink_dasc_ros_utils[0m
[1.551s] [35m[1mScanning dependencies of target setpointPublisher[0m
[1.570s] [  0%] Built target ament_cmake_python_symlink_dasc_ros_utils
[1.579s] [35m[1mScanning dependencies of target ament_cmake_python_build_dasc_ros_utils_egg[0m
[1.665s] [ 50%] [32mBuilding CXX object CMakeFiles/setpointPublisher.dir/src/setpoint_publisher.cpp.o[0m
[1.695s] running egg_info
[1.695s] creating dasc_ros_utils.egg-info
[1.695s] writing dasc_ros_utils.egg-info/PKG-INFO
[1.695s] writing dependency_links to dasc_ros_utils.egg-info/dependency_links.txt
[1.696s] writing top-level names to dasc_ros_utils.egg-info/top_level.txt
[1.697s] writing manifest file 'dasc_ros_utils.egg-info/SOURCES.txt'
[1.719s] reading manifest file 'dasc_ros_utils.egg-info/SOURCES.txt'
[1.719s] writing manifest file 'dasc_ros_utils.egg-info/SOURCES.txt'
[1.735s] [ 50%] Built target ament_cmake_python_build_dasc_ros_utils_egg
[6.941s] [100%] [32m[1mLinking CXX executable setpointPublisher[0m
[7.209s] [100%] Built target setpointPublisher
[7.217s] Invoked command in '/root/colcon_ws/build/dasc_ros_utils' returned '0': AMENT_PREFIX_PATH=/root/colcon_ws/install/px4_msgs:/root/colcon_ws/install/dasc_msgs:${AMENT_PREFIX_PATH} CMAKE_PREFIX_PATH=/root/colcon_ws/install/px4_msgs:/root/colcon_ws/install/dasc_msgs:/opt/ros/galactic LD_LIBRARY_PATH=/root/colcon_ws/install/px4_msgs/lib:/root/colcon_ws/install/dasc_msgs/lib:${LD_LIBRARY_PATH} PYTHONPATH=/root/colcon_ws/install/px4_msgs/lib/python3.8/site-packages:/root/colcon_ws/install/dasc_msgs/lib/python3.8/site-packages:${PYTHONPATH} /usr/bin/cmake --build /root/colcon_ws/build/dasc_ros_utils -- -j20 -l20
[7.241s] Invoking command in '/root/colcon_ws/build/dasc_ros_utils': AMENT_PREFIX_PATH=/root/colcon_ws/install/px4_msgs:/root/colcon_ws/install/dasc_msgs:${AMENT_PREFIX_PATH} CMAKE_PREFIX_PATH=/root/colcon_ws/install/px4_msgs:/root/colcon_ws/install/dasc_msgs:/opt/ros/galactic LD_LIBRARY_PATH=/root/colcon_ws/install/px4_msgs/lib:/root/colcon_ws/install/dasc_msgs/lib:${LD_LIBRARY_PATH} PYTHONPATH=/root/colcon_ws/install/px4_msgs/lib/python3.8/site-packages:/root/colcon_ws/install/dasc_msgs/lib/python3.8/site-packages:${PYTHONPATH} /usr/bin/cmake --install /root/colcon_ws/build/dasc_ros_utils
[7.248s] -- Install configuration: ""
[7.248s] -- Execute custom install script
[7.249s] -- Symlinking: /root/colcon_ws/install/dasc_ros_utils/lib/dasc_ros_utils/setpointPublisher
[7.256s] -- Symlinking: /root/colcon_ws/install/dasc_ros_utils/share/dasc_ros_utils/environment/pythonpath.sh
[7.263s] -- Symlinking: /root/colcon_ws/install/dasc_ros_utils/share/dasc_ros_utils/environment/pythonpath.dsv
[7.270s] -- Symlinking: /root/colcon_ws/install/dasc_ros_utils/lib/python3.8/site-packages//dasc_ros_utils.egg-info/PKG-INFO
[7.279s] -- Symlinking: /root/colcon_ws/install/dasc_ros_utils/lib/python3.8/site-packages//dasc_ros_utils.egg-info/SOURCES.txt
[7.288s] -- Symlinking: /root/colcon_ws/install/dasc_ros_utils/lib/python3.8/site-packages//dasc_ros_utils.egg-info/dependency_links.txt
[7.294s] -- Symlinking: /root/colcon_ws/install/dasc_ros_utils/lib/python3.8/site-packages//dasc_ros_utils.egg-info/top_level.txt
[7.303s] -- Symlinking: /root/colcon_ws/install/dasc_ros_utils/lib/python3.8/site-packages/dasc_ros_utils/__init__.py
[7.310s] -- Symlinking: /root/colcon_ws/install/dasc_ros_utils/lib/dasc_ros_utils/publish_lab_poly.py
[7.320s] -- Symlinking: /root/colcon_ws/install/dasc_ros_utils/share/ament_index/resource_index/package_run_dependencies/dasc_ros_utils
[7.327s] -- Symlinking: /root/colcon_ws/install/dasc_ros_utils/share/ament_index/resource_index/parent_prefix_path/dasc_ros_utils
[7.333s] -- Symlinking: /root/colcon_ws/install/dasc_ros_utils/share/dasc_ros_utils/environment/ament_prefix_path.sh
[7.340s] -- Symlinking: /root/colcon_ws/install/dasc_ros_utils/share/dasc_ros_utils/environment/ament_prefix_path.dsv
[7.349s] -- Symlinking: /root/colcon_ws/install/dasc_ros_utils/share/dasc_ros_utils/environment/path.sh
[7.355s] -- Symlinking: /root/colcon_ws/install/dasc_ros_utils/share/dasc_ros_utils/environment/path.dsv
[7.361s] -- Symlinking: /root/colcon_ws/install/dasc_ros_utils/share/dasc_ros_utils/local_setup.bash
[7.370s] -- Symlinking: /root/colcon_ws/install/dasc_ros_utils/share/dasc_ros_utils/local_setup.sh
[7.377s] -- Symlinking: /root/colcon_ws/install/dasc_ros_utils/share/dasc_ros_utils/local_setup.zsh
[7.383s] -- Symlinking: /root/colcon_ws/install/dasc_ros_utils/share/dasc_ros_utils/local_setup.dsv
[7.392s] -- Symlinking: /root/colcon_ws/install/dasc_ros_utils/share/dasc_ros_utils/package.dsv
[7.398s] -- Symlinking: /root/colcon_ws/install/dasc_ros_utils/share/ament_index/resource_index/packages/dasc_ros_utils
[7.406s] -- Symlinking: /root/colcon_ws/install/dasc_ros_utils/share/dasc_ros_utils/cmake/dasc_ros_utilsConfig.cmake
[7.415s] -- Symlinking: /root/colcon_ws/install/dasc_ros_utils/share/dasc_ros_utils/cmake/dasc_ros_utilsConfig-version.cmake
[7.421s] -- Symlinking: /root/colcon_ws/install/dasc_ros_utils/share/dasc_ros_utils/package.xml
[7.451s] Listing '/root/colcon_ws/install/dasc_ros_utils/lib/python3.8/site-packages/dasc_ros_utils'...
[7.451s] Compiling '/root/colcon_ws/install/dasc_ros_utils/lib/python3.8/site-packages/dasc_ros_utils/__init__.py'...
[7.457s] Invoked command in '/root/colcon_ws/build/dasc_ros_utils' returned '0': AMENT_PREFIX_PATH=/root/colcon_ws/install/px4_msgs:/root/colcon_ws/install/dasc_msgs:${AMENT_PREFIX_PATH} CMAKE_PREFIX_PATH=/root/colcon_ws/install/px4_msgs:/root/colcon_ws/install/dasc_msgs:/opt/ros/galactic LD_LIBRARY_PATH=/root/colcon_ws/install/px4_msgs/lib:/root/colcon_ws/install/dasc_msgs/lib:${LD_LIBRARY_PATH} PYTHONPATH=/root/colcon_ws/install/px4_msgs/lib/python3.8/site-packages:/root/colcon_ws/install/dasc_msgs/lib/python3.8/site-packages:${PYTHONPATH} /usr/bin/cmake --install /root/colcon_ws/build/dasc_ros_utils
