[0.014s] Invoking command in '/root/colcon_ws/build/dasc_msgs': CMAKE_PREFIX_PATH=/opt/ros/galactic /usr/bin/cmake /root/colcon_ws/src/dasc_ros_common/dasc_msgs -DAMENT_CMAKE_SYMLINK_INSTALL=1 -DCMAKE_INSTALL_PREFIX=/root/colcon_ws/install/dasc_msgs
[0.112s] -- The C compiler identification is GNU 9.4.0
[0.167s] -- The CXX compiler identification is GNU 9.4.0
[0.172s] -- Check for working C compiler: /usr/bin/cc
[0.230s] -- Check for working C compiler: /usr/bin/cc -- works
[0.231s] -- Detecting C compiler ABI info
[0.287s] -- Detecting C compiler ABI info - done
[0.293s] -- Detecting C compile features
[0.294s] -- Detecting C compile features - done
[0.295s] -- Check for working CXX compiler: /usr/bin/c++
[0.352s] -- Check for working CXX compiler: /usr/bin/c++ -- works
[0.353s] -- Detecting CXX compiler ABI info
[0.414s] -- Detecting CXX compiler ABI info - done
[0.420s] -- Detecting CXX compile features
[0.420s] -- Detecting CXX compile features - done
[0.422s] -- Found ament_cmake: 1.1.6 (/opt/ros/galactic/share/ament_cmake/cmake)
[0.437s] -- Found PythonInterp: /usr/bin/python3 (found suitable version "3.8.10", minimum required is "3") 
[0.437s] -- Using PYTHON_EXECUTABLE: /usr/bin/python3
[0.477s] -- Override CMake install command with custom implementation using symlinks instead of copying resources
[0.497s] -- Found std_msgs: 2.2.4 (/opt/ros/galactic/share/std_msgs/cmake)
[0.517s] -- Using all available rosidl_typesupport_c: rosidl_typesupport_fastrtps_c;rosidl_typesupport_introspection_c
[0.523s] -- Found rosidl_adapter: 2.2.3 (/opt/ros/galactic/share/rosidl_adapter/cmake)
[0.610s] -- Found OpenSSL: /usr/lib/x86_64-linux-gnu/libcrypto.so (found version "1.1.1f")  
[0.635s] -- Found FastRTPS: /opt/ros/galactic/include  
[0.701s] -- Using all available rosidl_typesupport_cpp: rosidl_typesupport_fastrtps_cpp;rosidl_typesupport_introspection_cpp
[0.733s] -- Found geometry_msgs: 2.2.4 (/opt/ros/galactic/share/geometry_msgs/cmake)
[0.756s] -- Found rosidl_default_generators: 1.1.1 (/opt/ros/galactic/share/rosidl_default_generators/cmake)
[0.776s] -- Found PythonInterp: /usr/bin/python3 (found version "3.8.10") 
[0.887s] -- Found ament_cmake_ros: 0.9.2 (/opt/ros/galactic/share/ament_cmake_ros/cmake)
[1.045s] -- Using all available rosidl_typesupport_c: rosidl_typesupport_fastrtps_c;rosidl_typesupport_introspection_c
[1.109s] -- Using all available rosidl_typesupport_cpp: rosidl_typesupport_fastrtps_cpp;rosidl_typesupport_introspection_cpp
[1.130s] -- Found PythonInterp: /usr/bin/python3 (found suitable version "3.8.10", minimum required is "3.5") 
[1.131s] -- Found python_cmake_module: 0.8.1 (/opt/ros/galactic/share/python_cmake_module/cmake)
[1.148s] -- Found PythonLibs: /usr/lib/x86_64-linux-gnu/libpython3.8.so (found suitable version "3.8.10", minimum required is "3.5") 
[1.148s] -- Using PYTHON_EXECUTABLE: /usr/bin/python3
[1.148s] -- Using PYTHON_INCLUDE_DIRS: /usr/include/python3.8
[1.148s] -- Using PYTHON_LIBRARIES: /usr/lib/x86_64-linux-gnu/libpython3.8.so
[1.163s] -- Found PythonExtra: .so  
[1.214s] -- Found ament_lint_auto: 0.10.7 (/opt/ros/galactic/share/ament_lint_auto/cmake)
[1.228s] -- Added test 'lint_cmake' to check CMake code style
[1.228s] -- Added test 'xmllint' to check XML markup files
[1.233s] -- Configuring done
[1.268s] -- Generating done
[1.270s] -- Build files have been written to: /root/colcon_ws/build/dasc_msgs
[1.275s] Invoked command in '/root/colcon_ws/build/dasc_msgs' returned '0': CMAKE_PREFIX_PATH=/opt/ros/galactic /usr/bin/cmake /root/colcon_ws/src/dasc_ros_common/dasc_msgs -DAMENT_CMAKE_SYMLINK_INSTALL=1 -DCMAKE_INSTALL_PREFIX=/root/colcon_ws/install/dasc_msgs
[1.277s] Invoking command in '/root/colcon_ws/build/dasc_msgs': CMAKE_PREFIX_PATH=/opt/ros/galactic /usr/bin/cmake --build /root/colcon_ws/build/dasc_msgs -- -j20 -l20
[1.317s] [35m[1mScanning dependencies of target dasc_msgs__cpp[0m
[1.320s] [  3%] [34m[1mGenerating C code for ROS interfaces[0m
[1.329s] [  6%] [34m[1mGenerating C++ code for ROS interfaces[0m
[1.476s] [35m[1mScanning dependencies of target dasc_msgs__rosidl_generator_c[0m
[1.478s] [  6%] Built target dasc_msgs__cpp
[1.487s] [  9%] [34m[1mGenerating C++ type support for eProsima Fast-RTPS[0m
[1.490s] [ 12%] [34m[1mGenerating C++ type support dispatch for ROS interfaces[0m
[1.490s] [ 16%] [34m[1mGenerating C++ introspection for ROS interfaces[0m
[1.494s] [ 19%] [32mBuilding C object CMakeFiles/dasc_msgs__rosidl_generator_c.dir/rosidl_generator_c/dasc_msgs/msg/detail/di_trajectory__functions.c.o[0m
[1.539s] [ 22%] [32m[1mLinking C shared library libdasc_msgs__rosidl_generator_c.so[0m
[1.580s] [ 22%] Built target dasc_msgs__rosidl_generator_c
[1.590s] [ 25%] [34m[1mGenerating C type support dispatch for ROS interfaces[0m
[1.593s] [ 29%] [34m[1mGenerating C introspection for ROS interfaces[0m
[1.635s] [35m[1mScanning dependencies of target dasc_msgs__rosidl_typesupport_cpp[0m
[1.649s] [35m[1mScanning dependencies of target dasc_msgs__rosidl_typesupport_introspection_cpp[0m
[1.652s] [ 32%] [32mBuilding CXX object CMakeFiles/dasc_msgs__rosidl_typesupport_cpp.dir/rosidl_typesupport_cpp/dasc_msgs/msg/di_trajectory__type_support.cpp.o[0m
[1.666s] [ 35%] [32mBuilding CXX object CMakeFiles/dasc_msgs__rosidl_typesupport_introspection_cpp.dir/rosidl_typesupport_introspection_cpp/dasc_msgs/msg/detail/di_trajectory__type_support.cpp.o[0m
[1.674s] [35m[1mScanning dependencies of target dasc_msgs__rosidl_typesupport_fastrtps_cpp[0m
[1.692s] [ 38%] [32mBuilding CXX object CMakeFiles/dasc_msgs__rosidl_typesupport_fastrtps_cpp.dir/rosidl_typesupport_fastrtps_cpp/dasc_msgs/msg/detail/dds_fastrtps/di_trajectory__type_support.cpp.o[0m
[1.724s] [35m[1mScanning dependencies of target dasc_msgs__rosidl_typesupport_c[0m
[1.739s] [ 41%] [32mBuilding CXX object CMakeFiles/dasc_msgs__rosidl_typesupport_c.dir/rosidl_typesupport_c/dasc_msgs/msg/di_trajectory__type_support.cpp.o[0m
[1.744s] [35m[1mScanning dependencies of target dasc_msgs__rosidl_typesupport_introspection_c[0m
[1.758s] [ 45%] [32mBuilding C object CMakeFiles/dasc_msgs__rosidl_typesupport_introspection_c.dir/rosidl_typesupport_introspection_c/dasc_msgs/msg/detail/di_trajectory__type_support.c.o[0m
[1.768s] [ 48%] [32m[1mLinking CXX shared library libdasc_msgs__rosidl_typesupport_c.so[0m
[1.787s] [ 51%] [32m[1mLinking C shared library libdasc_msgs__rosidl_typesupport_introspection_c.so[0m
[1.799s] [ 51%] Built target dasc_msgs__rosidl_typesupport_c
[1.821s] [ 51%] Built target dasc_msgs__rosidl_typesupport_introspection_c
[1.905s] [ 54%] [32m[1mLinking CXX shared library libdasc_msgs__rosidl_typesupport_cpp.so[0m
[1.942s] [ 54%] Built target dasc_msgs__rosidl_typesupport_cpp
[1.987s] [ 58%] [32m[1mLinking CXX shared library libdasc_msgs__rosidl_typesupport_introspection_cpp.so[0m
[2.019s] [ 61%] [32m[1mLinking CXX shared library libdasc_msgs__rosidl_typesupport_fastrtps_cpp.so[0m
[2.054s] [ 61%] Built target dasc_msgs__rosidl_typesupport_introspection_cpp
[2.092s] [ 61%] Built target dasc_msgs__rosidl_typesupport_fastrtps_cpp
[2.103s] [ 64%] [34m[1mGenerating C type support for eProsima Fast-RTPS[0m
[2.247s] [35m[1mScanning dependencies of target dasc_msgs__rosidl_typesupport_fastrtps_c[0m
[2.264s] [ 67%] [32mBuilding CXX object CMakeFiles/dasc_msgs__rosidl_typesupport_fastrtps_c.dir/rosidl_typesupport_fastrtps_c/dasc_msgs/msg/detail/di_trajectory__type_support_c.cpp.o[0m
[2.460s] [ 70%] [32m[1mLinking CXX shared library libdasc_msgs__rosidl_typesupport_fastrtps_c.so[0m
[2.528s] [ 70%] Built target dasc_msgs__rosidl_typesupport_fastrtps_c
[2.540s] [35m[1mScanning dependencies of target dasc_msgs[0m
[2.551s] [ 70%] Built target dasc_msgs
[2.561s] [35m[1mScanning dependencies of target dasc_msgs__py[0m
[2.571s] [ 74%] [34m[1mGenerating Python code for ROS interfaces[0m
[2.908s] [ 74%] Built target dasc_msgs__py
[2.916s] [35m[1mScanning dependencies of target dasc_msgs__python[0m
[2.947s] [ 77%] [32mBuilding C object CMakeFiles/dasc_msgs__python.dir/rosidl_generator_py/dasc_msgs/msg/_di_trajectory_s.c.o[0m
[3.018s] [ 80%] [32m[1mLinking C shared library rosidl_generator_py/dasc_msgs/libdasc_msgs__python.so[0m
[3.056s] [ 80%] Built target dasc_msgs__python
[3.068s] [35m[1mScanning dependencies of target dasc_msgs__rosidl_typesupport_introspection_c__pyext[0m
[3.068s] [35m[1mScanning dependencies of target dasc_msgs__rosidl_typesupport_c__pyext[0m
[3.068s] [35m[1mScanning dependencies of target dasc_msgs__rosidl_typesupport_fastrtps_c__pyext[0m
[3.086s] [ 83%] [32mBuilding C object CMakeFiles/dasc_msgs__rosidl_typesupport_introspection_c__pyext.dir/rosidl_generator_py/dasc_msgs/_dasc_msgs_s.ep.rosidl_typesupport_introspection_c.c.o[0m
[3.086s] [ 87%] [32mBuilding C object CMakeFiles/dasc_msgs__rosidl_typesupport_fastrtps_c__pyext.dir/rosidl_generator_py/dasc_msgs/_dasc_msgs_s.ep.rosidl_typesupport_fastrtps_c.c.o[0m
[3.088s] [ 90%] [32mBuilding C object CMakeFiles/dasc_msgs__rosidl_typesupport_c__pyext.dir/rosidl_generator_py/dasc_msgs/_dasc_msgs_s.ep.rosidl_typesupport_c.c.o[0m
[3.141s] [ 93%] [32m[1mLinking C shared library rosidl_generator_py/dasc_msgs/dasc_msgs_s__rosidl_typesupport_c.cpython-38-x86_64-linux-gnu.so[0m
[3.142s] [ 96%] [32m[1mLinking C shared library rosidl_generator_py/dasc_msgs/dasc_msgs_s__rosidl_typesupport_introspection_c.cpython-38-x86_64-linux-gnu.so[0m
[3.147s] [100%] [32m[1mLinking CXX shared library rosidl_generator_py/dasc_msgs/dasc_msgs_s__rosidl_typesupport_fastrtps_c.cpython-38-x86_64-linux-gnu.so[0m
[3.185s] [100%] Built target dasc_msgs__rosidl_typesupport_c__pyext
[3.187s] [100%] Built target dasc_msgs__rosidl_typesupport_introspection_c__pyext
[3.211s] [100%] Built target dasc_msgs__rosidl_typesupport_fastrtps_c__pyext
[3.220s] Invoked command in '/root/colcon_ws/build/dasc_msgs' returned '0': CMAKE_PREFIX_PATH=/opt/ros/galactic /usr/bin/cmake --build /root/colcon_ws/build/dasc_msgs -- -j20 -l20
[3.290s] Invoking command in '/root/colcon_ws/build/dasc_msgs': CMAKE_PREFIX_PATH=/opt/ros/galactic /usr/bin/cmake --install /root/colcon_ws/build/dasc_msgs
[3.297s] -- Install configuration: ""
[3.297s] -- Execute custom install script
[3.298s] -- Symlinking: /root/colcon_ws/install/dasc_msgs/share/ament_index/resource_index/rosidl_interfaces/dasc_msgs
[3.305s] -- Symlinking: /root/colcon_ws/install/dasc_msgs/include/dasc_msgs/msg/detail/di_trajectory__functions.h
[3.317s] -- Symlinking: /root/colcon_ws/install/dasc_msgs/include/dasc_msgs/msg/detail/di_trajectory__struct.h
[3.332s] -- Symlinking: /root/colcon_ws/install/dasc_msgs/include/dasc_msgs/msg/detail/di_trajectory__type_support.h
[3.346s] -- Symlinking: /root/colcon_ws/install/dasc_msgs/include/dasc_msgs/msg/di_trajectory.h
[3.353s] -- Symlinking: /root/colcon_ws/install/dasc_msgs/include/dasc_msgs/msg/rosidl_generator_c__visibility_control.h
[3.365s] -- Symlinking: /root/colcon_ws/install/dasc_msgs/share/dasc_msgs/environment/library_path.sh
[3.378s] -- Symlinking: /root/colcon_ws/install/dasc_msgs/share/dasc_msgs/environment/library_path.dsv
[3.389s] -- Symlinking: /root/colcon_ws/install/dasc_msgs/include/dasc_msgs/msg/detail/di_trajectory__rosidl_typesupport_fastrtps_c.h
[3.400s] -- Symlinking: /root/colcon_ws/install/dasc_msgs/include/dasc_msgs/msg/rosidl_typesupport_fastrtps_c__visibility_control.h
[3.410s] -- Symlinking: /root/colcon_ws/install/dasc_msgs/lib/libdasc_msgs__rosidl_typesupport_fastrtps_c.so
[3.420s] -- Symlinking: /root/colcon_ws/install/dasc_msgs/include/dasc_msgs/msg/detail/di_trajectory__rosidl_typesupport_fastrtps_cpp.hpp
[3.430s] -- Symlinking: /root/colcon_ws/install/dasc_msgs/include/dasc_msgs/msg/rosidl_typesupport_fastrtps_cpp__visibility_control.h
[3.438s] -- Symlinking: /root/colcon_ws/install/dasc_msgs/lib/libdasc_msgs__rosidl_typesupport_fastrtps_cpp.so
[3.448s] -- Symlinking: /root/colcon_ws/install/dasc_msgs/include/dasc_msgs/msg/detail/di_trajectory__rosidl_typesupport_introspection_c.h
[3.455s] -- Symlinking: /root/colcon_ws/install/dasc_msgs/include/dasc_msgs/msg/rosidl_typesupport_introspection_c__visibility_control.h
[3.464s] -- Symlinking: /root/colcon_ws/install/dasc_msgs/include/dasc_msgs/msg/detail/di_trajectory__builder.hpp
[3.472s] -- Symlinking: /root/colcon_ws/install/dasc_msgs/include/dasc_msgs/msg/detail/di_trajectory__struct.hpp
[3.481s] -- Symlinking: /root/colcon_ws/install/dasc_msgs/include/dasc_msgs/msg/detail/di_trajectory__traits.hpp
[3.491s] -- Symlinking: /root/colcon_ws/install/dasc_msgs/include/dasc_msgs/msg/di_trajectory.hpp
[3.499s] -- Symlinking: /root/colcon_ws/install/dasc_msgs/include/dasc_msgs/msg/detail/di_trajectory__rosidl_typesupport_introspection_cpp.hpp
[3.510s] -- Symlinking: /root/colcon_ws/install/dasc_msgs/share/dasc_msgs/environment/pythonpath.sh
[3.519s] -- Symlinking: /root/colcon_ws/install/dasc_msgs/share/dasc_msgs/environment/pythonpath.dsv
[3.530s] -- Symlinking: /root/colcon_ws/install/dasc_msgs/lib/python3.8/site-packages/dasc_msgs/__init__.py
[3.540s] -- Symlinking: /root/colcon_ws/install/dasc_msgs/lib/python3.8/site-packages/dasc_msgs/msg/__init__.py
[3.551s] -- Symlinking: /root/colcon_ws/install/dasc_msgs/lib/python3.8/site-packages/dasc_msgs/msg/_di_trajectory.py
[3.562s] -- Symlinking: /root/colcon_ws/install/dasc_msgs/lib/python3.8/site-packages/dasc_msgs/dasc_msgs_s__rosidl_typesupport_fastrtps_c.cpython-38-x86_64-linux-gnu.so
[3.573s] -- Symlinking: /root/colcon_ws/install/dasc_msgs/lib/python3.8/site-packages/dasc_msgs/dasc_msgs_s__rosidl_typesupport_introspection_c.cpython-38-x86_64-linux-gnu.so
[3.580s] -- Symlinking: /root/colcon_ws/install/dasc_msgs/lib/python3.8/site-packages/dasc_msgs/dasc_msgs_s__rosidl_typesupport_c.cpython-38-x86_64-linux-gnu.so
[3.591s] -- Symlinking: /root/colcon_ws/install/dasc_msgs/lib/libdasc_msgs__python.so
[3.602s] -- Symlinking: /root/colcon_ws/install/dasc_msgs/share/dasc_msgs/msg/DITrajectory.idl
[3.609s] -- Symlinking: /root/colcon_ws/install/dasc_msgs/share/dasc_msgs/msg/DITrajectory.msg
[3.617s] -- Symlinking: /root/colcon_ws/install/dasc_msgs/share/ament_index/resource_index/package_run_dependencies/dasc_msgs
[3.624s] -- Symlinking: /root/colcon_ws/install/dasc_msgs/share/ament_index/resource_index/parent_prefix_path/dasc_msgs
[3.634s] -- Symlinking: /root/colcon_ws/install/dasc_msgs/share/dasc_msgs/environment/ament_prefix_path.sh
[3.645s] -- Symlinking: /root/colcon_ws/install/dasc_msgs/share/dasc_msgs/environment/ament_prefix_path.dsv
[3.656s] -- Symlinking: /root/colcon_ws/install/dasc_msgs/share/dasc_msgs/environment/path.sh
[3.667s] -- Symlinking: /root/colcon_ws/install/dasc_msgs/share/dasc_msgs/environment/path.dsv
[3.678s] -- Symlinking: /root/colcon_ws/install/dasc_msgs/share/dasc_msgs/local_setup.bash
[3.689s] -- Symlinking: /root/colcon_ws/install/dasc_msgs/share/dasc_msgs/local_setup.sh
[3.700s] -- Symlinking: /root/colcon_ws/install/dasc_msgs/share/dasc_msgs/local_setup.zsh
[3.711s] -- Symlinking: /root/colcon_ws/install/dasc_msgs/share/dasc_msgs/local_setup.dsv
[3.720s] -- Symlinking: /root/colcon_ws/install/dasc_msgs/share/dasc_msgs/package.dsv
[3.727s] -- Symlinking: /root/colcon_ws/install/dasc_msgs/share/ament_index/resource_index/packages/dasc_msgs
[3.737s] -- Symlinking: /root/colcon_ws/install/dasc_msgs/share/dasc_msgs/cmake/rosidl_cmake-extras.cmake
[3.747s] -- Symlinking: /root/colcon_ws/install/dasc_msgs/share/dasc_msgs/cmake/ament_cmake_export_dependencies-extras.cmake
[3.757s] -- Symlinking: /root/colcon_ws/install/dasc_msgs/share/dasc_msgs/cmake/ament_cmake_export_libraries-extras.cmake
[3.766s] -- Symlinking: /root/colcon_ws/install/dasc_msgs/share/dasc_msgs/cmake/ament_cmake_export_targets-extras.cmake
[3.776s] -- Symlinking: /root/colcon_ws/install/dasc_msgs/share/dasc_msgs/cmake/ament_cmake_export_include_directories-extras.cmake
[3.786s] -- Symlinking: /root/colcon_ws/install/dasc_msgs/share/dasc_msgs/cmake/rosidl_cmake_export_typesupport_libraries-extras.cmake
[3.793s] -- Symlinking: /root/colcon_ws/install/dasc_msgs/share/dasc_msgs/cmake/rosidl_cmake_export_typesupport_targets-extras.cmake
[3.801s] -- Symlinking: /root/colcon_ws/install/dasc_msgs/share/dasc_msgs/cmake/dasc_msgsConfig.cmake
[3.812s] -- Symlinking: /root/colcon_ws/install/dasc_msgs/share/dasc_msgs/cmake/dasc_msgsConfig-version.cmake
[3.821s] -- Symlinking: /root/colcon_ws/install/dasc_msgs/share/dasc_msgs/package.xml
[3.832s] -- Installing: /root/colcon_ws/install/dasc_msgs/lib/libdasc_msgs__rosidl_generator_c.so
[3.832s] -- Set runtime path of "/root/colcon_ws/install/dasc_msgs/lib/libdasc_msgs__rosidl_generator_c.so" to ""
[3.832s] -- Installing: /root/colcon_ws/install/dasc_msgs/lib/libdasc_msgs__rosidl_typesupport_introspection_c.so
[3.832s] -- Set runtime path of "/root/colcon_ws/install/dasc_msgs/lib/libdasc_msgs__rosidl_typesupport_introspection_c.so" to ""
[3.832s] -- Installing: /root/colcon_ws/install/dasc_msgs/lib/libdasc_msgs__rosidl_typesupport_c.so
[3.833s] -- Set runtime path of "/root/colcon_ws/install/dasc_msgs/lib/libdasc_msgs__rosidl_typesupport_c.so" to ""
[3.833s] -- Installing: /root/colcon_ws/install/dasc_msgs/lib/libdasc_msgs__rosidl_typesupport_introspection_cpp.so
[3.833s] -- Set runtime path of "/root/colcon_ws/install/dasc_msgs/lib/libdasc_msgs__rosidl_typesupport_introspection_cpp.so" to ""
[3.833s] -- Installing: /root/colcon_ws/install/dasc_msgs/lib/libdasc_msgs__rosidl_typesupport_cpp.so
[3.834s] -- Set runtime path of "/root/colcon_ws/install/dasc_msgs/lib/libdasc_msgs__rosidl_typesupport_cpp.so" to ""
[3.857s] Compiling '/root/colcon_ws/install/dasc_msgs/lib/python3.8/site-packages/dasc_msgs/__init__.py'...
[3.860s] -- Installing: /root/colcon_ws/install/dasc_msgs/share/dasc_msgs/cmake/dasc_msgs__rosidl_generator_cExport.cmake
[3.860s] -- Installing: /root/colcon_ws/install/dasc_msgs/share/dasc_msgs/cmake/dasc_msgs__rosidl_generator_cExport-noconfig.cmake
[3.860s] -- Installing: /root/colcon_ws/install/dasc_msgs/share/dasc_msgs/cmake/dasc_msgs__rosidl_typesupport_introspection_cExport.cmake
[3.860s] -- Installing: /root/colcon_ws/install/dasc_msgs/share/dasc_msgs/cmake/dasc_msgs__rosidl_typesupport_introspection_cExport-noconfig.cmake
[3.860s] -- Installing: /root/colcon_ws/install/dasc_msgs/share/dasc_msgs/cmake/dasc_msgs__rosidl_typesupport_cExport.cmake
[3.861s] -- Installing: /root/colcon_ws/install/dasc_msgs/share/dasc_msgs/cmake/dasc_msgs__rosidl_typesupport_cExport-noconfig.cmake
[3.861s] -- Installing: /root/colcon_ws/install/dasc_msgs/share/dasc_msgs/cmake/dasc_msgs__rosidl_generator_cppExport.cmake
[3.861s] -- Installing: /root/colcon_ws/install/dasc_msgs/share/dasc_msgs/cmake/dasc_msgs__rosidl_typesupport_introspection_cppExport.cmake
[3.861s] -- Installing: /root/colcon_ws/install/dasc_msgs/share/dasc_msgs/cmake/dasc_msgs__rosidl_typesupport_introspection_cppExport-noconfig.cmake
[3.861s] -- Installing: /root/colcon_ws/install/dasc_msgs/share/dasc_msgs/cmake/dasc_msgs__rosidl_typesupport_cppExport.cmake
[3.861s] -- Installing: /root/colcon_ws/install/dasc_msgs/share/dasc_msgs/cmake/dasc_msgs__rosidl_typesupport_cppExport-noconfig.cmake
[3.866s] Invoked command in '/root/colcon_ws/build/dasc_msgs' returned '0': CMAKE_PREFIX_PATH=/opt/ros/galactic /usr/bin/cmake --install /root/colcon_ws/build/dasc_msgs
