Performing C SOURCE FILE Test CMAKE_HAVE_LIBC_PTHREAD failed with the following output:
Change Dir: /root/colcon_ws/build/dasc_robot_gui/CMakeFiles/CMakeTmp

Run Build Command(s):/usr/bin/make cmTC_cd424/fast && /usr/bin/make -f CMakeFiles/cmTC_cd424.dir/build.make CMakeFiles/cmTC_cd424.dir/build
make[1]: Entering directory '/root/colcon_ws/build/dasc_robot_gui/CMakeFiles/CMakeTmp'
Building C object CMakeFiles/cmTC_cd424.dir/src.c.o
/usr/bin/cc   -DCMAKE_HAVE_LIBC_PTHREAD   -o CMakeFiles/cmTC_cd424.dir/src.c.o   -c /root/colcon_ws/build/dasc_robot_gui/CMakeFiles/CMakeTmp/src.c
Linking C executable cmTC_cd424
/usr/bin/cmake -E cmake_link_script CMakeFiles/cmTC_cd424.dir/link.txt --verbose=1
/usr/bin/cc  -DCMAKE_HAVE_LIBC_PTHREAD    CMakeFiles/cmTC_cd424.dir/src.c.o  -o cmTC_cd424 
/usr/bin/ld: CMakeFiles/cmTC_cd424.dir/src.c.o: in function `main':
src.c:(.text+0x46): undefined reference to `pthread_create'
/usr/bin/ld: src.c:(.text+0x52): undefined reference to `pthread_detach'
/usr/bin/ld: src.c:(.text+0x63): undefined reference to `pthread_join'
collect2: error: ld returned 1 exit status
make[1]: *** [CMakeFiles/cmTC_cd424.dir/build.make:87: cmTC_cd424] Error 1
make[1]: Leaving directory '/root/colcon_ws/build/dasc_robot_gui/CMakeFiles/CMakeTmp'
make: *** [Makefile:121: cmTC_cd424/fast] Error 2


Source file was:
#include <pthread.h>

void* test_func(void* data)
{
  return data;
}

int main(void)
{
  pthread_t thread;
  pthread_create(&thread, NULL, test_func, NULL);
  pthread_detach(thread);
  pthread_join(thread, NULL);
  pthread_atfork(NULL, NULL, NULL);
  pthread_exit(NULL);

  return 0;
}

Determining if the function pthread_create exists in the pthreads failed with the following output:
Change Dir: /root/colcon_ws/build/dasc_robot_gui/CMakeFiles/CMakeTmp

Run Build Command(s):/usr/bin/make cmTC_24754/fast && /usr/bin/make -f CMakeFiles/cmTC_24754.dir/build.make CMakeFiles/cmTC_24754.dir/build
make[1]: Entering directory '/root/colcon_ws/build/dasc_robot_gui/CMakeFiles/CMakeTmp'
Building C object CMakeFiles/cmTC_24754.dir/CheckFunctionExists.c.o
/usr/bin/cc   -DCHECK_FUNCTION_EXISTS=pthread_create   -o CMakeFiles/cmTC_24754.dir/CheckFunctionExists.c.o   -c /usr/share/cmake-3.16/Modules/CheckFunctionExists.c
Linking C executable cmTC_24754
/usr/bin/cmake -E cmake_link_script CMakeFiles/cmTC_24754.dir/link.txt --verbose=1
/usr/bin/cc  -DCHECK_FUNCTION_EXISTS=pthread_create    CMakeFiles/cmTC_24754.dir/CheckFunctionExists.c.o  -o cmTC_24754  -lpthreads 
/usr/bin/ld: cannot find -lpthreads
collect2: error: ld returned 1 exit status
make[1]: *** [CMakeFiles/cmTC_24754.dir/build.make:87: cmTC_24754] Error 1
make[1]: Leaving directory '/root/colcon_ws/build/dasc_robot_gui/CMakeFiles/CMakeTmp'
make: *** [Makefile:121: cmTC_24754/fast] Error 2



Performing C SOURCE FILE Test CMAKE_HAVE_LIBC_PTHREAD failed with the following output:
Change Dir: /root/colcon_ws/build/dasc_robot_gui/CMakeFiles/CMakeTmp

Run Build Command(s):/usr/bin/make cmTC_4af57/fast && /usr/bin/make -f CMakeFiles/cmTC_4af57.dir/build.make CMakeFiles/cmTC_4af57.dir/build
make[1]: Entering directory '/root/colcon_ws/build/dasc_robot_gui/CMakeFiles/CMakeTmp'
Building C object CMakeFiles/cmTC_4af57.dir/src.c.o
/usr/bin/cc   -DCMAKE_HAVE_LIBC_PTHREAD   -o CMakeFiles/cmTC_4af57.dir/src.c.o   -c /root/colcon_ws/build/dasc_robot_gui/CMakeFiles/CMakeTmp/src.c
Linking C executable cmTC_4af57
/usr/bin/cmake -E cmake_link_script CMakeFiles/cmTC_4af57.dir/link.txt --verbose=1
/usr/bin/cc  -DCMAKE_HAVE_LIBC_PTHREAD    CMakeFiles/cmTC_4af57.dir/src.c.o  -o cmTC_4af57 
/usr/bin/ld: CMakeFiles/cmTC_4af57.dir/src.c.o: in function `main':
src.c:(.text+0x46): undefined reference to `pthread_create'
/usr/bin/ld: src.c:(.text+0x52): undefined reference to `pthread_detach'
/usr/bin/ld: src.c:(.text+0x63): undefined reference to `pthread_join'
collect2: error: ld returned 1 exit status
make[1]: *** [CMakeFiles/cmTC_4af57.dir/build.make:87: cmTC_4af57] Error 1
make[1]: Leaving directory '/root/colcon_ws/build/dasc_robot_gui/CMakeFiles/CMakeTmp'
make: *** [Makefile:121: cmTC_4af57/fast] Error 2


Source file was:
#include <pthread.h>

void* test_func(void* data)
{
  return data;
}

int main(void)
{
  pthread_t thread;
  pthread_create(&thread, NULL, test_func, NULL);
  pthread_detach(thread);
  pthread_join(thread, NULL);
  pthread_atfork(NULL, NULL, NULL);
  pthread_exit(NULL);

  return 0;
}

Determining if the function pthread_create exists in the pthreads failed with the following output:
Change Dir: /root/colcon_ws/build/dasc_robot_gui/CMakeFiles/CMakeTmp

Run Build Command(s):/usr/bin/make cmTC_3fba7/fast && /usr/bin/make -f CMakeFiles/cmTC_3fba7.dir/build.make CMakeFiles/cmTC_3fba7.dir/build
make[1]: Entering directory '/root/colcon_ws/build/dasc_robot_gui/CMakeFiles/CMakeTmp'
Building C object CMakeFiles/cmTC_3fba7.dir/CheckFunctionExists.c.o
/usr/bin/cc   -DCHECK_FUNCTION_EXISTS=pthread_create   -o CMakeFiles/cmTC_3fba7.dir/CheckFunctionExists.c.o   -c /usr/share/cmake-3.16/Modules/CheckFunctionExists.c
Linking C executable cmTC_3fba7
/usr/bin/cmake -E cmake_link_script CMakeFiles/cmTC_3fba7.dir/link.txt --verbose=1
/usr/bin/cc  -DCHECK_FUNCTION_EXISTS=pthread_create    CMakeFiles/cmTC_3fba7.dir/CheckFunctionExists.c.o  -o cmTC_3fba7  -lpthreads 
/usr/bin/ld: cannot find -lpthreads
collect2: error: ld returned 1 exit status
make[1]: *** [CMakeFiles/cmTC_3fba7.dir/build.make:87: cmTC_3fba7] Error 1
make[1]: Leaving directory '/root/colcon_ws/build/dasc_robot_gui/CMakeFiles/CMakeTmp'
make: *** [Makefile:121: cmTC_3fba7/fast] Error 2



Performing C SOURCE FILE Test CMAKE_HAVE_LIBC_PTHREAD failed with the following output:
Change Dir: /root/colcon_ws/build/dasc_robot_gui/CMakeFiles/CMakeTmp

Run Build Command(s):/usr/bin/make cmTC_fe97d/fast && /usr/bin/make -f CMakeFiles/cmTC_fe97d.dir/build.make CMakeFiles/cmTC_fe97d.dir/build
make[1]: Entering directory '/root/colcon_ws/build/dasc_robot_gui/CMakeFiles/CMakeTmp'
Building C object CMakeFiles/cmTC_fe97d.dir/src.c.o
/usr/bin/cc   -DCMAKE_HAVE_LIBC_PTHREAD   -o CMakeFiles/cmTC_fe97d.dir/src.c.o   -c /root/colcon_ws/build/dasc_robot_gui/CMakeFiles/CMakeTmp/src.c
Linking C executable cmTC_fe97d
/usr/bin/cmake -E cmake_link_script CMakeFiles/cmTC_fe97d.dir/link.txt --verbose=1
/usr/bin/cc  -DCMAKE_HAVE_LIBC_PTHREAD    CMakeFiles/cmTC_fe97d.dir/src.c.o  -o cmTC_fe97d 
/usr/bin/ld: CMakeFiles/cmTC_fe97d.dir/src.c.o: in function `main':
src.c:(.text+0x46): undefined reference to `pthread_create'
/usr/bin/ld: src.c:(.text+0x52): undefined reference to `pthread_detach'
/usr/bin/ld: src.c:(.text+0x63): undefined reference to `pthread_join'
collect2: error: ld returned 1 exit status
make[1]: *** [CMakeFiles/cmTC_fe97d.dir/build.make:87: cmTC_fe97d] Error 1
make[1]: Leaving directory '/root/colcon_ws/build/dasc_robot_gui/CMakeFiles/CMakeTmp'
make: *** [Makefile:121: cmTC_fe97d/fast] Error 2


Source file was:
#include <pthread.h>

void* test_func(void* data)
{
  return data;
}

int main(void)
{
  pthread_t thread;
  pthread_create(&thread, NULL, test_func, NULL);
  pthread_detach(thread);
  pthread_join(thread, NULL);
  pthread_atfork(NULL, NULL, NULL);
  pthread_exit(NULL);

  return 0;
}

Determining if the function pthread_create exists in the pthreads failed with the following output:
Change Dir: /root/colcon_ws/build/dasc_robot_gui/CMakeFiles/CMakeTmp

Run Build Command(s):/usr/bin/make cmTC_975f9/fast && /usr/bin/make -f CMakeFiles/cmTC_975f9.dir/build.make CMakeFiles/cmTC_975f9.dir/build
make[1]: Entering directory '/root/colcon_ws/build/dasc_robot_gui/CMakeFiles/CMakeTmp'
Building C object CMakeFiles/cmTC_975f9.dir/CheckFunctionExists.c.o
/usr/bin/cc   -DCHECK_FUNCTION_EXISTS=pthread_create   -o CMakeFiles/cmTC_975f9.dir/CheckFunctionExists.c.o   -c /usr/share/cmake-3.16/Modules/CheckFunctionExists.c
Linking C executable cmTC_975f9
/usr/bin/cmake -E cmake_link_script CMakeFiles/cmTC_975f9.dir/link.txt --verbose=1
/usr/bin/cc  -DCHECK_FUNCTION_EXISTS=pthread_create    CMakeFiles/cmTC_975f9.dir/CheckFunctionExists.c.o  -o cmTC_975f9  -lpthreads 
/usr/bin/ld: cannot find -lpthreads
collect2: error: ld returned 1 exit status
make[1]: *** [CMakeFiles/cmTC_975f9.dir/build.make:87: cmTC_975f9] Error 1
make[1]: Leaving directory '/root/colcon_ws/build/dasc_robot_gui/CMakeFiles/CMakeTmp'
make: *** [Makefile:121: cmTC_975f9/fast] Error 2



Performing C SOURCE FILE Test CMAKE_HAVE_LIBC_PTHREAD failed with the following output:
Change Dir: /root/colcon_ws/build/dasc_robot_gui/CMakeFiles/CMakeTmp

Run Build Command(s):/usr/bin/make cmTC_c30a7/fast && /usr/bin/make -f CMakeFiles/cmTC_c30a7.dir/build.make CMakeFiles/cmTC_c30a7.dir/build
make[1]: Entering directory '/root/colcon_ws/build/dasc_robot_gui/CMakeFiles/CMakeTmp'
Building C object CMakeFiles/cmTC_c30a7.dir/src.c.o
/usr/bin/cc   -DCMAKE_HAVE_LIBC_PTHREAD   -o CMakeFiles/cmTC_c30a7.dir/src.c.o   -c /root/colcon_ws/build/dasc_robot_gui/CMakeFiles/CMakeTmp/src.c
Linking C executable cmTC_c30a7
/usr/bin/cmake -E cmake_link_script CMakeFiles/cmTC_c30a7.dir/link.txt --verbose=1
/usr/bin/cc  -DCMAKE_HAVE_LIBC_PTHREAD    CMakeFiles/cmTC_c30a7.dir/src.c.o  -o cmTC_c30a7 
/usr/bin/ld: CMakeFiles/cmTC_c30a7.dir/src.c.o: in function `main':
src.c:(.text+0x46): undefined reference to `pthread_create'
/usr/bin/ld: src.c:(.text+0x52): undefined reference to `pthread_detach'
/usr/bin/ld: src.c:(.text+0x63): undefined reference to `pthread_join'
collect2: error: ld returned 1 exit status
make[1]: *** [CMakeFiles/cmTC_c30a7.dir/build.make:87: cmTC_c30a7] Error 1
make[1]: Leaving directory '/root/colcon_ws/build/dasc_robot_gui/CMakeFiles/CMakeTmp'
make: *** [Makefile:121: cmTC_c30a7/fast] Error 2


Source file was:
#include <pthread.h>

void* test_func(void* data)
{
  return data;
}

int main(void)
{
  pthread_t thread;
  pthread_create(&thread, NULL, test_func, NULL);
  pthread_detach(thread);
  pthread_join(thread, NULL);
  pthread_atfork(NULL, NULL, NULL);
  pthread_exit(NULL);

  return 0;
}

Determining if the function pthread_create exists in the pthreads failed with the following output:
Change Dir: /root/colcon_ws/build/dasc_robot_gui/CMakeFiles/CMakeTmp

Run Build Command(s):/usr/bin/make cmTC_0b509/fast && /usr/bin/make -f CMakeFiles/cmTC_0b509.dir/build.make CMakeFiles/cmTC_0b509.dir/build
make[1]: Entering directory '/root/colcon_ws/build/dasc_robot_gui/CMakeFiles/CMakeTmp'
Building C object CMakeFiles/cmTC_0b509.dir/CheckFunctionExists.c.o
/usr/bin/cc   -DCHECK_FUNCTION_EXISTS=pthread_create   -o CMakeFiles/cmTC_0b509.dir/CheckFunctionExists.c.o   -c /usr/share/cmake-3.16/Modules/CheckFunctionExists.c
Linking C executable cmTC_0b509
/usr/bin/cmake -E cmake_link_script CMakeFiles/cmTC_0b509.dir/link.txt --verbose=1
/usr/bin/cc  -DCHECK_FUNCTION_EXISTS=pthread_create    CMakeFiles/cmTC_0b509.dir/CheckFunctionExists.c.o  -o cmTC_0b509  -lpthreads 
/usr/bin/ld: cannot find -lpthreads
collect2: error: ld returned 1 exit status
make[1]: *** [CMakeFiles/cmTC_0b509.dir/build.make:87: cmTC_0b509] Error 1
make[1]: Leaving directory '/root/colcon_ws/build/dasc_robot_gui/CMakeFiles/CMakeTmp'
make: *** [Makefile:121: cmTC_0b509/fast] Error 2



Performing C SOURCE FILE Test CMAKE_HAVE_LIBC_PTHREAD failed with the following output:
Change Dir: /root/colcon_ws/build/dasc_robot_gui/CMakeFiles/CMakeTmp

Run Build Command(s):/usr/bin/make cmTC_72092/fast && /usr/bin/make -f CMakeFiles/cmTC_72092.dir/build.make CMakeFiles/cmTC_72092.dir/build
make[1]: Entering directory '/root/colcon_ws/build/dasc_robot_gui/CMakeFiles/CMakeTmp'
Building C object CMakeFiles/cmTC_72092.dir/src.c.o
/usr/bin/cc   -DCMAKE_HAVE_LIBC_PTHREAD   -o CMakeFiles/cmTC_72092.dir/src.c.o   -c /root/colcon_ws/build/dasc_robot_gui/CMakeFiles/CMakeTmp/src.c
Linking C executable cmTC_72092
/usr/bin/cmake -E cmake_link_script CMakeFiles/cmTC_72092.dir/link.txt --verbose=1
/usr/bin/cc  -DCMAKE_HAVE_LIBC_PTHREAD    CMakeFiles/cmTC_72092.dir/src.c.o  -o cmTC_72092 
/usr/bin/ld: CMakeFiles/cmTC_72092.dir/src.c.o: in function `main':
src.c:(.text+0x46): undefined reference to `pthread_create'
/usr/bin/ld: src.c:(.text+0x52): undefined reference to `pthread_detach'
/usr/bin/ld: src.c:(.text+0x63): undefined reference to `pthread_join'
collect2: error: ld returned 1 exit status
make[1]: *** [CMakeFiles/cmTC_72092.dir/build.make:87: cmTC_72092] Error 1
make[1]: Leaving directory '/root/colcon_ws/build/dasc_robot_gui/CMakeFiles/CMakeTmp'
make: *** [Makefile:121: cmTC_72092/fast] Error 2


Source file was:
#include <pthread.h>

void* test_func(void* data)
{
  return data;
}

int main(void)
{
  pthread_t thread;
  pthread_create(&thread, NULL, test_func, NULL);
  pthread_detach(thread);
  pthread_join(thread, NULL);
  pthread_atfork(NULL, NULL, NULL);
  pthread_exit(NULL);

  return 0;
}

Determining if the function pthread_create exists in the pthreads failed with the following output:
Change Dir: /root/colcon_ws/build/dasc_robot_gui/CMakeFiles/CMakeTmp

Run Build Command(s):/usr/bin/make cmTC_e38eb/fast && /usr/bin/make -f CMakeFiles/cmTC_e38eb.dir/build.make CMakeFiles/cmTC_e38eb.dir/build
make[1]: Entering directory '/root/colcon_ws/build/dasc_robot_gui/CMakeFiles/CMakeTmp'
Building C object CMakeFiles/cmTC_e38eb.dir/CheckFunctionExists.c.o
/usr/bin/cc   -DCHECK_FUNCTION_EXISTS=pthread_create   -o CMakeFiles/cmTC_e38eb.dir/CheckFunctionExists.c.o   -c /usr/share/cmake-3.16/Modules/CheckFunctionExists.c
Linking C executable cmTC_e38eb
/usr/bin/cmake -E cmake_link_script CMakeFiles/cmTC_e38eb.dir/link.txt --verbose=1
/usr/bin/cc  -DCHECK_FUNCTION_EXISTS=pthread_create    CMakeFiles/cmTC_e38eb.dir/CheckFunctionExists.c.o  -o cmTC_e38eb  -lpthreads 
/usr/bin/ld: cannot find -lpthreads
collect2: error: ld returned 1 exit status
make[1]: *** [CMakeFiles/cmTC_e38eb.dir/build.make:87: cmTC_e38eb] Error 1
make[1]: Leaving directory '/root/colcon_ws/build/dasc_robot_gui/CMakeFiles/CMakeTmp'
make: *** [Makefile:121: cmTC_e38eb/fast] Error 2



Performing C SOURCE FILE Test CMAKE_HAVE_LIBC_PTHREAD failed with the following output:
Change Dir: /root/colcon_ws/build/dasc_robot_gui/CMakeFiles/CMakeTmp

Run Build Command(s):/usr/bin/make cmTC_0b16c/fast && /usr/bin/make -f CMakeFiles/cmTC_0b16c.dir/build.make CMakeFiles/cmTC_0b16c.dir/build
make[1]: Entering directory '/root/colcon_ws/build/dasc_robot_gui/CMakeFiles/CMakeTmp'
Building C object CMakeFiles/cmTC_0b16c.dir/src.c.o
/usr/bin/cc   -DCMAKE_HAVE_LIBC_PTHREAD   -o CMakeFiles/cmTC_0b16c.dir/src.c.o   -c /root/colcon_ws/build/dasc_robot_gui/CMakeFiles/CMakeTmp/src.c
Linking C executable cmTC_0b16c
/usr/bin/cmake -E cmake_link_script CMakeFiles/cmTC_0b16c.dir/link.txt --verbose=1
/usr/bin/cc  -DCMAKE_HAVE_LIBC_PTHREAD    CMakeFiles/cmTC_0b16c.dir/src.c.o  -o cmTC_0b16c 
/usr/bin/ld: CMakeFiles/cmTC_0b16c.dir/src.c.o: in function `main':
src.c:(.text+0x46): undefined reference to `pthread_create'
/usr/bin/ld: src.c:(.text+0x52): undefined reference to `pthread_detach'
/usr/bin/ld: src.c:(.text+0x63): undefined reference to `pthread_join'
collect2: error: ld returned 1 exit status
make[1]: *** [CMakeFiles/cmTC_0b16c.dir/build.make:87: cmTC_0b16c] Error 1
make[1]: Leaving directory '/root/colcon_ws/build/dasc_robot_gui/CMakeFiles/CMakeTmp'
make: *** [Makefile:121: cmTC_0b16c/fast] Error 2


Source file was:
#include <pthread.h>

void* test_func(void* data)
{
  return data;
}

int main(void)
{
  pthread_t thread;
  pthread_create(&thread, NULL, test_func, NULL);
  pthread_detach(thread);
  pthread_join(thread, NULL);
  pthread_atfork(NULL, NULL, NULL);
  pthread_exit(NULL);

  return 0;
}

Determining if the function pthread_create exists in the pthreads failed with the following output:
Change Dir: /root/colcon_ws/build/dasc_robot_gui/CMakeFiles/CMakeTmp

Run Build Command(s):/usr/bin/make cmTC_11e60/fast && /usr/bin/make -f CMakeFiles/cmTC_11e60.dir/build.make CMakeFiles/cmTC_11e60.dir/build
make[1]: Entering directory '/root/colcon_ws/build/dasc_robot_gui/CMakeFiles/CMakeTmp'
Building C object CMakeFiles/cmTC_11e60.dir/CheckFunctionExists.c.o
/usr/bin/cc   -DCHECK_FUNCTION_EXISTS=pthread_create   -o CMakeFiles/cmTC_11e60.dir/CheckFunctionExists.c.o   -c /usr/share/cmake-3.16/Modules/CheckFunctionExists.c
Linking C executable cmTC_11e60
/usr/bin/cmake -E cmake_link_script CMakeFiles/cmTC_11e60.dir/link.txt --verbose=1
/usr/bin/cc  -DCHECK_FUNCTION_EXISTS=pthread_create    CMakeFiles/cmTC_11e60.dir/CheckFunctionExists.c.o  -o cmTC_11e60  -lpthreads 
/usr/bin/ld: cannot find -lpthreads
collect2: error: ld returned 1 exit status
make[1]: *** [CMakeFiles/cmTC_11e60.dir/build.make:87: cmTC_11e60] Error 1
make[1]: Leaving directory '/root/colcon_ws/build/dasc_robot_gui/CMakeFiles/CMakeTmp'
make: *** [Makefile:121: cmTC_11e60/fast] Error 2



Performing C SOURCE FILE Test CMAKE_HAVE_LIBC_PTHREAD failed with the following output:
Change Dir: /root/colcon_ws/build/dasc_robot_gui/CMakeFiles/CMakeTmp

Run Build Command(s):/usr/bin/make cmTC_1ac45/fast && /usr/bin/make -f CMakeFiles/cmTC_1ac45.dir/build.make CMakeFiles/cmTC_1ac45.dir/build
make[1]: Entering directory '/root/colcon_ws/build/dasc_robot_gui/CMakeFiles/CMakeTmp'
Building C object CMakeFiles/cmTC_1ac45.dir/src.c.o
/usr/bin/cc   -DCMAKE_HAVE_LIBC_PTHREAD   -o CMakeFiles/cmTC_1ac45.dir/src.c.o   -c /root/colcon_ws/build/dasc_robot_gui/CMakeFiles/CMakeTmp/src.c
Linking C executable cmTC_1ac45
/usr/bin/cmake -E cmake_link_script CMakeFiles/cmTC_1ac45.dir/link.txt --verbose=1
/usr/bin/cc  -DCMAKE_HAVE_LIBC_PTHREAD    CMakeFiles/cmTC_1ac45.dir/src.c.o  -o cmTC_1ac45 
/usr/bin/ld: CMakeFiles/cmTC_1ac45.dir/src.c.o: in function `main':
src.c:(.text+0x46): undefined reference to `pthread_create'
/usr/bin/ld: src.c:(.text+0x52): undefined reference to `pthread_detach'
/usr/bin/ld: src.c:(.text+0x63): undefined reference to `pthread_join'
collect2: error: ld returned 1 exit status
make[1]: *** [CMakeFiles/cmTC_1ac45.dir/build.make:87: cmTC_1ac45] Error 1
make[1]: Leaving directory '/root/colcon_ws/build/dasc_robot_gui/CMakeFiles/CMakeTmp'
make: *** [Makefile:121: cmTC_1ac45/fast] Error 2


Source file was:
#include <pthread.h>

void* test_func(void* data)
{
  return data;
}

int main(void)
{
  pthread_t thread;
  pthread_create(&thread, NULL, test_func, NULL);
  pthread_detach(thread);
  pthread_join(thread, NULL);
  pthread_atfork(NULL, NULL, NULL);
  pthread_exit(NULL);

  return 0;
}

Determining if the function pthread_create exists in the pthreads failed with the following output:
Change Dir: /root/colcon_ws/build/dasc_robot_gui/CMakeFiles/CMakeTmp

Run Build Command(s):/usr/bin/make cmTC_d21b6/fast && /usr/bin/make -f CMakeFiles/cmTC_d21b6.dir/build.make CMakeFiles/cmTC_d21b6.dir/build
make[1]: Entering directory '/root/colcon_ws/build/dasc_robot_gui/CMakeFiles/CMakeTmp'
Building C object CMakeFiles/cmTC_d21b6.dir/CheckFunctionExists.c.o
/usr/bin/cc   -DCHECK_FUNCTION_EXISTS=pthread_create   -o CMakeFiles/cmTC_d21b6.dir/CheckFunctionExists.c.o   -c /usr/share/cmake-3.16/Modules/CheckFunctionExists.c
Linking C executable cmTC_d21b6
/usr/bin/cmake -E cmake_link_script CMakeFiles/cmTC_d21b6.dir/link.txt --verbose=1
/usr/bin/cc  -DCHECK_FUNCTION_EXISTS=pthread_create    CMakeFiles/cmTC_d21b6.dir/CheckFunctionExists.c.o  -o cmTC_d21b6  -lpthreads 
/usr/bin/ld: cannot find -lpthreads
collect2: error: ld returned 1 exit status
make[1]: *** [CMakeFiles/cmTC_d21b6.dir/build.make:87: cmTC_d21b6] Error 1
make[1]: Leaving directory '/root/colcon_ws/build/dasc_robot_gui/CMakeFiles/CMakeTmp'
make: *** [Makefile:121: cmTC_d21b6/fast] Error 2



Performing C SOURCE FILE Test CMAKE_HAVE_LIBC_PTHREAD failed with the following output:
Change Dir: /root/colcon_ws/build/dasc_robot_gui/CMakeFiles/CMakeTmp

Run Build Command(s):/usr/bin/make cmTC_0e283/fast && /usr/bin/make -f CMakeFiles/cmTC_0e283.dir/build.make CMakeFiles/cmTC_0e283.dir/build
make[1]: Entering directory '/root/colcon_ws/build/dasc_robot_gui/CMakeFiles/CMakeTmp'
Building C object CMakeFiles/cmTC_0e283.dir/src.c.o
/usr/bin/cc   -DCMAKE_HAVE_LIBC_PTHREAD   -o CMakeFiles/cmTC_0e283.dir/src.c.o   -c /root/colcon_ws/build/dasc_robot_gui/CMakeFiles/CMakeTmp/src.c
Linking C executable cmTC_0e283
/usr/bin/cmake -E cmake_link_script CMakeFiles/cmTC_0e283.dir/link.txt --verbose=1
/usr/bin/cc  -DCMAKE_HAVE_LIBC_PTHREAD    CMakeFiles/cmTC_0e283.dir/src.c.o  -o cmTC_0e283 
/usr/bin/ld: CMakeFiles/cmTC_0e283.dir/src.c.o: in function `main':
src.c:(.text+0x46): undefined reference to `pthread_create'
/usr/bin/ld: src.c:(.text+0x52): undefined reference to `pthread_detach'
/usr/bin/ld: src.c:(.text+0x63): undefined reference to `pthread_join'
collect2: error: ld returned 1 exit status
make[1]: *** [CMakeFiles/cmTC_0e283.dir/build.make:87: cmTC_0e283] Error 1
make[1]: Leaving directory '/root/colcon_ws/build/dasc_robot_gui/CMakeFiles/CMakeTmp'
make: *** [Makefile:121: cmTC_0e283/fast] Error 2


Source file was:
#include <pthread.h>

void* test_func(void* data)
{
  return data;
}

int main(void)
{
  pthread_t thread;
  pthread_create(&thread, NULL, test_func, NULL);
  pthread_detach(thread);
  pthread_join(thread, NULL);
  pthread_atfork(NULL, NULL, NULL);
  pthread_exit(NULL);

  return 0;
}

Determining if the function pthread_create exists in the pthreads failed with the following output:
Change Dir: /root/colcon_ws/build/dasc_robot_gui/CMakeFiles/CMakeTmp

Run Build Command(s):/usr/bin/make cmTC_4e6d2/fast && /usr/bin/make -f CMakeFiles/cmTC_4e6d2.dir/build.make CMakeFiles/cmTC_4e6d2.dir/build
make[1]: Entering directory '/root/colcon_ws/build/dasc_robot_gui/CMakeFiles/CMakeTmp'
Building C object CMakeFiles/cmTC_4e6d2.dir/CheckFunctionExists.c.o
/usr/bin/cc   -DCHECK_FUNCTION_EXISTS=pthread_create   -o CMakeFiles/cmTC_4e6d2.dir/CheckFunctionExists.c.o   -c /usr/share/cmake-3.16/Modules/CheckFunctionExists.c
Linking C executable cmTC_4e6d2
/usr/bin/cmake -E cmake_link_script CMakeFiles/cmTC_4e6d2.dir/link.txt --verbose=1
/usr/bin/cc  -DCHECK_FUNCTION_EXISTS=pthread_create    CMakeFiles/cmTC_4e6d2.dir/CheckFunctionExists.c.o  -o cmTC_4e6d2  -lpthreads 
/usr/bin/ld: cannot find -lpthreads
collect2: error: ld returned 1 exit status
make[1]: *** [CMakeFiles/cmTC_4e6d2.dir/build.make:87: cmTC_4e6d2] Error 1
make[1]: Leaving directory '/root/colcon_ws/build/dasc_robot_gui/CMakeFiles/CMakeTmp'
make: *** [Makefile:121: cmTC_4e6d2/fast] Error 2



Performing C SOURCE FILE Test CMAKE_HAVE_LIBC_PTHREAD failed with the following output:
Change Dir: /root/colcon_ws/build/dasc_robot_gui/CMakeFiles/CMakeTmp

Run Build Command(s):/usr/bin/make cmTC_b84ca/fast && /usr/bin/make -f CMakeFiles/cmTC_b84ca.dir/build.make CMakeFiles/cmTC_b84ca.dir/build
make[1]: Entering directory '/root/colcon_ws/build/dasc_robot_gui/CMakeFiles/CMakeTmp'
Building C object CMakeFiles/cmTC_b84ca.dir/src.c.o
/usr/bin/cc   -DCMAKE_HAVE_LIBC_PTHREAD   -o CMakeFiles/cmTC_b84ca.dir/src.c.o   -c /root/colcon_ws/build/dasc_robot_gui/CMakeFiles/CMakeTmp/src.c
Linking C executable cmTC_b84ca
/usr/bin/cmake -E cmake_link_script CMakeFiles/cmTC_b84ca.dir/link.txt --verbose=1
/usr/bin/cc  -DCMAKE_HAVE_LIBC_PTHREAD    CMakeFiles/cmTC_b84ca.dir/src.c.o  -o cmTC_b84ca 
/usr/bin/ld: CMakeFiles/cmTC_b84ca.dir/src.c.o: in function `main':
src.c:(.text+0x46): undefined reference to `pthread_create'
/usr/bin/ld: src.c:(.text+0x52): undefined reference to `pthread_detach'
/usr/bin/ld: src.c:(.text+0x63): undefined reference to `pthread_join'
collect2: error: ld returned 1 exit status
make[1]: *** [CMakeFiles/cmTC_b84ca.dir/build.make:87: cmTC_b84ca] Error 1
make[1]: Leaving directory '/root/colcon_ws/build/dasc_robot_gui/CMakeFiles/CMakeTmp'
make: *** [Makefile:121: cmTC_b84ca/fast] Error 2


Source file was:
#include <pthread.h>

void* test_func(void* data)
{
  return data;
}

int main(void)
{
  pthread_t thread;
  pthread_create(&thread, NULL, test_func, NULL);
  pthread_detach(thread);
  pthread_join(thread, NULL);
  pthread_atfork(NULL, NULL, NULL);
  pthread_exit(NULL);

  return 0;
}

Determining if the function pthread_create exists in the pthreads failed with the following output:
Change Dir: /root/colcon_ws/build/dasc_robot_gui/CMakeFiles/CMakeTmp

Run Build Command(s):/usr/bin/make cmTC_09849/fast && /usr/bin/make -f CMakeFiles/cmTC_09849.dir/build.make CMakeFiles/cmTC_09849.dir/build
make[1]: Entering directory '/root/colcon_ws/build/dasc_robot_gui/CMakeFiles/CMakeTmp'
Building C object CMakeFiles/cmTC_09849.dir/CheckFunctionExists.c.o
/usr/bin/cc   -DCHECK_FUNCTION_EXISTS=pthread_create   -o CMakeFiles/cmTC_09849.dir/CheckFunctionExists.c.o   -c /usr/share/cmake-3.16/Modules/CheckFunctionExists.c
Linking C executable cmTC_09849
/usr/bin/cmake -E cmake_link_script CMakeFiles/cmTC_09849.dir/link.txt --verbose=1
/usr/bin/cc  -DCHECK_FUNCTION_EXISTS=pthread_create    CMakeFiles/cmTC_09849.dir/CheckFunctionExists.c.o  -o cmTC_09849  -lpthreads 
/usr/bin/ld: cannot find -lpthreads
collect2: error: ld returned 1 exit status
make[1]: *** [CMakeFiles/cmTC_09849.dir/build.make:87: cmTC_09849] Error 1
make[1]: Leaving directory '/root/colcon_ws/build/dasc_robot_gui/CMakeFiles/CMakeTmp'
make: *** [Makefile:121: cmTC_09849/fast] Error 2



Performing C SOURCE FILE Test CMAKE_HAVE_LIBC_PTHREAD failed with the following output:
Change Dir: /root/colcon_ws/build/dasc_robot_gui/CMakeFiles/CMakeTmp

Run Build Command(s):/usr/bin/make cmTC_e8d31/fast && /usr/bin/make -f CMakeFiles/cmTC_e8d31.dir/build.make CMakeFiles/cmTC_e8d31.dir/build
make[1]: Entering directory '/root/colcon_ws/build/dasc_robot_gui/CMakeFiles/CMakeTmp'
Building C object CMakeFiles/cmTC_e8d31.dir/src.c.o
/usr/bin/cc   -DCMAKE_HAVE_LIBC_PTHREAD   -o CMakeFiles/cmTC_e8d31.dir/src.c.o   -c /root/colcon_ws/build/dasc_robot_gui/CMakeFiles/CMakeTmp/src.c
Linking C executable cmTC_e8d31
/usr/bin/cmake -E cmake_link_script CMakeFiles/cmTC_e8d31.dir/link.txt --verbose=1
/usr/bin/cc  -DCMAKE_HAVE_LIBC_PTHREAD    CMakeFiles/cmTC_e8d31.dir/src.c.o  -o cmTC_e8d31 
/usr/bin/ld: CMakeFiles/cmTC_e8d31.dir/src.c.o: in function `main':
src.c:(.text+0x46): undefined reference to `pthread_create'
/usr/bin/ld: src.c:(.text+0x52): undefined reference to `pthread_detach'
/usr/bin/ld: src.c:(.text+0x63): undefined reference to `pthread_join'
collect2: error: ld returned 1 exit status
make[1]: *** [CMakeFiles/cmTC_e8d31.dir/build.make:87: cmTC_e8d31] Error 1
make[1]: Leaving directory '/root/colcon_ws/build/dasc_robot_gui/CMakeFiles/CMakeTmp'
make: *** [Makefile:121: cmTC_e8d31/fast] Error 2


Source file was:
#include <pthread.h>

void* test_func(void* data)
{
  return data;
}

int main(void)
{
  pthread_t thread;
  pthread_create(&thread, NULL, test_func, NULL);
  pthread_detach(thread);
  pthread_join(thread, NULL);
  pthread_atfork(NULL, NULL, NULL);
  pthread_exit(NULL);

  return 0;
}

Determining if the function pthread_create exists in the pthreads failed with the following output:
Change Dir: /root/colcon_ws/build/dasc_robot_gui/CMakeFiles/CMakeTmp

Run Build Command(s):/usr/bin/make cmTC_4f457/fast && /usr/bin/make -f CMakeFiles/cmTC_4f457.dir/build.make CMakeFiles/cmTC_4f457.dir/build
make[1]: Entering directory '/root/colcon_ws/build/dasc_robot_gui/CMakeFiles/CMakeTmp'
Building C object CMakeFiles/cmTC_4f457.dir/CheckFunctionExists.c.o
/usr/bin/cc   -DCHECK_FUNCTION_EXISTS=pthread_create   -o CMakeFiles/cmTC_4f457.dir/CheckFunctionExists.c.o   -c /usr/share/cmake-3.16/Modules/CheckFunctionExists.c
Linking C executable cmTC_4f457
/usr/bin/cmake -E cmake_link_script CMakeFiles/cmTC_4f457.dir/link.txt --verbose=1
/usr/bin/cc  -DCHECK_FUNCTION_EXISTS=pthread_create    CMakeFiles/cmTC_4f457.dir/CheckFunctionExists.c.o  -o cmTC_4f457  -lpthreads 
/usr/bin/ld: cannot find -lpthreads
collect2: error: ld returned 1 exit status
make[1]: *** [CMakeFiles/cmTC_4f457.dir/build.make:87: cmTC_4f457] Error 1
make[1]: Leaving directory '/root/colcon_ws/build/dasc_robot_gui/CMakeFiles/CMakeTmp'
make: *** [Makefile:121: cmTC_4f457/fast] Error 2



