[0.132s] DEBUG:colcon:Command line arguments: ['/usr/bin/colcon', 'build', '--symlink-install']
[0.132s] DEBUG:colcon:Parsed command line arguments: Namespace(ament_cmake_args=None, base_paths=['.'], build_base='build', catkin_cmake_args=None, catkin_skip_building_tests=False, cmake_args=None, cmake_clean_cache=False, cmake_clean_first=False, cmake_force_configure=False, cmake_target=None, cmake_target_skip_unavailable=False, continue_on_error=False, event_handlers=None, executor='parallel', ignore_user_meta=False, install_base='install', log_base=None, log_level=None, main=<bound method BuildVerb.main of <colcon_core.verb.build.BuildVerb object at 0x784cab224040>>, merge_install=False, metas=['./colcon.meta'], mixin=None, mixin_files=None, mixin_verb=('build',), packages_above=None, packages_above_and_dependencies=None, packages_above_depth=None, packages_end=None, packages_ignore=None, packages_ignore_regex=None, packages_select=None, packages_select_build_failed=False, packages_select_by_dep=None, packages_select_regex=None, packages_select_test_failures=False, packages_skip=None, packages_skip_build_finished=False, packages_skip_by_dep=None, packages_skip_regex=None, packages_skip_test_passed=False, packages_skip_up_to=None, packages_start=None, packages_up_to=None, packages_up_to_regex=None, parallel_workers=20, paths=None, symlink_install=True, test_result_base=None, verb_extension=<colcon_core.verb.build.BuildVerb object at 0x784cab224040>, verb_name='build', verb_parser=<colcon_mixin.mixin.mixin_argument.MixinArgumentDecorator object at 0x784cab2245e0>)
[0.153s] Level 1:colcon.colcon_core.package_discovery:discover_packages(colcon_meta) check parameters
[0.154s] INFO:colcon.colcon_metadata.package_discovery.colcon_meta:Using configuration from '/root/.colcon/metadata/default/Gazebo.meta'
[0.154s] INFO:colcon.colcon_metadata.package_discovery.colcon_meta:Using configuration from '/root/.colcon/metadata/default/fastrtps.meta'
[0.154s] Level 1:colcon.colcon_core.package_discovery:discover_packages(recursive) check parameters
[0.154s] Level 1:colcon.colcon_core.package_discovery:discover_packages(ignore) check parameters
[0.154s] Level 1:colcon.colcon_core.package_discovery:discover_packages(path) check parameters
[0.154s] Level 1:colcon.colcon_core.package_discovery:discover_packages(colcon_meta) discover
[0.154s] Level 1:colcon.colcon_core.package_discovery:discover_packages(recursive) discover
[0.154s] INFO:colcon.colcon_core.package_discovery:Crawling recursively for packages in '/root/colcon_ws'
[0.154s] Level 1:colcon.colcon_core.package_identification:_identify(.) by extensions ['ignore', 'ignore_ament_install']
[0.155s] Level 1:colcon.colcon_core.package_identification:_identify(.) by extension 'ignore'
[0.155s] Level 1:colcon.colcon_core.package_identification:_identify(.) by extension 'ignore_ament_install'
[0.155s] Level 1:colcon.colcon_core.package_identification:_identify(.) by extensions ['colcon_pkg']
[0.155s] Level 1:colcon.colcon_core.package_identification:_identify(.) by extension 'colcon_pkg'
[0.155s] Level 1:colcon.colcon_core.package_identification:_identify(.) by extensions ['colcon_meta']
[0.155s] Level 1:colcon.colcon_core.package_identification:_identify(.) by extension 'colcon_meta'
[0.155s] Level 1:colcon.colcon_core.package_identification:_identify(.) by extensions ['ros']
[0.155s] Level 1:colcon.colcon_core.package_identification:_identify(.) by extension 'ros'
[0.162s] Level 1:colcon.colcon_core.package_identification:_identify(.) by extensions ['cmake', 'python']
[0.162s] Level 1:colcon.colcon_core.package_identification:_identify(.) by extension 'cmake'
[0.162s] Level 1:colcon.colcon_core.package_identification:_identify(.) by extension 'python'
[0.162s] Level 1:colcon.colcon_core.package_identification:_identify(.) by extensions ['python_setup_py']
[0.162s] Level 1:colcon.colcon_core.package_identification:_identify(.) by extension 'python_setup_py'
[0.162s] Level 1:colcon.colcon_core.package_identification:_identify(build) by extensions ['ignore', 'ignore_ament_install']
[0.162s] Level 1:colcon.colcon_core.package_identification:_identify(build) by extension 'ignore'
[0.162s] Level 1:colcon.colcon_core.package_identification:_identify(build) ignored
[0.162s] Level 1:colcon.colcon_core.package_identification:_identify(install) by extensions ['ignore', 'ignore_ament_install']
[0.162s] Level 1:colcon.colcon_core.package_identification:_identify(install) by extension 'ignore'
[0.162s] Level 1:colcon.colcon_core.package_identification:_identify(install) ignored
[0.162s] Level 1:colcon.colcon_core.package_identification:_identify(log) by extensions ['ignore', 'ignore_ament_install']
[0.162s] Level 1:colcon.colcon_core.package_identification:_identify(log) by extension 'ignore'
[0.162s] Level 1:colcon.colcon_core.package_identification:_identify(log) ignored
[0.162s] Level 1:colcon.colcon_core.package_identification:_identify(src) by extensions ['ignore', 'ignore_ament_install']
[0.162s] Level 1:colcon.colcon_core.package_identification:_identify(src) by extension 'ignore'
[0.162s] Level 1:colcon.colcon_core.package_identification:_identify(src) by extension 'ignore_ament_install'
[0.162s] Level 1:colcon.colcon_core.package_identification:_identify(src) by extensions ['colcon_pkg']
[0.162s] Level 1:colcon.colcon_core.package_identification:_identify(src) by extension 'colcon_pkg'
[0.162s] Level 1:colcon.colcon_core.package_identification:_identify(src) by extensions ['colcon_meta']
[0.162s] Level 1:colcon.colcon_core.package_identification:_identify(src) by extension 'colcon_meta'
[0.163s] Level 1:colcon.colcon_core.package_identification:_identify(src) by extensions ['ros']
[0.163s] Level 1:colcon.colcon_core.package_identification:_identify(src) by extension 'ros'
[0.163s] Level 1:colcon.colcon_core.package_identification:_identify(src) by extensions ['cmake', 'python']
[0.163s] Level 1:colcon.colcon_core.package_identification:_identify(src) by extension 'cmake'
[0.163s] Level 1:colcon.colcon_core.package_identification:_identify(src) by extension 'python'
[0.163s] Level 1:colcon.colcon_core.package_identification:_identify(src) by extensions ['python_setup_py']
[0.163s] Level 1:colcon.colcon_core.package_identification:_identify(src) by extension 'python_setup_py'
[0.163s] Level 1:colcon.colcon_core.package_identification:_identify(src/dasc_robot_gui) by extensions ['ignore', 'ignore_ament_install']
[0.163s] Level 1:colcon.colcon_core.package_identification:_identify(src/dasc_robot_gui) by extension 'ignore'
[0.163s] Level 1:colcon.colcon_core.package_identification:_identify(src/dasc_robot_gui) by extension 'ignore_ament_install'
[0.163s] Level 1:colcon.colcon_core.package_identification:_identify(src/dasc_robot_gui) by extensions ['colcon_pkg']
[0.163s] Level 1:colcon.colcon_core.package_identification:_identify(src/dasc_robot_gui) by extension 'colcon_pkg'
[0.163s] Level 1:colcon.colcon_core.package_identification:_identify(src/dasc_robot_gui) by extensions ['colcon_meta']
[0.163s] Level 1:colcon.colcon_core.package_identification:_identify(src/dasc_robot_gui) by extension 'colcon_meta'
[0.163s] Level 1:colcon.colcon_core.package_identification:_identify(src/dasc_robot_gui) by extensions ['ros']
[0.163s] Level 1:colcon.colcon_core.package_identification:_identify(src/dasc_robot_gui) by extension 'ros'
[0.165s] DEBUG:colcon.colcon_core.package_identification:Package 'src/dasc_robot_gui' with type 'ros.ament_cmake' and name 'dasc_robot_gui'
[0.165s] Level 1:colcon.colcon_core.package_identification:_identify(src/dasc_ros_common) by extensions ['ignore', 'ignore_ament_install']
[0.165s] Level 1:colcon.colcon_core.package_identification:_identify(src/dasc_ros_common) by extension 'ignore'
[0.165s] Level 1:colcon.colcon_core.package_identification:_identify(src/dasc_ros_common) by extension 'ignore_ament_install'
[0.165s] Level 1:colcon.colcon_core.package_identification:_identify(src/dasc_ros_common) by extensions ['colcon_pkg']
[0.165s] Level 1:colcon.colcon_core.package_identification:_identify(src/dasc_ros_common) by extension 'colcon_pkg'
[0.165s] Level 1:colcon.colcon_core.package_identification:_identify(src/dasc_ros_common) by extensions ['colcon_meta']
[0.165s] Level 1:colcon.colcon_core.package_identification:_identify(src/dasc_ros_common) by extension 'colcon_meta'
[0.165s] Level 1:colcon.colcon_core.package_identification:_identify(src/dasc_ros_common) by extensions ['ros']
[0.165s] Level 1:colcon.colcon_core.package_identification:_identify(src/dasc_ros_common) by extension 'ros'
[0.165s] Level 1:colcon.colcon_core.package_identification:_identify(src/dasc_ros_common) by extensions ['cmake', 'python']
[0.165s] Level 1:colcon.colcon_core.package_identification:_identify(src/dasc_ros_common) by extension 'cmake'
[0.165s] Level 1:colcon.colcon_core.package_identification:_identify(src/dasc_ros_common) by extension 'python'
[0.165s] Level 1:colcon.colcon_core.package_identification:_identify(src/dasc_ros_common) by extensions ['python_setup_py']
[0.165s] Level 1:colcon.colcon_core.package_identification:_identify(src/dasc_ros_common) by extension 'python_setup_py'
[0.165s] Level 1:colcon.colcon_core.package_identification:_identify(src/dasc_ros_common/dasc_msgs) by extensions ['ignore', 'ignore_ament_install']
[0.165s] Level 1:colcon.colcon_core.package_identification:_identify(src/dasc_ros_common/dasc_msgs) by extension 'ignore'
[0.165s] Level 1:colcon.colcon_core.package_identification:_identify(src/dasc_ros_common/dasc_msgs) by extension 'ignore_ament_install'
[0.165s] Level 1:colcon.colcon_core.package_identification:_identify(src/dasc_ros_common/dasc_msgs) by extensions ['colcon_pkg']
[0.165s] Level 1:colcon.colcon_core.package_identification:_identify(src/dasc_ros_common/dasc_msgs) by extension 'colcon_pkg'
[0.165s] Level 1:colcon.colcon_core.package_identification:_identify(src/dasc_ros_common/dasc_msgs) by extensions ['colcon_meta']
[0.165s] Level 1:colcon.colcon_core.package_identification:_identify(src/dasc_ros_common/dasc_msgs) by extension 'colcon_meta'
[0.165s] Level 1:colcon.colcon_core.package_identification:_identify(src/dasc_ros_common/dasc_msgs) by extensions ['ros']
[0.165s] Level 1:colcon.colcon_core.package_identification:_identify(src/dasc_ros_common/dasc_msgs) by extension 'ros'
[0.165s] DEBUG:colcon.colcon_core.package_identification:Package 'src/dasc_ros_common/dasc_msgs' with type 'ros.ament_cmake' and name 'dasc_msgs'
[0.166s] Level 1:colcon.colcon_core.package_identification:_identify(src/dasc_ros_common/dasc_ros_utils) by extensions ['ignore', 'ignore_ament_install']
[0.166s] Level 1:colcon.colcon_core.package_identification:_identify(src/dasc_ros_common/dasc_ros_utils) by extension 'ignore'
[0.166s] Level 1:colcon.colcon_core.package_identification:_identify(src/dasc_ros_common/dasc_ros_utils) by extension 'ignore_ament_install'
[0.166s] Level 1:colcon.colcon_core.package_identification:_identify(src/dasc_ros_common/dasc_ros_utils) by extensions ['colcon_pkg']
[0.166s] Level 1:colcon.colcon_core.package_identification:_identify(src/dasc_ros_common/dasc_ros_utils) by extension 'colcon_pkg'
[0.166s] Level 1:colcon.colcon_core.package_identification:_identify(src/dasc_ros_common/dasc_ros_utils) by extensions ['colcon_meta']
[0.166s] Level 1:colcon.colcon_core.package_identification:_identify(src/dasc_ros_common/dasc_ros_utils) by extension 'colcon_meta'
[0.166s] Level 1:colcon.colcon_core.package_identification:_identify(src/dasc_ros_common/dasc_ros_utils) by extensions ['ros']
[0.166s] Level 1:colcon.colcon_core.package_identification:_identify(src/dasc_ros_common/dasc_ros_utils) by extension 'ros'
[0.166s] DEBUG:colcon.colcon_core.package_identification:Package 'src/dasc_ros_common/dasc_ros_utils' with type 'ros.ament_cmake' and name 'dasc_ros_utils'
[0.166s] Level 1:colcon.colcon_core.package_identification:_identify(src/ground_station_launch) by extensions ['ignore', 'ignore_ament_install']
[0.166s] Level 1:colcon.colcon_core.package_identification:_identify(src/ground_station_launch) by extension 'ignore'
[0.166s] Level 1:colcon.colcon_core.package_identification:_identify(src/ground_station_launch) by extension 'ignore_ament_install'
[0.166s] Level 1:colcon.colcon_core.package_identification:_identify(src/ground_station_launch) by extensions ['colcon_pkg']
[0.166s] Level 1:colcon.colcon_core.package_identification:_identify(src/ground_station_launch) by extension 'colcon_pkg'
[0.166s] Level 1:colcon.colcon_core.package_identification:_identify(src/ground_station_launch) by extensions ['colcon_meta']
[0.166s] Level 1:colcon.colcon_core.package_identification:_identify(src/ground_station_launch) by extension 'colcon_meta'
[0.166s] Level 1:colcon.colcon_core.package_identification:_identify(src/ground_station_launch) by extensions ['ros']
[0.166s] Level 1:colcon.colcon_core.package_identification:_identify(src/ground_station_launch) by extension 'ros'
[0.167s] DEBUG:colcon.colcon_core.package_identification:Package 'src/ground_station_launch' with type 'ros.ament_cmake' and name 'ground_station_launch'
[0.167s] Level 1:colcon.colcon_core.package_identification:_identify(src/px4_msgs) by extensions ['ignore', 'ignore_ament_install']
[0.167s] Level 1:colcon.colcon_core.package_identification:_identify(src/px4_msgs) by extension 'ignore'
[0.167s] Level 1:colcon.colcon_core.package_identification:_identify(src/px4_msgs) by extension 'ignore_ament_install'
[0.167s] Level 1:colcon.colcon_core.package_identification:_identify(src/px4_msgs) by extensions ['colcon_pkg']
[0.167s] Level 1:colcon.colcon_core.package_identification:_identify(src/px4_msgs) by extension 'colcon_pkg'
[0.167s] Level 1:colcon.colcon_core.package_identification:_identify(src/px4_msgs) by extensions ['colcon_meta']
[0.167s] Level 1:colcon.colcon_core.package_identification:_identify(src/px4_msgs) by extension 'colcon_meta'
[0.167s] Level 1:colcon.colcon_core.package_identification:_identify(src/px4_msgs) by extensions ['ros']
[0.167s] Level 1:colcon.colcon_core.package_identification:_identify(src/px4_msgs) by extension 'ros'
[0.167s] DEBUG:colcon.colcon_core.package_identification:Package 'src/px4_msgs' with type 'ros.ament_cmake' and name 'px4_msgs'
[0.167s] Level 1:colcon.colcon_core.package_discovery:discover_packages(recursive) using defaults
[0.167s] Level 1:colcon.colcon_core.package_discovery:discover_packages(ignore) discover
[0.167s] Level 1:colcon.colcon_core.package_discovery:discover_packages(ignore) using defaults
[0.167s] Level 1:colcon.colcon_core.package_discovery:discover_packages(path) discover
[0.167s] Level 1:colcon.colcon_core.package_discovery:discover_packages(path) using defaults
[0.186s] Level 5:colcon.colcon_core.verb:set package 'dasc_msgs' build argument 'cmake_args' from command line to 'None'
[0.186s] Level 5:colcon.colcon_core.verb:set package 'dasc_msgs' build argument 'cmake_target' from command line to 'None'
[0.186s] Level 5:colcon.colcon_core.verb:set package 'dasc_msgs' build argument 'cmake_target_skip_unavailable' from command line to 'False'
[0.186s] Level 5:colcon.colcon_core.verb:set package 'dasc_msgs' build argument 'cmake_clean_cache' from command line to 'False'
[0.186s] Level 5:colcon.colcon_core.verb:set package 'dasc_msgs' build argument 'cmake_clean_first' from command line to 'False'
[0.186s] Level 5:colcon.colcon_core.verb:set package 'dasc_msgs' build argument 'cmake_force_configure' from command line to 'False'
[0.186s] Level 5:colcon.colcon_core.verb:set package 'dasc_msgs' build argument 'ament_cmake_args' from command line to 'None'
[0.186s] Level 5:colcon.colcon_core.verb:set package 'dasc_msgs' build argument 'catkin_cmake_args' from command line to 'None'
[0.186s] Level 5:colcon.colcon_core.verb:set package 'dasc_msgs' build argument 'catkin_skip_building_tests' from command line to 'False'
[0.186s] DEBUG:colcon.colcon_core.verb:Building package 'dasc_msgs' with the following arguments: {'ament_cmake_args': None, 'build_base': '/root/colcon_ws/build/dasc_msgs', 'catkin_cmake_args': None, 'catkin_skip_building_tests': False, 'cmake_args': None, 'cmake_clean_cache': False, 'cmake_clean_first': False, 'cmake_force_configure': False, 'cmake_target': None, 'cmake_target_skip_unavailable': False, 'install_base': '/root/colcon_ws/install/dasc_msgs', 'merge_install': False, 'path': '/root/colcon_ws/src/dasc_ros_common/dasc_msgs', 'symlink_install': True, 'test_result_base': None}
[0.187s] Level 5:colcon.colcon_core.verb:set package 'ground_station_launch' build argument 'cmake_args' from command line to 'None'
[0.187s] Level 5:colcon.colcon_core.verb:set package 'ground_station_launch' build argument 'cmake_target' from command line to 'None'
[0.187s] Level 5:colcon.colcon_core.verb:set package 'ground_station_launch' build argument 'cmake_target_skip_unavailable' from command line to 'False'
[0.187s] Level 5:colcon.colcon_core.verb:set package 'ground_station_launch' build argument 'cmake_clean_cache' from command line to 'False'
[0.187s] Level 5:colcon.colcon_core.verb:set package 'ground_station_launch' build argument 'cmake_clean_first' from command line to 'False'
[0.187s] Level 5:colcon.colcon_core.verb:set package 'ground_station_launch' build argument 'cmake_force_configure' from command line to 'False'
[0.187s] Level 5:colcon.colcon_core.verb:set package 'ground_station_launch' build argument 'ament_cmake_args' from command line to 'None'
[0.187s] Level 5:colcon.colcon_core.verb:set package 'ground_station_launch' build argument 'catkin_cmake_args' from command line to 'None'
[0.187s] Level 5:colcon.colcon_core.verb:set package 'ground_station_launch' build argument 'catkin_skip_building_tests' from command line to 'False'
[0.187s] DEBUG:colcon.colcon_core.verb:Building package 'ground_station_launch' with the following arguments: {'ament_cmake_args': None, 'build_base': '/root/colcon_ws/build/ground_station_launch', 'catkin_cmake_args': None, 'catkin_skip_building_tests': False, 'cmake_args': None, 'cmake_clean_cache': False, 'cmake_clean_first': False, 'cmake_force_configure': False, 'cmake_target': None, 'cmake_target_skip_unavailable': False, 'install_base': '/root/colcon_ws/install/ground_station_launch', 'merge_install': False, 'path': '/root/colcon_ws/src/ground_station_launch', 'symlink_install': True, 'test_result_base': None}
[0.187s] Level 5:colcon.colcon_core.verb:set package 'px4_msgs' build argument 'cmake_args' from command line to 'None'
[0.187s] Level 5:colcon.colcon_core.verb:set package 'px4_msgs' build argument 'cmake_target' from command line to 'None'
[0.187s] Level 5:colcon.colcon_core.verb:set package 'px4_msgs' build argument 'cmake_target_skip_unavailable' from command line to 'False'
[0.187s] Level 5:colcon.colcon_core.verb:set package 'px4_msgs' build argument 'cmake_clean_cache' from command line to 'False'
[0.187s] Level 5:colcon.colcon_core.verb:set package 'px4_msgs' build argument 'cmake_clean_first' from command line to 'False'
[0.187s] Level 5:colcon.colcon_core.verb:set package 'px4_msgs' build argument 'cmake_force_configure' from command line to 'False'
[0.187s] Level 5:colcon.colcon_core.verb:set package 'px4_msgs' build argument 'ament_cmake_args' from command line to 'None'
[0.187s] Level 5:colcon.colcon_core.verb:set package 'px4_msgs' build argument 'catkin_cmake_args' from command line to 'None'
[0.187s] Level 5:colcon.colcon_core.verb:set package 'px4_msgs' build argument 'catkin_skip_building_tests' from command line to 'False'
[0.187s] DEBUG:colcon.colcon_core.verb:Building package 'px4_msgs' with the following arguments: {'ament_cmake_args': None, 'build_base': '/root/colcon_ws/build/px4_msgs', 'catkin_cmake_args': None, 'catkin_skip_building_tests': False, 'cmake_args': None, 'cmake_clean_cache': False, 'cmake_clean_first': False, 'cmake_force_configure': False, 'cmake_target': None, 'cmake_target_skip_unavailable': False, 'install_base': '/root/colcon_ws/install/px4_msgs', 'merge_install': False, 'path': '/root/colcon_ws/src/px4_msgs', 'symlink_install': True, 'test_result_base': None}
[0.188s] Level 5:colcon.colcon_core.verb:set package 'dasc_robot_gui' build argument 'cmake_args' from command line to 'None'
[0.188s] Level 5:colcon.colcon_core.verb:set package 'dasc_robot_gui' build argument 'cmake_target' from command line to 'None'
[0.188s] Level 5:colcon.colcon_core.verb:set package 'dasc_robot_gui' build argument 'cmake_target_skip_unavailable' from command line to 'False'
[0.188s] Level 5:colcon.colcon_core.verb:set package 'dasc_robot_gui' build argument 'cmake_clean_cache' from command line to 'False'
[0.188s] Level 5:colcon.colcon_core.verb:set package 'dasc_robot_gui' build argument 'cmake_clean_first' from command line to 'False'
[0.188s] Level 5:colcon.colcon_core.verb:set package 'dasc_robot_gui' build argument 'cmake_force_configure' from command line to 'False'
[0.188s] Level 5:colcon.colcon_core.verb:set package 'dasc_robot_gui' build argument 'ament_cmake_args' from command line to 'None'
[0.188s] Level 5:colcon.colcon_core.verb:set package 'dasc_robot_gui' build argument 'catkin_cmake_args' from command line to 'None'
[0.188s] Level 5:colcon.colcon_core.verb:set package 'dasc_robot_gui' build argument 'catkin_skip_building_tests' from command line to 'False'
[0.188s] DEBUG:colcon.colcon_core.verb:Building package 'dasc_robot_gui' with the following arguments: {'ament_cmake_args': None, 'build_base': '/root/colcon_ws/build/dasc_robot_gui', 'catkin_cmake_args': None, 'catkin_skip_building_tests': False, 'cmake_args': None, 'cmake_clean_cache': False, 'cmake_clean_first': False, 'cmake_force_configure': False, 'cmake_target': None, 'cmake_target_skip_unavailable': False, 'install_base': '/root/colcon_ws/install/dasc_robot_gui', 'merge_install': False, 'path': '/root/colcon_ws/src/dasc_robot_gui', 'symlink_install': True, 'test_result_base': None}
[0.188s] Level 5:colcon.colcon_core.verb:set package 'dasc_ros_utils' build argument 'cmake_args' from command line to 'None'
[0.188s] Level 5:colcon.colcon_core.verb:set package 'dasc_ros_utils' build argument 'cmake_target' from command line to 'None'
[0.188s] Level 5:colcon.colcon_core.verb:set package 'dasc_ros_utils' build argument 'cmake_target_skip_unavailable' from command line to 'False'
[0.188s] Level 5:colcon.colcon_core.verb:set package 'dasc_ros_utils' build argument 'cmake_clean_cache' from command line to 'False'
[0.188s] Level 5:colcon.colcon_core.verb:set package 'dasc_ros_utils' build argument 'cmake_clean_first' from command line to 'False'
[0.188s] Level 5:colcon.colcon_core.verb:set package 'dasc_ros_utils' build argument 'cmake_force_configure' from command line to 'False'
[0.188s] Level 5:colcon.colcon_core.verb:set package 'dasc_ros_utils' build argument 'ament_cmake_args' from command line to 'None'
[0.188s] Level 5:colcon.colcon_core.verb:set package 'dasc_ros_utils' build argument 'catkin_cmake_args' from command line to 'None'
[0.188s] Level 5:colcon.colcon_core.verb:set package 'dasc_ros_utils' build argument 'catkin_skip_building_tests' from command line to 'False'
[0.188s] DEBUG:colcon.colcon_core.verb:Building package 'dasc_ros_utils' with the following arguments: {'ament_cmake_args': None, 'build_base': '/root/colcon_ws/build/dasc_ros_utils', 'catkin_cmake_args': None, 'catkin_skip_building_tests': False, 'cmake_args': None, 'cmake_clean_cache': False, 'cmake_clean_first': False, 'cmake_force_configure': False, 'cmake_target': None, 'cmake_target_skip_unavailable': False, 'install_base': '/root/colcon_ws/install/dasc_ros_utils', 'merge_install': False, 'path': '/root/colcon_ws/src/dasc_ros_common/dasc_ros_utils', 'symlink_install': True, 'test_result_base': None}
[0.189s] INFO:colcon.colcon_core.executor:Executing jobs using 'parallel' executor
[0.191s] DEBUG:colcon.colcon_parallel_executor.executor.parallel:run_until_complete
[0.191s] INFO:colcon.colcon_ros.task.ament_cmake.build:Building ROS package in '/root/colcon_ws/src/px4_msgs' with build type 'ament_cmake'
[0.191s] INFO:colcon.colcon_cmake.task.cmake.build:Building CMake package in '/root/colcon_ws/src/px4_msgs'
[0.195s] INFO:colcon.colcon_core.plugin_system:Skipping extension 'colcon_core.shell.bat': Not used on non-Windows systems
[0.195s] INFO:colcon.colcon_core.shell:Skip shell extension 'powershell' for command environment: Not usable outside of PowerShell
[0.195s] DEBUG:colcon.colcon_core.shell:Skip shell extension 'dsv' for command environment
[0.200s] INFO:colcon.colcon_ros.task.ament_cmake.build:Building ROS package in '/root/colcon_ws/src/dasc_ros_common/dasc_msgs' with build type 'ament_cmake'
[0.200s] INFO:colcon.colcon_cmake.task.cmake.build:Building CMake package in '/root/colcon_ws/src/dasc_ros_common/dasc_msgs'
[0.201s] INFO:colcon.colcon_core.shell:Skip shell extension 'powershell' for command environment: Not usable outside of PowerShell
[0.201s] DEBUG:colcon.colcon_core.shell:Skip shell extension 'dsv' for command environment
[0.203s] INFO:colcon.colcon_ros.task.ament_cmake.build:Building ROS package in '/root/colcon_ws/src/ground_station_launch' with build type 'ament_cmake'
[0.204s] INFO:colcon.colcon_cmake.task.cmake.build:Building CMake package in '/root/colcon_ws/src/ground_station_launch'
[0.204s] INFO:colcon.colcon_core.shell:Skip shell extension 'powershell' for command environment: Not usable outside of PowerShell
[0.204s] DEBUG:colcon.colcon_core.shell:Skip shell extension 'dsv' for command environment
[0.209s] DEBUG:colcon.colcon_core.event_handler.log_command:Invoking command in '/root/colcon_ws/build/px4_msgs': CMAKE_PREFIX_PATH=/opt/ros/galactic /usr/bin/cmake /root/colcon_ws/src/px4_msgs -DAMENT_CMAKE_SYMLINK_INSTALL=1 -DCMAKE_INSTALL_PREFIX=/root/colcon_ws/install/px4_msgs
[0.214s] DEBUG:colcon.colcon_core.event_handler.log_command:Invoking command in '/root/colcon_ws/build/dasc_msgs': CMAKE_PREFIX_PATH=/opt/ros/galactic /usr/bin/cmake /root/colcon_ws/src/dasc_ros_common/dasc_msgs -DAMENT_CMAKE_SYMLINK_INSTALL=1 -DCMAKE_INSTALL_PREFIX=/root/colcon_ws/install/dasc_msgs
[0.218s] DEBUG:colcon.colcon_core.event_handler.log_command:Invoking command in '/root/colcon_ws/build/ground_station_launch': CMAKE_PREFIX_PATH=/opt/ros/galactic /usr/bin/cmake /root/colcon_ws/src/ground_station_launch -DAMENT_CMAKE_SYMLINK_INSTALL=1 -DCMAKE_INSTALL_PREFIX=/root/colcon_ws/install/ground_station_launch
[0.760s] DEBUG:colcon.colcon_core.event_handler.log_command:Invoked command in '/root/colcon_ws/build/ground_station_launch' returned '0': CMAKE_PREFIX_PATH=/opt/ros/galactic /usr/bin/cmake /root/colcon_ws/src/ground_station_launch -DAMENT_CMAKE_SYMLINK_INSTALL=1 -DCMAKE_INSTALL_PREFIX=/root/colcon_ws/install/ground_station_launch
[0.763s] DEBUG:colcon.colcon_core.event_handler.log_command:Invoking command in '/root/colcon_ws/build/ground_station_launch': CMAKE_PREFIX_PATH=/opt/ros/galactic /usr/bin/cmake --build /root/colcon_ws/build/ground_station_launch -- -j20 -l20
[0.799s] DEBUG:colcon.colcon_core.event_handler.log_command:Invoked command in '/root/colcon_ws/build/ground_station_launch' returned '0': CMAKE_PREFIX_PATH=/opt/ros/galactic /usr/bin/cmake --build /root/colcon_ws/build/ground_station_launch -- -j20 -l20
[0.827s] DEBUG:colcon.colcon_core.event_handler.log_command:Invoking command in '/root/colcon_ws/build/ground_station_launch': CMAKE_PREFIX_PATH=/opt/ros/galactic /usr/bin/cmake --install /root/colcon_ws/build/ground_station_launch
[0.984s] Level 1:colcon.colcon_core.environment:create_environment_scripts_only(ground_station_launch)
[0.984s] DEBUG:colcon.colcon_core.event_handler.log_command:Invoked command in '/root/colcon_ws/build/ground_station_launch' returned '0': CMAKE_PREFIX_PATH=/opt/ros/galactic /usr/bin/cmake --install /root/colcon_ws/build/ground_station_launch
[0.989s] Level 1:colcon.colcon_core.environment:checking '/root/colcon_ws/install/ground_station_launch' for CMake module files
[0.989s] Level 1:colcon.colcon_core.environment:checking '/root/colcon_ws/install/ground_station_launch' for CMake config files
[0.989s] Level 1:colcon.colcon_core.shell:create_environment_hook('ground_station_launch', 'cmake_prefix_path')
[0.990s] INFO:colcon.colcon_core.shell:Creating environment hook '/root/colcon_ws/install/ground_station_launch/share/ground_station_launch/hook/cmake_prefix_path.ps1'
[0.991s] INFO:colcon.colcon_core.shell:Creating environment descriptor '/root/colcon_ws/install/ground_station_launch/share/ground_station_launch/hook/cmake_prefix_path.dsv'
[0.991s] INFO:colcon.colcon_core.shell:Creating environment hook '/root/colcon_ws/install/ground_station_launch/share/ground_station_launch/hook/cmake_prefix_path.sh'
[0.992s] Level 1:colcon.colcon_core.environment:checking '/root/colcon_ws/install/ground_station_launch/bin'
[0.992s] Level 1:colcon.colcon_core.environment:checking '/root/colcon_ws/install/ground_station_launch/lib/pkgconfig/ground_station_launch.pc'
[0.992s] Level 1:colcon.colcon_core.environment:checking '/root/colcon_ws/install/ground_station_launch/lib/python3.8/site-packages'
[0.993s] Level 1:colcon.colcon_core.environment:checking '/root/colcon_ws/install/ground_station_launch/bin'
[0.993s] INFO:colcon.colcon_core.shell:Creating package script '/root/colcon_ws/install/ground_station_launch/share/ground_station_launch/package.ps1'
[0.994s] INFO:colcon.colcon_core.shell:Creating package descriptor '/root/colcon_ws/install/ground_station_launch/share/ground_station_launch/package.dsv'
[0.994s] INFO:colcon.colcon_core.shell:Creating package script '/root/colcon_ws/install/ground_station_launch/share/ground_station_launch/package.sh'
[0.995s] INFO:colcon.colcon_core.shell:Creating package script '/root/colcon_ws/install/ground_station_launch/share/ground_station_launch/package.bash'
[0.995s] INFO:colcon.colcon_core.shell:Creating package script '/root/colcon_ws/install/ground_station_launch/share/ground_station_launch/package.zsh'
[0.996s] Level 1:colcon.colcon_core.environment:create_file_with_runtime_dependencies(/root/colcon_ws/install/ground_station_launch/share/colcon-core/packages/ground_station_launch)
[1.016s] Level 1:colcon.colcon_core.environment:create_environment_scripts_only(ground_station_launch)
[1.017s] Level 1:colcon.colcon_core.environment:checking '/root/colcon_ws/install/ground_station_launch' for CMake module files
[1.017s] Level 1:colcon.colcon_core.environment:checking '/root/colcon_ws/install/ground_station_launch' for CMake config files
[1.018s] Level 1:colcon.colcon_core.shell:create_environment_hook('ground_station_launch', 'cmake_prefix_path')
[1.018s] INFO:colcon.colcon_core.shell:Creating environment hook '/root/colcon_ws/install/ground_station_launch/share/ground_station_launch/hook/cmake_prefix_path.ps1'
[1.019s] INFO:colcon.colcon_core.shell:Creating environment descriptor '/root/colcon_ws/install/ground_station_launch/share/ground_station_launch/hook/cmake_prefix_path.dsv'
[1.019s] INFO:colcon.colcon_core.shell:Creating environment hook '/root/colcon_ws/install/ground_station_launch/share/ground_station_launch/hook/cmake_prefix_path.sh'
[1.019s] Level 1:colcon.colcon_core.environment:checking '/root/colcon_ws/install/ground_station_launch/bin'
[1.019s] Level 1:colcon.colcon_core.environment:checking '/root/colcon_ws/install/ground_station_launch/lib/pkgconfig/ground_station_launch.pc'
[1.019s] Level 1:colcon.colcon_core.environment:checking '/root/colcon_ws/install/ground_station_launch/lib/python3.8/site-packages'
[1.020s] Level 1:colcon.colcon_core.environment:checking '/root/colcon_ws/install/ground_station_launch/bin'
[1.020s] INFO:colcon.colcon_core.shell:Creating package script '/root/colcon_ws/install/ground_station_launch/share/ground_station_launch/package.ps1'
[1.021s] INFO:colcon.colcon_core.shell:Creating package descriptor '/root/colcon_ws/install/ground_station_launch/share/ground_station_launch/package.dsv'
[1.021s] INFO:colcon.colcon_core.shell:Creating package script '/root/colcon_ws/install/ground_station_launch/share/ground_station_launch/package.sh'
[1.021s] INFO:colcon.colcon_core.shell:Creating package script '/root/colcon_ws/install/ground_station_launch/share/ground_station_launch/package.bash'
[1.021s] INFO:colcon.colcon_core.shell:Creating package script '/root/colcon_ws/install/ground_station_launch/share/ground_station_launch/package.zsh'
[1.022s] Level 1:colcon.colcon_core.environment:create_file_with_runtime_dependencies(/root/colcon_ws/install/ground_station_launch/share/colcon-core/packages/ground_station_launch)
[1.360s] DEBUG:colcon.colcon_core.event_handler.log_command:Invoked command in '/root/colcon_ws/build/px4_msgs' returned '0': CMAKE_PREFIX_PATH=/opt/ros/galactic /usr/bin/cmake /root/colcon_ws/src/px4_msgs -DAMENT_CMAKE_SYMLINK_INSTALL=1 -DCMAKE_INSTALL_PREFIX=/root/colcon_ws/install/px4_msgs
[1.362s] DEBUG:colcon.colcon_core.event_handler.log_command:Invoking command in '/root/colcon_ws/build/px4_msgs': CMAKE_PREFIX_PATH=/opt/ros/galactic /usr/bin/cmake --build /root/colcon_ws/build/px4_msgs -- -j20 -l20
[1.476s] DEBUG:colcon.colcon_core.event_handler.log_command:Invoked command in '/root/colcon_ws/build/dasc_msgs' returned '0': CMAKE_PREFIX_PATH=/opt/ros/galactic /usr/bin/cmake /root/colcon_ws/src/dasc_ros_common/dasc_msgs -DAMENT_CMAKE_SYMLINK_INSTALL=1 -DCMAKE_INSTALL_PREFIX=/root/colcon_ws/install/dasc_msgs
[1.478s] DEBUG:colcon.colcon_core.event_handler.log_command:Invoking command in '/root/colcon_ws/build/dasc_msgs': CMAKE_PREFIX_PATH=/opt/ros/galactic /usr/bin/cmake --build /root/colcon_ws/build/dasc_msgs -- -j20 -l20
[3.420s] DEBUG:colcon.colcon_core.event_handler.log_command:Invoked command in '/root/colcon_ws/build/dasc_msgs' returned '0': CMAKE_PREFIX_PATH=/opt/ros/galactic /usr/bin/cmake --build /root/colcon_ws/build/dasc_msgs -- -j20 -l20
[3.491s] DEBUG:colcon.colcon_core.event_handler.log_command:Invoking command in '/root/colcon_ws/build/dasc_msgs': CMAKE_PREFIX_PATH=/opt/ros/galactic /usr/bin/cmake --install /root/colcon_ws/build/dasc_msgs
[4.064s] Level 1:colcon.colcon_core.environment:create_environment_scripts_only(dasc_msgs)
[4.066s] Level 1:colcon.colcon_core.environment:checking '/root/colcon_ws/install/dasc_msgs' for CMake module files
[4.066s] DEBUG:colcon.colcon_core.event_handler.log_command:Invoked command in '/root/colcon_ws/build/dasc_msgs' returned '0': CMAKE_PREFIX_PATH=/opt/ros/galactic /usr/bin/cmake --install /root/colcon_ws/build/dasc_msgs
[4.067s] Level 1:colcon.colcon_core.environment:checking '/root/colcon_ws/install/dasc_msgs' for CMake config files
[4.068s] Level 1:colcon.colcon_core.shell:create_environment_hook('dasc_msgs', 'cmake_prefix_path')
[4.069s] INFO:colcon.colcon_core.shell:Creating environment hook '/root/colcon_ws/install/dasc_msgs/share/dasc_msgs/hook/cmake_prefix_path.ps1'
[4.070s] INFO:colcon.colcon_core.shell:Creating environment descriptor '/root/colcon_ws/install/dasc_msgs/share/dasc_msgs/hook/cmake_prefix_path.dsv'
[4.070s] INFO:colcon.colcon_core.shell:Creating environment hook '/root/colcon_ws/install/dasc_msgs/share/dasc_msgs/hook/cmake_prefix_path.sh'
[4.071s] Level 1:colcon.colcon_core.environment:checking '/root/colcon_ws/install/dasc_msgs/lib'
[4.071s] Level 1:colcon.colcon_core.shell:create_environment_hook('dasc_msgs', 'ld_library_path_lib')
[4.072s] INFO:colcon.colcon_core.shell:Creating environment hook '/root/colcon_ws/install/dasc_msgs/share/dasc_msgs/hook/ld_library_path_lib.ps1'
[4.073s] INFO:colcon.colcon_core.shell:Creating environment descriptor '/root/colcon_ws/install/dasc_msgs/share/dasc_msgs/hook/ld_library_path_lib.dsv'
[4.073s] INFO:colcon.colcon_core.shell:Creating environment hook '/root/colcon_ws/install/dasc_msgs/share/dasc_msgs/hook/ld_library_path_lib.sh'
[4.073s] Level 1:colcon.colcon_core.environment:checking '/root/colcon_ws/install/dasc_msgs/bin'
[4.074s] Level 1:colcon.colcon_core.environment:checking '/root/colcon_ws/install/dasc_msgs/lib/pkgconfig/dasc_msgs.pc'
[4.074s] Level 1:colcon.colcon_core.environment:checking '/root/colcon_ws/install/dasc_msgs/lib/python3.8/site-packages'
[4.074s] Level 1:colcon.colcon_core.shell:create_environment_hook('dasc_msgs', 'pythonpath')
[4.075s] INFO:colcon.colcon_core.shell:Creating environment hook '/root/colcon_ws/install/dasc_msgs/share/dasc_msgs/hook/pythonpath.ps1'
[4.075s] INFO:colcon.colcon_core.shell:Creating environment descriptor '/root/colcon_ws/install/dasc_msgs/share/dasc_msgs/hook/pythonpath.dsv'
[4.076s] INFO:colcon.colcon_core.shell:Creating environment hook '/root/colcon_ws/install/dasc_msgs/share/dasc_msgs/hook/pythonpath.sh'
[4.076s] Level 1:colcon.colcon_core.environment:checking '/root/colcon_ws/install/dasc_msgs/bin'
[4.078s] INFO:colcon.colcon_core.shell:Creating package script '/root/colcon_ws/install/dasc_msgs/share/dasc_msgs/package.ps1'
[4.079s] INFO:colcon.colcon_core.shell:Creating package descriptor '/root/colcon_ws/install/dasc_msgs/share/dasc_msgs/package.dsv'
[4.079s] INFO:colcon.colcon_core.shell:Creating package script '/root/colcon_ws/install/dasc_msgs/share/dasc_msgs/package.sh'
[4.080s] INFO:colcon.colcon_core.shell:Creating package script '/root/colcon_ws/install/dasc_msgs/share/dasc_msgs/package.bash'
[4.080s] INFO:colcon.colcon_core.shell:Creating package script '/root/colcon_ws/install/dasc_msgs/share/dasc_msgs/package.zsh'
[4.080s] Level 1:colcon.colcon_core.environment:create_file_with_runtime_dependencies(/root/colcon_ws/install/dasc_msgs/share/colcon-core/packages/dasc_msgs)
[4.135s] Level 1:colcon.colcon_core.environment:create_environment_scripts_only(dasc_msgs)
[4.136s] Level 1:colcon.colcon_core.environment:checking '/root/colcon_ws/install/dasc_msgs' for CMake module files
[4.136s] Level 1:colcon.colcon_core.environment:checking '/root/colcon_ws/install/dasc_msgs' for CMake config files
[4.137s] Level 1:colcon.colcon_core.shell:create_environment_hook('dasc_msgs', 'cmake_prefix_path')
[4.138s] INFO:colcon.colcon_core.shell:Creating environment hook '/root/colcon_ws/install/dasc_msgs/share/dasc_msgs/hook/cmake_prefix_path.ps1'
[4.138s] INFO:colcon.colcon_core.shell:Creating environment descriptor '/root/colcon_ws/install/dasc_msgs/share/dasc_msgs/hook/cmake_prefix_path.dsv'
[4.138s] INFO:colcon.colcon_core.shell:Creating environment hook '/root/colcon_ws/install/dasc_msgs/share/dasc_msgs/hook/cmake_prefix_path.sh'
[4.139s] Level 1:colcon.colcon_core.environment:checking '/root/colcon_ws/install/dasc_msgs/lib'
[4.139s] Level 1:colcon.colcon_core.shell:create_environment_hook('dasc_msgs', 'ld_library_path_lib')
[4.139s] INFO:colcon.colcon_core.shell:Creating environment hook '/root/colcon_ws/install/dasc_msgs/share/dasc_msgs/hook/ld_library_path_lib.ps1'
[4.140s] INFO:colcon.colcon_core.shell:Creating environment descriptor '/root/colcon_ws/install/dasc_msgs/share/dasc_msgs/hook/ld_library_path_lib.dsv'
[4.140s] INFO:colcon.colcon_core.shell:Creating environment hook '/root/colcon_ws/install/dasc_msgs/share/dasc_msgs/hook/ld_library_path_lib.sh'
[4.140s] Level 1:colcon.colcon_core.environment:checking '/root/colcon_ws/install/dasc_msgs/bin'
[4.140s] Level 1:colcon.colcon_core.environment:checking '/root/colcon_ws/install/dasc_msgs/lib/pkgconfig/dasc_msgs.pc'
[4.140s] Level 1:colcon.colcon_core.environment:checking '/root/colcon_ws/install/dasc_msgs/lib/python3.8/site-packages'
[4.140s] Level 1:colcon.colcon_core.shell:create_environment_hook('dasc_msgs', 'pythonpath')
[4.141s] INFO:colcon.colcon_core.shell:Creating environment hook '/root/colcon_ws/install/dasc_msgs/share/dasc_msgs/hook/pythonpath.ps1'
[4.141s] INFO:colcon.colcon_core.shell:Creating environment descriptor '/root/colcon_ws/install/dasc_msgs/share/dasc_msgs/hook/pythonpath.dsv'
[4.142s] INFO:colcon.colcon_core.shell:Creating environment hook '/root/colcon_ws/install/dasc_msgs/share/dasc_msgs/hook/pythonpath.sh'
[4.142s] Level 1:colcon.colcon_core.environment:checking '/root/colcon_ws/install/dasc_msgs/bin'
[4.143s] INFO:colcon.colcon_core.shell:Creating package script '/root/colcon_ws/install/dasc_msgs/share/dasc_msgs/package.ps1'
[4.143s] INFO:colcon.colcon_core.shell:Creating package descriptor '/root/colcon_ws/install/dasc_msgs/share/dasc_msgs/package.dsv'
[4.144s] INFO:colcon.colcon_core.shell:Creating package script '/root/colcon_ws/install/dasc_msgs/share/dasc_msgs/package.sh'
[4.144s] INFO:colcon.colcon_core.shell:Creating package script '/root/colcon_ws/install/dasc_msgs/share/dasc_msgs/package.bash'
[4.144s] INFO:colcon.colcon_core.shell:Creating package script '/root/colcon_ws/install/dasc_msgs/share/dasc_msgs/package.zsh'
[4.144s] Level 1:colcon.colcon_core.environment:create_file_with_runtime_dependencies(/root/colcon_ws/install/dasc_msgs/share/colcon-core/packages/dasc_msgs)
[12.857s] DEBUG:colcon.colcon_core.event_handler.log_command:Invoked command in '/root/colcon_ws/build/px4_msgs' returned '0': CMAKE_PREFIX_PATH=/opt/ros/galactic /usr/bin/cmake --build /root/colcon_ws/build/px4_msgs -- -j20 -l20
[13.073s] DEBUG:colcon.colcon_core.event_handler.log_command:Invoking command in '/root/colcon_ws/build/px4_msgs': CMAKE_PREFIX_PATH=/opt/ros/galactic /usr/bin/cmake --install /root/colcon_ws/build/px4_msgs
[14.777s] Level 1:colcon.colcon_core.environment:create_environment_scripts_only(px4_msgs)
[14.779s] Level 1:colcon.colcon_core.environment:checking '/root/colcon_ws/install/px4_msgs' for CMake module files
[14.779s] DEBUG:colcon.colcon_core.event_handler.log_command:Invoked command in '/root/colcon_ws/build/px4_msgs' returned '0': CMAKE_PREFIX_PATH=/opt/ros/galactic /usr/bin/cmake --install /root/colcon_ws/build/px4_msgs
[14.779s] Level 1:colcon.colcon_core.environment:checking '/root/colcon_ws/install/px4_msgs' for CMake config files
[14.780s] Level 1:colcon.colcon_core.shell:create_environment_hook('px4_msgs', 'cmake_prefix_path')
[14.781s] INFO:colcon.colcon_core.shell:Creating environment hook '/root/colcon_ws/install/px4_msgs/share/px4_msgs/hook/cmake_prefix_path.ps1'
[14.781s] INFO:colcon.colcon_core.shell:Creating environment descriptor '/root/colcon_ws/install/px4_msgs/share/px4_msgs/hook/cmake_prefix_path.dsv'
[14.781s] INFO:colcon.colcon_core.shell:Creating environment hook '/root/colcon_ws/install/px4_msgs/share/px4_msgs/hook/cmake_prefix_path.sh'
[14.782s] Level 1:colcon.colcon_core.environment:checking '/root/colcon_ws/install/px4_msgs/lib'
[14.782s] Level 1:colcon.colcon_core.shell:create_environment_hook('px4_msgs', 'ld_library_path_lib')
[14.782s] INFO:colcon.colcon_core.shell:Creating environment hook '/root/colcon_ws/install/px4_msgs/share/px4_msgs/hook/ld_library_path_lib.ps1'
[14.782s] INFO:colcon.colcon_core.shell:Creating environment descriptor '/root/colcon_ws/install/px4_msgs/share/px4_msgs/hook/ld_library_path_lib.dsv'
[14.782s] INFO:colcon.colcon_core.shell:Creating environment hook '/root/colcon_ws/install/px4_msgs/share/px4_msgs/hook/ld_library_path_lib.sh'
[14.783s] Level 1:colcon.colcon_core.environment:checking '/root/colcon_ws/install/px4_msgs/bin'
[14.783s] Level 1:colcon.colcon_core.environment:checking '/root/colcon_ws/install/px4_msgs/lib/pkgconfig/px4_msgs.pc'
[14.783s] Level 1:colcon.colcon_core.environment:checking '/root/colcon_ws/install/px4_msgs/lib/python3.8/site-packages'
[14.783s] Level 1:colcon.colcon_core.shell:create_environment_hook('px4_msgs', 'pythonpath')
[14.783s] INFO:colcon.colcon_core.shell:Creating environment hook '/root/colcon_ws/install/px4_msgs/share/px4_msgs/hook/pythonpath.ps1'
[14.784s] INFO:colcon.colcon_core.shell:Creating environment descriptor '/root/colcon_ws/install/px4_msgs/share/px4_msgs/hook/pythonpath.dsv'
[14.784s] INFO:colcon.colcon_core.shell:Creating environment hook '/root/colcon_ws/install/px4_msgs/share/px4_msgs/hook/pythonpath.sh'
[14.784s] Level 1:colcon.colcon_core.environment:checking '/root/colcon_ws/install/px4_msgs/bin'
[14.785s] INFO:colcon.colcon_core.shell:Creating package script '/root/colcon_ws/install/px4_msgs/share/px4_msgs/package.ps1'
[14.785s] INFO:colcon.colcon_core.shell:Creating package descriptor '/root/colcon_ws/install/px4_msgs/share/px4_msgs/package.dsv'
[14.785s] INFO:colcon.colcon_core.shell:Creating package script '/root/colcon_ws/install/px4_msgs/share/px4_msgs/package.sh'
[14.785s] INFO:colcon.colcon_core.shell:Creating package script '/root/colcon_ws/install/px4_msgs/share/px4_msgs/package.bash'
[14.786s] INFO:colcon.colcon_core.shell:Creating package script '/root/colcon_ws/install/px4_msgs/share/px4_msgs/package.zsh'
[14.786s] Level 1:colcon.colcon_core.environment:create_file_with_runtime_dependencies(/root/colcon_ws/install/px4_msgs/share/colcon-core/packages/px4_msgs)
[14.998s] Level 1:colcon.colcon_core.environment:create_environment_scripts_only(px4_msgs)
[15.000s] Level 1:colcon.colcon_core.environment:checking '/root/colcon_ws/install/px4_msgs' for CMake module files
[15.001s] Level 1:colcon.colcon_core.environment:checking '/root/colcon_ws/install/px4_msgs' for CMake config files
[15.002s] Level 1:colcon.colcon_core.shell:create_environment_hook('px4_msgs', 'cmake_prefix_path')
[15.002s] INFO:colcon.colcon_core.shell:Creating environment hook '/root/colcon_ws/install/px4_msgs/share/px4_msgs/hook/cmake_prefix_path.ps1'
[15.003s] INFO:colcon.colcon_core.shell:Creating environment descriptor '/root/colcon_ws/install/px4_msgs/share/px4_msgs/hook/cmake_prefix_path.dsv'
[15.003s] INFO:colcon.colcon_core.shell:Creating environment hook '/root/colcon_ws/install/px4_msgs/share/px4_msgs/hook/cmake_prefix_path.sh'
[15.003s] Level 1:colcon.colcon_core.environment:checking '/root/colcon_ws/install/px4_msgs/lib'
[15.003s] Level 1:colcon.colcon_core.shell:create_environment_hook('px4_msgs', 'ld_library_path_lib')
[15.004s] INFO:colcon.colcon_core.shell:Creating environment hook '/root/colcon_ws/install/px4_msgs/share/px4_msgs/hook/ld_library_path_lib.ps1'
[15.004s] INFO:colcon.colcon_core.shell:Creating environment descriptor '/root/colcon_ws/install/px4_msgs/share/px4_msgs/hook/ld_library_path_lib.dsv'
[15.004s] INFO:colcon.colcon_core.shell:Creating environment hook '/root/colcon_ws/install/px4_msgs/share/px4_msgs/hook/ld_library_path_lib.sh'
[15.005s] Level 1:colcon.colcon_core.environment:checking '/root/colcon_ws/install/px4_msgs/bin'
[15.005s] Level 1:colcon.colcon_core.environment:checking '/root/colcon_ws/install/px4_msgs/lib/pkgconfig/px4_msgs.pc'
[15.005s] Level 1:colcon.colcon_core.environment:checking '/root/colcon_ws/install/px4_msgs/lib/python3.8/site-packages'
[15.005s] Level 1:colcon.colcon_core.shell:create_environment_hook('px4_msgs', 'pythonpath')
[15.005s] INFO:colcon.colcon_core.shell:Creating environment hook '/root/colcon_ws/install/px4_msgs/share/px4_msgs/hook/pythonpath.ps1'
[15.005s] INFO:colcon.colcon_core.shell:Creating environment descriptor '/root/colcon_ws/install/px4_msgs/share/px4_msgs/hook/pythonpath.dsv'
[15.006s] INFO:colcon.colcon_core.shell:Creating environment hook '/root/colcon_ws/install/px4_msgs/share/px4_msgs/hook/pythonpath.sh'
[15.006s] Level 1:colcon.colcon_core.environment:checking '/root/colcon_ws/install/px4_msgs/bin'
[15.007s] INFO:colcon.colcon_core.shell:Creating package script '/root/colcon_ws/install/px4_msgs/share/px4_msgs/package.ps1'
[15.007s] INFO:colcon.colcon_core.shell:Creating package descriptor '/root/colcon_ws/install/px4_msgs/share/px4_msgs/package.dsv'
[15.007s] INFO:colcon.colcon_core.shell:Creating package script '/root/colcon_ws/install/px4_msgs/share/px4_msgs/package.sh'
[15.008s] INFO:colcon.colcon_core.shell:Creating package script '/root/colcon_ws/install/px4_msgs/share/px4_msgs/package.bash'
[15.008s] INFO:colcon.colcon_core.shell:Creating package script '/root/colcon_ws/install/px4_msgs/share/px4_msgs/package.zsh'
[15.008s] Level 1:colcon.colcon_core.environment:create_file_with_runtime_dependencies(/root/colcon_ws/install/px4_msgs/share/colcon-core/packages/px4_msgs)
[15.008s] INFO:colcon.colcon_ros.task.ament_cmake.build:Building ROS package in '/root/colcon_ws/src/dasc_robot_gui' with build type 'ament_cmake'
[15.008s] INFO:colcon.colcon_cmake.task.cmake.build:Building CMake package in '/root/colcon_ws/src/dasc_robot_gui'
[15.009s] INFO:colcon.colcon_core.shell:Skip shell extension 'powershell' for command environment: Not usable outside of PowerShell
[15.009s] DEBUG:colcon.colcon_core.shell:Skip shell extension 'dsv' for command environment
[15.012s] INFO:colcon.colcon_ros.task.ament_cmake.build:Building ROS package in '/root/colcon_ws/src/dasc_ros_common/dasc_ros_utils' with build type 'ament_cmake'
[15.013s] INFO:colcon.colcon_cmake.task.cmake.build:Building CMake package in '/root/colcon_ws/src/dasc_ros_common/dasc_ros_utils'
[15.013s] INFO:colcon.colcon_core.shell:Skip shell extension 'powershell' for command environment: Not usable outside of PowerShell
[15.013s] DEBUG:colcon.colcon_core.shell:Skip shell extension 'dsv' for command environment
[15.019s] DEBUG:colcon.colcon_core.event_handler.log_command:Invoking command in '/root/colcon_ws/build/dasc_robot_gui': AMENT_PREFIX_PATH=/root/colcon_ws/install/px4_msgs:${AMENT_PREFIX_PATH} CMAKE_PREFIX_PATH=/root/colcon_ws/install/px4_msgs:/opt/ros/galactic LD_LIBRARY_PATH=/root/colcon_ws/install/px4_msgs/lib:${LD_LIBRARY_PATH} PYTHONPATH=/root/colcon_ws/install/px4_msgs/lib/python3.8/site-packages:${PYTHONPATH} /usr/bin/cmake /root/colcon_ws/src/dasc_robot_gui -DAMENT_CMAKE_SYMLINK_INSTALL=1 -DCMAKE_INSTALL_PREFIX=/root/colcon_ws/install/dasc_robot_gui
[15.025s] DEBUG:colcon.colcon_core.event_handler.log_command:Invoking command in '/root/colcon_ws/build/dasc_ros_utils': AMENT_PREFIX_PATH=/root/colcon_ws/install/px4_msgs:/root/colcon_ws/install/dasc_msgs:${AMENT_PREFIX_PATH} CMAKE_PREFIX_PATH=/root/colcon_ws/install/px4_msgs:/root/colcon_ws/install/dasc_msgs:/opt/ros/galactic LD_LIBRARY_PATH=/root/colcon_ws/install/px4_msgs/lib:/root/colcon_ws/install/dasc_msgs/lib:${LD_LIBRARY_PATH} PYTHONPATH=/root/colcon_ws/install/px4_msgs/lib/python3.8/site-packages:/root/colcon_ws/install/dasc_msgs/lib/python3.8/site-packages:${PYTHONPATH} /usr/bin/cmake /root/colcon_ws/src/dasc_ros_common/dasc_ros_utils -DAMENT_CMAKE_SYMLINK_INSTALL=1 -DCMAKE_INSTALL_PREFIX=/root/colcon_ws/install/dasc_ros_utils
[16.522s] DEBUG:colcon.colcon_core.event_handler.log_command:Invoked command in '/root/colcon_ws/build/dasc_ros_utils' returned '0': AMENT_PREFIX_PATH=/root/colcon_ws/install/px4_msgs:/root/colcon_ws/install/dasc_msgs:${AMENT_PREFIX_PATH} CMAKE_PREFIX_PATH=/root/colcon_ws/install/px4_msgs:/root/colcon_ws/install/dasc_msgs:/opt/ros/galactic LD_LIBRARY_PATH=/root/colcon_ws/install/px4_msgs/lib:/root/colcon_ws/install/dasc_msgs/lib:${LD_LIBRARY_PATH} PYTHONPATH=/root/colcon_ws/install/px4_msgs/lib/python3.8/site-packages:/root/colcon_ws/install/dasc_msgs/lib/python3.8/site-packages:${PYTHONPATH} /usr/bin/cmake /root/colcon_ws/src/dasc_ros_common/dasc_ros_utils -DAMENT_CMAKE_SYMLINK_INSTALL=1 -DCMAKE_INSTALL_PREFIX=/root/colcon_ws/install/dasc_ros_utils
[16.523s] DEBUG:colcon.colcon_core.event_handler.log_command:Invoking command in '/root/colcon_ws/build/dasc_ros_utils': AMENT_PREFIX_PATH=/root/colcon_ws/install/px4_msgs:/root/colcon_ws/install/dasc_msgs:${AMENT_PREFIX_PATH} CMAKE_PREFIX_PATH=/root/colcon_ws/install/px4_msgs:/root/colcon_ws/install/dasc_msgs:/opt/ros/galactic LD_LIBRARY_PATH=/root/colcon_ws/install/px4_msgs/lib:/root/colcon_ws/install/dasc_msgs/lib:${LD_LIBRARY_PATH} PYTHONPATH=/root/colcon_ws/install/px4_msgs/lib/python3.8/site-packages:/root/colcon_ws/install/dasc_msgs/lib/python3.8/site-packages:${PYTHONPATH} /usr/bin/cmake --build /root/colcon_ws/build/dasc_ros_utils -- -j20 -l20
[17.154s] DEBUG:colcon.colcon_core.event_handler.log_command:Invoked command in '/root/colcon_ws/build/dasc_robot_gui' returned '0': AMENT_PREFIX_PATH=/root/colcon_ws/install/px4_msgs:${AMENT_PREFIX_PATH} CMAKE_PREFIX_PATH=/root/colcon_ws/install/px4_msgs:/opt/ros/galactic LD_LIBRARY_PATH=/root/colcon_ws/install/px4_msgs/lib:${LD_LIBRARY_PATH} PYTHONPATH=/root/colcon_ws/install/px4_msgs/lib/python3.8/site-packages:${PYTHONPATH} /usr/bin/cmake /root/colcon_ws/src/dasc_robot_gui -DAMENT_CMAKE_SYMLINK_INSTALL=1 -DCMAKE_INSTALL_PREFIX=/root/colcon_ws/install/dasc_robot_gui
[17.157s] DEBUG:colcon.colcon_core.event_handler.log_command:Invoking command in '/root/colcon_ws/build/dasc_robot_gui': AMENT_PREFIX_PATH=/root/colcon_ws/install/px4_msgs:${AMENT_PREFIX_PATH} CMAKE_PREFIX_PATH=/root/colcon_ws/install/px4_msgs:/opt/ros/galactic LD_LIBRARY_PATH=/root/colcon_ws/install/px4_msgs/lib:${LD_LIBRARY_PATH} PYTHONPATH=/root/colcon_ws/install/px4_msgs/lib/python3.8/site-packages:${PYTHONPATH} /usr/bin/cmake --build /root/colcon_ws/build/dasc_robot_gui -- -j20 -l20
[22.230s] DEBUG:colcon.colcon_core.event_handler.log_command:Invoked command in '/root/colcon_ws/build/dasc_ros_utils' returned '0': AMENT_PREFIX_PATH=/root/colcon_ws/install/px4_msgs:/root/colcon_ws/install/dasc_msgs:${AMENT_PREFIX_PATH} CMAKE_PREFIX_PATH=/root/colcon_ws/install/px4_msgs:/root/colcon_ws/install/dasc_msgs:/opt/ros/galactic LD_LIBRARY_PATH=/root/colcon_ws/install/px4_msgs/lib:/root/colcon_ws/install/dasc_msgs/lib:${LD_LIBRARY_PATH} PYTHONPATH=/root/colcon_ws/install/px4_msgs/lib/python3.8/site-packages:/root/colcon_ws/install/dasc_msgs/lib/python3.8/site-packages:${PYTHONPATH} /usr/bin/cmake --build /root/colcon_ws/build/dasc_ros_utils -- -j20 -l20
[22.254s] DEBUG:colcon.colcon_core.event_handler.log_command:Invoking command in '/root/colcon_ws/build/dasc_ros_utils': AMENT_PREFIX_PATH=/root/colcon_ws/install/px4_msgs:/root/colcon_ws/install/dasc_msgs:${AMENT_PREFIX_PATH} CMAKE_PREFIX_PATH=/root/colcon_ws/install/px4_msgs:/root/colcon_ws/install/dasc_msgs:/opt/ros/galactic LD_LIBRARY_PATH=/root/colcon_ws/install/px4_msgs/lib:/root/colcon_ws/install/dasc_msgs/lib:${LD_LIBRARY_PATH} PYTHONPATH=/root/colcon_ws/install/px4_msgs/lib/python3.8/site-packages:/root/colcon_ws/install/dasc_msgs/lib/python3.8/site-packages:${PYTHONPATH} /usr/bin/cmake --install /root/colcon_ws/build/dasc_ros_utils
[22.468s] Level 1:colcon.colcon_core.environment:create_environment_scripts_only(dasc_ros_utils)
[22.469s] Level 1:colcon.colcon_core.environment:checking '/root/colcon_ws/install/dasc_ros_utils' for CMake module files
[22.469s] DEBUG:colcon.colcon_core.event_handler.log_command:Invoked command in '/root/colcon_ws/build/dasc_ros_utils' returned '0': AMENT_PREFIX_PATH=/root/colcon_ws/install/px4_msgs:/root/colcon_ws/install/dasc_msgs:${AMENT_PREFIX_PATH} CMAKE_PREFIX_PATH=/root/colcon_ws/install/px4_msgs:/root/colcon_ws/install/dasc_msgs:/opt/ros/galactic LD_LIBRARY_PATH=/root/colcon_ws/install/px4_msgs/lib:/root/colcon_ws/install/dasc_msgs/lib:${LD_LIBRARY_PATH} PYTHONPATH=/root/colcon_ws/install/px4_msgs/lib/python3.8/site-packages:/root/colcon_ws/install/dasc_msgs/lib/python3.8/site-packages:${PYTHONPATH} /usr/bin/cmake --install /root/colcon_ws/build/dasc_ros_utils
[22.469s] Level 1:colcon.colcon_core.environment:checking '/root/colcon_ws/install/dasc_ros_utils' for CMake config files
[22.470s] Level 1:colcon.colcon_core.shell:create_environment_hook('dasc_ros_utils', 'cmake_prefix_path')
[22.470s] INFO:colcon.colcon_core.shell:Creating environment hook '/root/colcon_ws/install/dasc_ros_utils/share/dasc_ros_utils/hook/cmake_prefix_path.ps1'
[22.471s] INFO:colcon.colcon_core.shell:Creating environment descriptor '/root/colcon_ws/install/dasc_ros_utils/share/dasc_ros_utils/hook/cmake_prefix_path.dsv'
[22.471s] INFO:colcon.colcon_core.shell:Creating environment hook '/root/colcon_ws/install/dasc_ros_utils/share/dasc_ros_utils/hook/cmake_prefix_path.sh'
[22.471s] Level 1:colcon.colcon_core.environment:checking '/root/colcon_ws/install/dasc_ros_utils/lib'
[22.471s] Level 1:colcon.colcon_core.environment:checking '/root/colcon_ws/install/dasc_ros_utils/bin'
[22.471s] Level 1:colcon.colcon_core.environment:checking '/root/colcon_ws/install/dasc_ros_utils/lib/pkgconfig/dasc_ros_utils.pc'
[22.472s] Level 1:colcon.colcon_core.environment:checking '/root/colcon_ws/install/dasc_ros_utils/lib/python3.8/site-packages'
[22.472s] Level 1:colcon.colcon_core.shell:create_environment_hook('dasc_ros_utils', 'pythonpath')
[22.472s] INFO:colcon.colcon_core.shell:Creating environment hook '/root/colcon_ws/install/dasc_ros_utils/share/dasc_ros_utils/hook/pythonpath.ps1'
[22.472s] INFO:colcon.colcon_core.shell:Creating environment descriptor '/root/colcon_ws/install/dasc_ros_utils/share/dasc_ros_utils/hook/pythonpath.dsv'
[22.473s] INFO:colcon.colcon_core.shell:Creating environment hook '/root/colcon_ws/install/dasc_ros_utils/share/dasc_ros_utils/hook/pythonpath.sh'
[22.473s] Level 1:colcon.colcon_core.environment:checking '/root/colcon_ws/install/dasc_ros_utils/bin'
[22.474s] INFO:colcon.colcon_core.shell:Creating package script '/root/colcon_ws/install/dasc_ros_utils/share/dasc_ros_utils/package.ps1'
[22.474s] INFO:colcon.colcon_core.shell:Creating package descriptor '/root/colcon_ws/install/dasc_ros_utils/share/dasc_ros_utils/package.dsv'
[22.474s] INFO:colcon.colcon_core.shell:Creating package script '/root/colcon_ws/install/dasc_ros_utils/share/dasc_ros_utils/package.sh'
[22.474s] INFO:colcon.colcon_core.shell:Creating package script '/root/colcon_ws/install/dasc_ros_utils/share/dasc_ros_utils/package.bash'
[22.475s] INFO:colcon.colcon_core.shell:Creating package script '/root/colcon_ws/install/dasc_ros_utils/share/dasc_ros_utils/package.zsh'
[22.475s] Level 1:colcon.colcon_core.environment:create_file_with_runtime_dependencies(/root/colcon_ws/install/dasc_ros_utils/share/colcon-core/packages/dasc_ros_utils)
[22.501s] Level 1:colcon.colcon_core.environment:create_environment_scripts_only(dasc_ros_utils)
[22.502s] Level 1:colcon.colcon_core.environment:checking '/root/colcon_ws/install/dasc_ros_utils' for CMake module files
[22.503s] Level 1:colcon.colcon_core.environment:checking '/root/colcon_ws/install/dasc_ros_utils' for CMake config files
[22.503s] Level 1:colcon.colcon_core.shell:create_environment_hook('dasc_ros_utils', 'cmake_prefix_path')
[22.504s] INFO:colcon.colcon_core.shell:Creating environment hook '/root/colcon_ws/install/dasc_ros_utils/share/dasc_ros_utils/hook/cmake_prefix_path.ps1'
[22.504s] INFO:colcon.colcon_core.shell:Creating environment descriptor '/root/colcon_ws/install/dasc_ros_utils/share/dasc_ros_utils/hook/cmake_prefix_path.dsv'
[22.504s] INFO:colcon.colcon_core.shell:Creating environment hook '/root/colcon_ws/install/dasc_ros_utils/share/dasc_ros_utils/hook/cmake_prefix_path.sh'
[22.505s] Level 1:colcon.colcon_core.environment:checking '/root/colcon_ws/install/dasc_ros_utils/lib'
[22.505s] Level 1:colcon.colcon_core.environment:checking '/root/colcon_ws/install/dasc_ros_utils/bin'
[22.505s] Level 1:colcon.colcon_core.environment:checking '/root/colcon_ws/install/dasc_ros_utils/lib/pkgconfig/dasc_ros_utils.pc'
[22.505s] Level 1:colcon.colcon_core.environment:checking '/root/colcon_ws/install/dasc_ros_utils/lib/python3.8/site-packages'
[22.505s] Level 1:colcon.colcon_core.shell:create_environment_hook('dasc_ros_utils', 'pythonpath')
[22.506s] INFO:colcon.colcon_core.shell:Creating environment hook '/root/colcon_ws/install/dasc_ros_utils/share/dasc_ros_utils/hook/pythonpath.ps1'
[22.506s] INFO:colcon.colcon_core.shell:Creating environment descriptor '/root/colcon_ws/install/dasc_ros_utils/share/dasc_ros_utils/hook/pythonpath.dsv'
[22.506s] INFO:colcon.colcon_core.shell:Creating environment hook '/root/colcon_ws/install/dasc_ros_utils/share/dasc_ros_utils/hook/pythonpath.sh'
[22.506s] Level 1:colcon.colcon_core.environment:checking '/root/colcon_ws/install/dasc_ros_utils/bin'
[22.507s] INFO:colcon.colcon_core.shell:Creating package script '/root/colcon_ws/install/dasc_ros_utils/share/dasc_ros_utils/package.ps1'
[22.507s] INFO:colcon.colcon_core.shell:Creating package descriptor '/root/colcon_ws/install/dasc_ros_utils/share/dasc_ros_utils/package.dsv'
[22.508s] INFO:colcon.colcon_core.shell:Creating package script '/root/colcon_ws/install/dasc_ros_utils/share/dasc_ros_utils/package.sh'
[22.508s] INFO:colcon.colcon_core.shell:Creating package script '/root/colcon_ws/install/dasc_ros_utils/share/dasc_ros_utils/package.bash'
[22.508s] INFO:colcon.colcon_core.shell:Creating package script '/root/colcon_ws/install/dasc_ros_utils/share/dasc_ros_utils/package.zsh'
[22.508s] Level 1:colcon.colcon_core.environment:create_file_with_runtime_dependencies(/root/colcon_ws/install/dasc_ros_utils/share/colcon-core/packages/dasc_ros_utils)
[30.272s] DEBUG:colcon.colcon_core.event_handler.log_command:Invoked command in '/root/colcon_ws/build/dasc_robot_gui' returned '0': AMENT_PREFIX_PATH=/root/colcon_ws/install/px4_msgs:${AMENT_PREFIX_PATH} CMAKE_PREFIX_PATH=/root/colcon_ws/install/px4_msgs:/opt/ros/galactic LD_LIBRARY_PATH=/root/colcon_ws/install/px4_msgs/lib:${LD_LIBRARY_PATH} PYTHONPATH=/root/colcon_ws/install/px4_msgs/lib/python3.8/site-packages:${PYTHONPATH} /usr/bin/cmake --build /root/colcon_ws/build/dasc_robot_gui -- -j20 -l20
[30.298s] DEBUG:colcon.colcon_core.event_handler.log_command:Invoking command in '/root/colcon_ws/build/dasc_robot_gui': AMENT_PREFIX_PATH=/root/colcon_ws/install/px4_msgs:${AMENT_PREFIX_PATH} CMAKE_PREFIX_PATH=/root/colcon_ws/install/px4_msgs:/opt/ros/galactic LD_LIBRARY_PATH=/root/colcon_ws/install/px4_msgs/lib:${LD_LIBRARY_PATH} PYTHONPATH=/root/colcon_ws/install/px4_msgs/lib/python3.8/site-packages:${PYTHONPATH} /usr/bin/cmake --install /root/colcon_ws/build/dasc_robot_gui
[30.437s] Level 1:colcon.colcon_core.environment:create_environment_scripts_only(dasc_robot_gui)
[30.438s] Level 1:colcon.colcon_core.environment:checking '/root/colcon_ws/install/dasc_robot_gui' for CMake module files
[30.438s] DEBUG:colcon.colcon_core.event_handler.log_command:Invoked command in '/root/colcon_ws/build/dasc_robot_gui' returned '0': AMENT_PREFIX_PATH=/root/colcon_ws/install/px4_msgs:${AMENT_PREFIX_PATH} CMAKE_PREFIX_PATH=/root/colcon_ws/install/px4_msgs:/opt/ros/galactic LD_LIBRARY_PATH=/root/colcon_ws/install/px4_msgs/lib:${LD_LIBRARY_PATH} PYTHONPATH=/root/colcon_ws/install/px4_msgs/lib/python3.8/site-packages:${PYTHONPATH} /usr/bin/cmake --install /root/colcon_ws/build/dasc_robot_gui
[30.438s] Level 1:colcon.colcon_core.environment:checking '/root/colcon_ws/install/dasc_robot_gui' for CMake config files
[30.439s] Level 1:colcon.colcon_core.shell:create_environment_hook('dasc_robot_gui', 'cmake_prefix_path')
[30.439s] INFO:colcon.colcon_core.shell:Creating environment hook '/root/colcon_ws/install/dasc_robot_gui/share/dasc_robot_gui/hook/cmake_prefix_path.ps1'
[30.440s] INFO:colcon.colcon_core.shell:Creating environment descriptor '/root/colcon_ws/install/dasc_robot_gui/share/dasc_robot_gui/hook/cmake_prefix_path.dsv'
[30.440s] INFO:colcon.colcon_core.shell:Creating environment hook '/root/colcon_ws/install/dasc_robot_gui/share/dasc_robot_gui/hook/cmake_prefix_path.sh'
[30.440s] Level 1:colcon.colcon_core.environment:checking '/root/colcon_ws/install/dasc_robot_gui/lib'
[30.440s] Level 1:colcon.colcon_core.environment:checking '/root/colcon_ws/install/dasc_robot_gui/bin'
[30.440s] Level 1:colcon.colcon_core.environment:checking '/root/colcon_ws/install/dasc_robot_gui/lib/pkgconfig/dasc_robot_gui.pc'
[30.440s] Level 1:colcon.colcon_core.environment:checking '/root/colcon_ws/install/dasc_robot_gui/lib/python3.8/site-packages'
[30.440s] Level 1:colcon.colcon_core.environment:checking '/root/colcon_ws/install/dasc_robot_gui/bin'
[30.441s] INFO:colcon.colcon_core.shell:Creating package script '/root/colcon_ws/install/dasc_robot_gui/share/dasc_robot_gui/package.ps1'
[30.441s] INFO:colcon.colcon_core.shell:Creating package descriptor '/root/colcon_ws/install/dasc_robot_gui/share/dasc_robot_gui/package.dsv'
[30.442s] INFO:colcon.colcon_core.shell:Creating package script '/root/colcon_ws/install/dasc_robot_gui/share/dasc_robot_gui/package.sh'
[30.442s] INFO:colcon.colcon_core.shell:Creating package script '/root/colcon_ws/install/dasc_robot_gui/share/dasc_robot_gui/package.bash'
[30.442s] INFO:colcon.colcon_core.shell:Creating package script '/root/colcon_ws/install/dasc_robot_gui/share/dasc_robot_gui/package.zsh'
[30.442s] Level 1:colcon.colcon_core.environment:create_file_with_runtime_dependencies(/root/colcon_ws/install/dasc_robot_gui/share/colcon-core/packages/dasc_robot_gui)
[30.470s] Level 1:colcon.colcon_core.environment:create_environment_scripts_only(dasc_robot_gui)
[30.471s] Level 1:colcon.colcon_core.environment:checking '/root/colcon_ws/install/dasc_robot_gui' for CMake module files
[30.471s] Level 1:colcon.colcon_core.environment:checking '/root/colcon_ws/install/dasc_robot_gui' for CMake config files
[30.471s] Level 1:colcon.colcon_core.shell:create_environment_hook('dasc_robot_gui', 'cmake_prefix_path')
[30.472s] INFO:colcon.colcon_core.shell:Creating environment hook '/root/colcon_ws/install/dasc_robot_gui/share/dasc_robot_gui/hook/cmake_prefix_path.ps1'
[30.472s] INFO:colcon.colcon_core.shell:Creating environment descriptor '/root/colcon_ws/install/dasc_robot_gui/share/dasc_robot_gui/hook/cmake_prefix_path.dsv'
[30.472s] INFO:colcon.colcon_core.shell:Creating environment hook '/root/colcon_ws/install/dasc_robot_gui/share/dasc_robot_gui/hook/cmake_prefix_path.sh'
[30.473s] Level 1:colcon.colcon_core.environment:checking '/root/colcon_ws/install/dasc_robot_gui/lib'
[30.473s] Level 1:colcon.colcon_core.environment:checking '/root/colcon_ws/install/dasc_robot_gui/bin'
[30.473s] Level 1:colcon.colcon_core.environment:checking '/root/colcon_ws/install/dasc_robot_gui/lib/pkgconfig/dasc_robot_gui.pc'
[30.473s] Level 1:colcon.colcon_core.environment:checking '/root/colcon_ws/install/dasc_robot_gui/lib/python3.8/site-packages'
[30.473s] Level 1:colcon.colcon_core.environment:checking '/root/colcon_ws/install/dasc_robot_gui/bin'
[30.474s] INFO:colcon.colcon_core.shell:Creating package script '/root/colcon_ws/install/dasc_robot_gui/share/dasc_robot_gui/package.ps1'
[30.474s] INFO:colcon.colcon_core.shell:Creating package descriptor '/root/colcon_ws/install/dasc_robot_gui/share/dasc_robot_gui/package.dsv'
[30.474s] INFO:colcon.colcon_core.shell:Creating package script '/root/colcon_ws/install/dasc_robot_gui/share/dasc_robot_gui/package.sh'
[30.474s] INFO:colcon.colcon_core.shell:Creating package script '/root/colcon_ws/install/dasc_robot_gui/share/dasc_robot_gui/package.bash'
[30.475s] INFO:colcon.colcon_core.shell:Creating package script '/root/colcon_ws/install/dasc_robot_gui/share/dasc_robot_gui/package.zsh'
[30.475s] Level 1:colcon.colcon_core.environment:create_file_with_runtime_dependencies(/root/colcon_ws/install/dasc_robot_gui/share/colcon-core/packages/dasc_robot_gui)
[30.475s] DEBUG:colcon.colcon_parallel_executor.executor.parallel:closing loop
[30.475s] DEBUG:colcon.colcon_parallel_executor.executor.parallel:loop closed
[30.475s] DEBUG:colcon.colcon_parallel_executor.executor.parallel:run_until_complete finished with '0'
[30.475s] DEBUG:colcon.colcon_core.event_reactor:joining thread
[30.491s] INFO:colcon.colcon_core.plugin_system:Skipping extension 'colcon_notification.desktop_notification.notify_send': Could not find 'notify-send'
[30.491s] INFO:colcon.colcon_core.plugin_system:Skipping extension 'colcon_notification.desktop_notification.terminal_notifier': Not used on non-Darwin systems
[30.491s] INFO:colcon.colcon_core.plugin_system:Skipping extension 'colcon_notification.desktop_notification.win32': Not used on non-Windows systems
[30.491s] INFO:colcon.colcon_notification.desktop_notification:Sending desktop notification using 'notify2'
[30.494s] DEBUG:colcon.colcon_notification.desktop_notification.notify2:Failed to initialize notify2: org.freedesktop.DBus.Error.Spawn.ExecFailed: /usr/bin/dbus-launch terminated abnormally without any error message
[30.494s] DEBUG:colcon.colcon_core.event_reactor:joined thread
[30.495s] INFO:colcon.colcon_core.shell:Creating prefix script '/root/colcon_ws/install/local_setup.ps1'
[30.496s] INFO:colcon.colcon_core.shell:Creating prefix util module '/root/colcon_ws/install/_local_setup_util_ps1.py'
[30.497s] INFO:colcon.colcon_core.shell:Creating prefix chain script '/root/colcon_ws/install/setup.ps1'
[30.497s] INFO:colcon.colcon_core.shell:Creating prefix script '/root/colcon_ws/install/local_setup.sh'
[30.498s] INFO:colcon.colcon_core.shell:Creating prefix util module '/root/colcon_ws/install/_local_setup_util_sh.py'
[30.498s] INFO:colcon.colcon_core.shell:Creating prefix chain script '/root/colcon_ws/install/setup.sh'
[30.499s] INFO:colcon.colcon_core.shell:Creating prefix script '/root/colcon_ws/install/local_setup.bash'
[30.499s] INFO:colcon.colcon_core.shell:Creating prefix chain script '/root/colcon_ws/install/setup.bash'
[30.500s] INFO:colcon.colcon_core.shell:Creating prefix script '/root/colcon_ws/install/local_setup.zsh'
[30.501s] INFO:colcon.colcon_core.shell:Creating prefix chain script '/root/colcon_ws/install/setup.zsh'
