-- The C compiler identification is GNU 9.4.0
-- The CXX compiler identification is GNU 9.4.0
-- Check for working C compiler: /usr/bin/cc
-- Check for working C compiler: /usr/bin/cc -- works
-- Detecting C compiler ABI info
-- Detecting C compiler ABI info - done
-- Detecting C compile features
-- Detecting C compile features - done
-- Check for working CXX compiler: /usr/bin/c++
-- Check for working CXX compiler: /usr/bin/c++ -- works
-- Detecting CXX compiler ABI info
-- Detecting CXX compiler ABI info - done
-- Detecting CXX compile features
-- Detecting CXX compile features - done
-- Found ament_cmake: 1.1.6 (/opt/ros/galactic/share/ament_cmake/cmake)
-- Found PythonInterp: /usr/bin/python3 (found suitable version "3.8.10", minimum required is "3") 
-- Using PYTHON_EXECUTABLE: /usr/bin/python3
-- Override CMake install command with custom implementation using symlinks instead of copying resources
-- Found builtin_interfaces: 1.0.3 (/opt/ros/galactic/share/builtin_interfaces/cmake)
-- Using all available rosidl_typesupport_c: rosidl_typesupport_fastrtps_c;rosidl_typesupport_introspection_c
-- Found rosidl_adapter: 2.2.3 (/opt/ros/galactic/share/rosidl_adapter/cmake)
-- Found OpenSSL: /usr/lib/x86_64-linux-gnu/libcrypto.so (found version "1.1.1f")  
-- Found FastRTPS: /opt/ros/galactic/include  
-- Using all available rosidl_typesupport_cpp: rosidl_typesupport_fastrtps_cpp;rosidl_typesupport_introspection_cpp
-- Found rosidl_default_generators: 1.1.1 (/opt/ros/galactic/share/rosidl_default_generators/cmake)
-- Found PythonInterp: /usr/bin/python3 (found version "3.8.10") 
-- Found ament_cmake_cppcheck: 0.10.7 (/opt/ros/galactic/share/ament_cmake_cppcheck/cmake)
-- Found ament_cmake_cpplint: 0.10.7 (/opt/ros/galactic/share/ament_cmake_cpplint/cmake)
-- Found ament_cmake_uncrustify: 0.10.7 (/opt/ros/galactic/share/ament_cmake_uncrustify/cmake)
-- Found ament_cmake_ros: 0.9.2 (/opt/ros/galactic/share/ament_cmake_ros/cmake)
-- Using all available rosidl_typesupport_c: rosidl_typesupport_fastrtps_c;rosidl_typesupport_introspection_c
-- Using all available rosidl_typesupport_cpp: rosidl_typesupport_fastrtps_cpp;rosidl_typesupport_introspection_cpp
-- Found PythonInterp: /usr/bin/python3 (found suitable version "3.8.10", minimum required is "3.5") 
-- Found python_cmake_module: 0.8.1 (/opt/ros/galactic/share/python_cmake_module/cmake)
-- Found PythonLibs: /usr/lib/x86_64-linux-gnu/libpython3.8.so (found suitable version "3.8.10", minimum required is "3.5") 
-- Using PYTHON_EXECUTABLE: /usr/bin/python3
-- Using PYTHON_INCLUDE_DIRS: /usr/include/python3.8
-- Using PYTHON_LIBRARIES: /usr/lib/x86_64-linux-gnu/libpython3.8.so
-- Found PythonExtra: .so  
-- Found ament_cmake_flake8: 0.10.7 (/opt/ros/galactic/share/ament_cmake_flake8/cmake)
-- Found ament_cmake_pep257: 0.10.7 (/opt/ros/galactic/share/ament_cmake_pep257/cmake)
-- Configuring done
-- Generating done
-- Build files have been written to: /root/colcon_ws/build/px4_msgs
[  1%] [34m[1mGenerating C code for ROS interfaces[0m
[35m[1mScanning dependencies of target px4_msgs__cpp[0m
[  1%] [34m[1mGenerating C++ code for ROS interfaces[0m
[  1%] Built target px4_msgs__cpp
[  2%] [34m[1mGenerating C++ type support for eProsima Fast-RTPS[0m
[  3%] [34m[1mGenerating C++ type support dispatch for ROS interfaces[0m
[  3%] [34m[1mGenerating C++ introspection for ROS interfaces[0m
[35m[1mScanning dependencies of target px4_msgs__rosidl_generator_c[0m
[  3%] [32mBuilding C object CMakeFiles/px4_msgs__rosidl_generator_c.dir/rosidl_generator_c/px4_msgs/msg/detail/commander_set_state__functions.c.o[0m
[  4%] [32mBuilding C object CMakeFiles/px4_msgs__rosidl_generator_c.dir/rosidl_generator_c/px4_msgs/msg/detail/commander_status__functions.c.o[0m
[  5%] [32mBuilding C object CMakeFiles/px4_msgs__rosidl_generator_c.dir/rosidl_generator_c/px4_msgs/msg/detail/parameter_req__functions.c.o[0m
[  5%] [32mBuilding C object CMakeFiles/px4_msgs__rosidl_generator_c.dir/rosidl_generator_c/px4_msgs/msg/detail/vehicle_command__functions.c.o[0m
[  6%] [32mBuilding C object CMakeFiles/px4_msgs__rosidl_generator_c.dir/rosidl_generator_c/px4_msgs/msg/detail/vehicle_local_position__functions.c.o[0m
[  6%] [32mBuilding C object CMakeFiles/px4_msgs__rosidl_generator_c.dir/rosidl_generator_c/px4_msgs/msg/detail/sensor_combined__functions.c.o[0m
[  7%] [32mBuilding C object CMakeFiles/px4_msgs__rosidl_generator_c.dir/rosidl_generator_c/px4_msgs/msg/detail/timesync_status__functions.c.o[0m
[  8%] [32mBuilding C object CMakeFiles/px4_msgs__rosidl_generator_c.dir/rosidl_generator_c/px4_msgs/msg/detail/trajectory_setpoint__functions.c.o[0m
[  9%] [32mBuilding C object CMakeFiles/px4_msgs__rosidl_generator_c.dir/rosidl_generator_c/px4_msgs/msg/detail/sensor_gps__functions.c.o[0m
[ 10%] [32mBuilding C object CMakeFiles/px4_msgs__rosidl_generator_c.dir/rosidl_generator_c/px4_msgs/msg/detail/parameter_res__functions.c.o[0m
[ 10%] [32mBuilding C object CMakeFiles/px4_msgs__rosidl_generator_c.dir/rosidl_generator_c/px4_msgs/msg/detail/vehicle_odometry__functions.c.o[0m
[ 11%] [32mBuilding C object CMakeFiles/px4_msgs__rosidl_generator_c.dir/rosidl_generator_c/px4_msgs/msg/detail/vehicle_control_mode__functions.c.o[0m
[ 12%] [32mBuilding C object CMakeFiles/px4_msgs__rosidl_generator_c.dir/rosidl_generator_c/px4_msgs/msg/detail/simple_battery_status__functions.c.o[0m
[ 13%] [32mBuilding C object CMakeFiles/px4_msgs__rosidl_generator_c.dir/rosidl_generator_c/px4_msgs/msg/detail/vehicle_status__functions.c.o[0m
[ 14%] [32m[1mLinking C shared library libpx4_msgs__rosidl_generator_c.so[0m
[ 14%] Built target px4_msgs__rosidl_generator_c
[ 16%] [34m[1mGenerating C type support dispatch for ROS interfaces[0m
[ 16%] [34m[1mGenerating C introspection for ROS interfaces[0m
[35m[1mScanning dependencies of target px4_msgs__rosidl_typesupport_introspection_cpp[0m
[ 17%] [32mBuilding CXX object CMakeFiles/px4_msgs__rosidl_typesupport_introspection_cpp.dir/rosidl_typesupport_introspection_cpp/px4_msgs/msg/detail/parameter_res__type_support.cpp.o[0m
[ 17%] [32mBuilding CXX object CMakeFiles/px4_msgs__rosidl_typesupport_introspection_cpp.dir/rosidl_typesupport_introspection_cpp/px4_msgs/msg/detail/parameter_req__type_support.cpp.o[0m
[ 18%] [32mBuilding CXX object CMakeFiles/px4_msgs__rosidl_typesupport_introspection_cpp.dir/rosidl_typesupport_introspection_cpp/px4_msgs/msg/detail/sensor_combined__type_support.cpp.o[0m
[ 20%] [32mBuilding CXX object CMakeFiles/px4_msgs__rosidl_typesupport_introspection_cpp.dir/rosidl_typesupport_introspection_cpp/px4_msgs/msg/detail/trajectory_setpoint__type_support.cpp.o[0m
[ 20%] [32mBuilding CXX object CMakeFiles/px4_msgs__rosidl_typesupport_introspection_cpp.dir/rosidl_typesupport_introspection_cpp/px4_msgs/msg/detail/commander_set_state__type_support.cpp.o[0m
[ 21%] [32mBuilding CXX object CMakeFiles/px4_msgs__rosidl_typesupport_introspection_cpp.dir/rosidl_typesupport_introspection_cpp/px4_msgs/msg/detail/sensor_gps__type_support.cpp.o[0m
[ 22%] [32mBuilding CXX object CMakeFiles/px4_msgs__rosidl_typesupport_introspection_cpp.dir/rosidl_typesupport_introspection_cpp/px4_msgs/msg/detail/vehicle_command__type_support.cpp.o[0m
[ 22%] [32mBuilding CXX object CMakeFiles/px4_msgs__rosidl_typesupport_introspection_cpp.dir/rosidl_typesupport_introspection_cpp/px4_msgs/msg/detail/vehicle_local_position__type_support.cpp.o[0m
[ 23%] [32mBuilding CXX object CMakeFiles/px4_msgs__rosidl_typesupport_introspection_cpp.dir/rosidl_typesupport_introspection_cpp/px4_msgs/msg/detail/vehicle_control_mode__type_support.cpp.o[0m
[ 24%] [32mBuilding CXX object CMakeFiles/px4_msgs__rosidl_typesupport_introspection_cpp.dir/rosidl_typesupport_introspection_cpp/px4_msgs/msg/detail/simple_battery_status__type_support.cpp.o[0m
[ 25%] [32mBuilding CXX object CMakeFiles/px4_msgs__rosidl_typesupport_introspection_cpp.dir/rosidl_typesupport_introspection_cpp/px4_msgs/msg/detail/timesync_status__type_support.cpp.o[0m
[ 25%] [32mBuilding CXX object CMakeFiles/px4_msgs__rosidl_typesupport_introspection_cpp.dir/rosidl_typesupport_introspection_cpp/px4_msgs/msg/detail/commander_status__type_support.cpp.o[0m
[ 26%] [32mBuilding CXX object CMakeFiles/px4_msgs__rosidl_typesupport_introspection_cpp.dir/rosidl_typesupport_introspection_cpp/px4_msgs/msg/detail/vehicle_status__type_support.cpp.o[0m
[ 27%] [32mBuilding CXX object CMakeFiles/px4_msgs__rosidl_typesupport_introspection_cpp.dir/rosidl_typesupport_introspection_cpp/px4_msgs/msg/detail/vehicle_odometry__type_support.cpp.o[0m
[35m[1mScanning dependencies of target px4_msgs__rosidl_typesupport_cpp[0m
[ 28%] [32mBuilding CXX object CMakeFiles/px4_msgs__rosidl_typesupport_cpp.dir/rosidl_typesupport_cpp/px4_msgs/msg/simple_battery_status__type_support.cpp.o[0m
[ 29%] [32mBuilding CXX object CMakeFiles/px4_msgs__rosidl_typesupport_cpp.dir/rosidl_typesupport_cpp/px4_msgs/msg/commander_set_state__type_support.cpp.o[0m
[ 29%] [32mBuilding CXX object CMakeFiles/px4_msgs__rosidl_typesupport_cpp.dir/rosidl_typesupport_cpp/px4_msgs/msg/commander_status__type_support.cpp.o[0m
[ 30%] [32mBuilding CXX object CMakeFiles/px4_msgs__rosidl_typesupport_cpp.dir/rosidl_typesupport_cpp/px4_msgs/msg/parameter_req__type_support.cpp.o[0m
[ 31%] [32mBuilding CXX object CMakeFiles/px4_msgs__rosidl_typesupport_cpp.dir/rosidl_typesupport_cpp/px4_msgs/msg/parameter_res__type_support.cpp.o[0m
[ 31%] [32mBuilding CXX object CMakeFiles/px4_msgs__rosidl_typesupport_cpp.dir/rosidl_typesupport_cpp/px4_msgs/msg/sensor_combined__type_support.cpp.o[0m
[ 32%] [32mBuilding CXX object CMakeFiles/px4_msgs__rosidl_typesupport_cpp.dir/rosidl_typesupport_cpp/px4_msgs/msg/sensor_gps__type_support.cpp.o[0m
[ 33%] [32mBuilding CXX object CMakeFiles/px4_msgs__rosidl_typesupport_cpp.dir/rosidl_typesupport_cpp/px4_msgs/msg/timesync_status__type_support.cpp.o[0m
[ 34%] [32mBuilding CXX object CMakeFiles/px4_msgs__rosidl_typesupport_cpp.dir/rosidl_typesupport_cpp/px4_msgs/msg/trajectory_setpoint__type_support.cpp.o[0m
[ 34%] [32mBuilding CXX object CMakeFiles/px4_msgs__rosidl_typesupport_cpp.dir/rosidl_typesupport_cpp/px4_msgs/msg/vehicle_command__type_support.cpp.o[0m
[ 35%] [32mBuilding CXX object CMakeFiles/px4_msgs__rosidl_typesupport_cpp.dir/rosidl_typesupport_cpp/px4_msgs/msg/vehicle_control_mode__type_support.cpp.o[0m
[35m[1mScanning dependencies of target px4_msgs__rosidl_typesupport_fastrtps_cpp[0m
[35m[1mScanning dependencies of target px4_msgs__rosidl_typesupport_c[0m
[ 36%] [32mBuilding CXX object CMakeFiles/px4_msgs__rosidl_typesupport_cpp.dir/rosidl_typesupport_cpp/px4_msgs/msg/vehicle_local_position__type_support.cpp.o[0m
[ 36%] [32mBuilding CXX object CMakeFiles/px4_msgs__rosidl_typesupport_cpp.dir/rosidl_typesupport_cpp/px4_msgs/msg/vehicle_status__type_support.cpp.o[0m
[ 37%] [32mBuilding CXX object CMakeFiles/px4_msgs__rosidl_typesupport_cpp.dir/rosidl_typesupport_cpp/px4_msgs/msg/vehicle_odometry__type_support.cpp.o[0m
[ 38%] [32m[1mLinking CXX shared library libpx4_msgs__rosidl_typesupport_introspection_cpp.so[0m
[ 39%] [32mBuilding CXX object CMakeFiles/px4_msgs__rosidl_typesupport_c.dir/rosidl_typesupport_c/px4_msgs/msg/commander_status__type_support.cpp.o[0m
[ 39%] [32mBuilding CXX object CMakeFiles/px4_msgs__rosidl_typesupport_c.dir/rosidl_typesupport_c/px4_msgs/msg/simple_battery_status__type_support.cpp.o[0m
[ 40%] [32mBuilding CXX object CMakeFiles/px4_msgs__rosidl_typesupport_c.dir/rosidl_typesupport_c/px4_msgs/msg/commander_set_state__type_support.cpp.o[0m
[ 41%] [32mBuilding CXX object CMakeFiles/px4_msgs__rosidl_typesupport_c.dir/rosidl_typesupport_c/px4_msgs/msg/parameter_req__type_support.cpp.o[0m
[ 42%] [32mBuilding CXX object CMakeFiles/px4_msgs__rosidl_typesupport_c.dir/rosidl_typesupport_c/px4_msgs/msg/sensor_combined__type_support.cpp.o[0m
[ 43%] [32mBuilding CXX object CMakeFiles/px4_msgs__rosidl_typesupport_fastrtps_cpp.dir/rosidl_typesupport_fastrtps_cpp/px4_msgs/msg/detail/dds_fastrtps/simple_battery_status__type_support.cpp.o[0m
[ 43%] [32mBuilding CXX object CMakeFiles/px4_msgs__rosidl_typesupport_c.dir/rosidl_typesupport_c/px4_msgs/msg/parameter_res__type_support.cpp.o[0m
[ 44%] [32mBuilding CXX object CMakeFiles/px4_msgs__rosidl_typesupport_c.dir/rosidl_typesupport_c/px4_msgs/msg/sensor_gps__type_support.cpp.o[0m
[ 44%] [32mBuilding CXX object CMakeFiles/px4_msgs__rosidl_typesupport_fastrtps_cpp.dir/rosidl_typesupport_fastrtps_cpp/px4_msgs/msg/detail/dds_fastrtps/commander_status__type_support.cpp.o[0m
[ 45%] [32mBuilding CXX object CMakeFiles/px4_msgs__rosidl_typesupport_fastrtps_cpp.dir/rosidl_typesupport_fastrtps_cpp/px4_msgs/msg/detail/dds_fastrtps/parameter_req__type_support.cpp.o[0m
[ 46%] [32mBuilding CXX object CMakeFiles/px4_msgs__rosidl_typesupport_c.dir/rosidl_typesupport_c/px4_msgs/msg/timesync_status__type_support.cpp.o[0m
[ 47%] [32mBuilding CXX object CMakeFiles/px4_msgs__rosidl_typesupport_fastrtps_cpp.dir/rosidl_typesupport_fastrtps_cpp/px4_msgs/msg/detail/dds_fastrtps/commander_set_state__type_support.cpp.o[0m
[ 47%] [32mBuilding CXX object CMakeFiles/px4_msgs__rosidl_typesupport_c.dir/rosidl_typesupport_c/px4_msgs/msg/trajectory_setpoint__type_support.cpp.o[0m
[ 47%] Built target px4_msgs__rosidl_typesupport_introspection_cpp
[ 48%] [32mBuilding CXX object CMakeFiles/px4_msgs__rosidl_typesupport_fastrtps_cpp.dir/rosidl_typesupport_fastrtps_cpp/px4_msgs/msg/detail/dds_fastrtps/parameter_res__type_support.cpp.o[0m
[ 49%] [32mBuilding CXX object CMakeFiles/px4_msgs__rosidl_typesupport_fastrtps_cpp.dir/rosidl_typesupport_fastrtps_cpp/px4_msgs/msg/detail/dds_fastrtps/sensor_combined__type_support.cpp.o[0m
[ 50%] [32mBuilding CXX object CMakeFiles/px4_msgs__rosidl_typesupport_c.dir/rosidl_typesupport_c/px4_msgs/msg/vehicle_command__type_support.cpp.o[0m
[ 51%] [32mBuilding CXX object CMakeFiles/px4_msgs__rosidl_typesupport_c.dir/rosidl_typesupport_c/px4_msgs/msg/vehicle_control_mode__type_support.cpp.o[0m
[ 52%] [32mBuilding CXX object CMakeFiles/px4_msgs__rosidl_typesupport_c.dir/rosidl_typesupport_c/px4_msgs/msg/vehicle_local_position__type_support.cpp.o[0m
[ 52%] [32mBuilding CXX object CMakeFiles/px4_msgs__rosidl_typesupport_c.dir/rosidl_typesupport_c/px4_msgs/msg/vehicle_odometry__type_support.cpp.o[0m
[ 53%] [32mBuilding CXX object CMakeFiles/px4_msgs__rosidl_typesupport_c.dir/rosidl_typesupport_c/px4_msgs/msg/vehicle_status__type_support.cpp.o[0m
[ 53%] [32mBuilding CXX object CMakeFiles/px4_msgs__rosidl_typesupport_fastrtps_cpp.dir/rosidl_typesupport_fastrtps_cpp/px4_msgs/msg/detail/dds_fastrtps/sensor_gps__type_support.cpp.o[0m
[ 54%] [32mBuilding CXX object CMakeFiles/px4_msgs__rosidl_typesupport_fastrtps_cpp.dir/rosidl_typesupport_fastrtps_cpp/px4_msgs/msg/detail/dds_fastrtps/timesync_status__type_support.cpp.o[0m
[ 55%] [32mBuilding CXX object CMakeFiles/px4_msgs__rosidl_typesupport_fastrtps_cpp.dir/rosidl_typesupport_fastrtps_cpp/px4_msgs/msg/detail/dds_fastrtps/trajectory_setpoint__type_support.cpp.o[0m
[ 56%] [32m[1mLinking CXX shared library libpx4_msgs__rosidl_typesupport_c.so[0m
[ 57%] [32mBuilding CXX object CMakeFiles/px4_msgs__rosidl_typesupport_fastrtps_cpp.dir/rosidl_typesupport_fastrtps_cpp/px4_msgs/msg/detail/dds_fastrtps/vehicle_command__type_support.cpp.o[0m
[ 58%] [32mBuilding CXX object CMakeFiles/px4_msgs__rosidl_typesupport_fastrtps_cpp.dir/rosidl_typesupport_fastrtps_cpp/px4_msgs/msg/detail/dds_fastrtps/vehicle_local_position__type_support.cpp.o[0m
[ 58%] [32mBuilding CXX object CMakeFiles/px4_msgs__rosidl_typesupport_fastrtps_cpp.dir/rosidl_typesupport_fastrtps_cpp/px4_msgs/msg/detail/dds_fastrtps/vehicle_control_mode__type_support.cpp.o[0m
[ 58%] Built target px4_msgs__rosidl_typesupport_c
[ 59%] [32mBuilding CXX object CMakeFiles/px4_msgs__rosidl_typesupport_fastrtps_cpp.dir/rosidl_typesupport_fastrtps_cpp/px4_msgs/msg/detail/dds_fastrtps/vehicle_odometry__type_support.cpp.o[0m
[ 60%] [32mBuilding CXX object CMakeFiles/px4_msgs__rosidl_typesupport_fastrtps_cpp.dir/rosidl_typesupport_fastrtps_cpp/px4_msgs/msg/detail/dds_fastrtps/vehicle_status__type_support.cpp.o[0m
[35m[1mScanning dependencies of target px4_msgs__rosidl_typesupport_introspection_c[0m
[ 61%] [32m[1mLinking CXX shared library libpx4_msgs__rosidl_typesupport_cpp.so[0m
[ 61%] [32mBuilding C object CMakeFiles/px4_msgs__rosidl_typesupport_introspection_c.dir/rosidl_typesupport_introspection_c/px4_msgs/msg/detail/commander_status__type_support.c.o[0m
[ 62%] [32mBuilding C object CMakeFiles/px4_msgs__rosidl_typesupport_introspection_c.dir/rosidl_typesupport_introspection_c/px4_msgs/msg/detail/simple_battery_status__type_support.c.o[0m
[ 63%] [32mBuilding C object CMakeFiles/px4_msgs__rosidl_typesupport_introspection_c.dir/rosidl_typesupport_introspection_c/px4_msgs/msg/detail/commander_set_state__type_support.c.o[0m
[ 64%] [32mBuilding C object CMakeFiles/px4_msgs__rosidl_typesupport_introspection_c.dir/rosidl_typesupport_introspection_c/px4_msgs/msg/detail/parameter_req__type_support.c.o[0m
[ 65%] [32mBuilding C object CMakeFiles/px4_msgs__rosidl_typesupport_introspection_c.dir/rosidl_typesupport_introspection_c/px4_msgs/msg/detail/parameter_res__type_support.c.o[0m
[ 66%] [32mBuilding C object CMakeFiles/px4_msgs__rosidl_typesupport_introspection_c.dir/rosidl_typesupport_introspection_c/px4_msgs/msg/detail/sensor_combined__type_support.c.o[0m
[ 66%] [32mBuilding C object CMakeFiles/px4_msgs__rosidl_typesupport_introspection_c.dir/rosidl_typesupport_introspection_c/px4_msgs/msg/detail/sensor_gps__type_support.c.o[0m
[ 67%] [32mBuilding C object CMakeFiles/px4_msgs__rosidl_typesupport_introspection_c.dir/rosidl_typesupport_introspection_c/px4_msgs/msg/detail/timesync_status__type_support.c.o[0m
[ 67%] Built target px4_msgs__rosidl_typesupport_cpp
[ 67%] [32mBuilding C object CMakeFiles/px4_msgs__rosidl_typesupport_introspection_c.dir/rosidl_typesupport_introspection_c/px4_msgs/msg/detail/vehicle_command__type_support.c.o[0m
[ 68%] [32mBuilding C object CMakeFiles/px4_msgs__rosidl_typesupport_introspection_c.dir/rosidl_typesupport_introspection_c/px4_msgs/msg/detail/trajectory_setpoint__type_support.c.o[0m
[ 69%] [32mBuilding C object CMakeFiles/px4_msgs__rosidl_typesupport_introspection_c.dir/rosidl_typesupport_introspection_c/px4_msgs/msg/detail/vehicle_control_mode__type_support.c.o[0m
[ 70%] [32mBuilding C object CMakeFiles/px4_msgs__rosidl_typesupport_introspection_c.dir/rosidl_typesupport_introspection_c/px4_msgs/msg/detail/vehicle_local_position__type_support.c.o[0m
[ 71%] [32mBuilding C object CMakeFiles/px4_msgs__rosidl_typesupport_introspection_c.dir/rosidl_typesupport_introspection_c/px4_msgs/msg/detail/vehicle_odometry__type_support.c.o[0m
[ 71%] [32mBuilding C object CMakeFiles/px4_msgs__rosidl_typesupport_introspection_c.dir/rosidl_typesupport_introspection_c/px4_msgs/msg/detail/vehicle_status__type_support.c.o[0m
[ 72%] [32m[1mLinking C shared library libpx4_msgs__rosidl_typesupport_introspection_c.so[0m
[ 72%] Built target px4_msgs__rosidl_typesupport_introspection_c
[ 72%] [32m[1mLinking CXX shared library libpx4_msgs__rosidl_typesupport_fastrtps_cpp.so[0m
[ 72%] Built target px4_msgs__rosidl_typesupport_fastrtps_cpp
[ 73%] [34m[1mGenerating C type support for eProsima Fast-RTPS[0m
[35m[1mScanning dependencies of target px4_msgs__rosidl_typesupport_fastrtps_c[0m
[ 73%] [32mBuilding CXX object CMakeFiles/px4_msgs__rosidl_typesupport_fastrtps_c.dir/rosidl_typesupport_fastrtps_c/px4_msgs/msg/detail/commander_set_state__type_support_c.cpp.o[0m
[ 75%] [32mBuilding CXX object CMakeFiles/px4_msgs__rosidl_typesupport_fastrtps_c.dir/rosidl_typesupport_fastrtps_c/px4_msgs/msg/detail/sensor_combined__type_support_c.cpp.o[0m
[ 75%] [32mBuilding CXX object CMakeFiles/px4_msgs__rosidl_typesupport_fastrtps_c.dir/rosidl_typesupport_fastrtps_c/px4_msgs/msg/detail/parameter_res__type_support_c.cpp.o[0m
[ 75%] [32mBuilding CXX object CMakeFiles/px4_msgs__rosidl_typesupport_fastrtps_c.dir/rosidl_typesupport_fastrtps_c/px4_msgs/msg/detail/sensor_gps__type_support_c.cpp.o[0m
[ 76%] [32mBuilding CXX object CMakeFiles/px4_msgs__rosidl_typesupport_fastrtps_c.dir/rosidl_typesupport_fastrtps_c/px4_msgs/msg/detail/timesync_status__type_support_c.cpp.o[0m
[ 77%] [32mBuilding CXX object CMakeFiles/px4_msgs__rosidl_typesupport_fastrtps_c.dir/rosidl_typesupport_fastrtps_c/px4_msgs/msg/detail/simple_battery_status__type_support_c.cpp.o[0m
[ 78%] [32mBuilding CXX object CMakeFiles/px4_msgs__rosidl_typesupport_fastrtps_c.dir/rosidl_typesupport_fastrtps_c/px4_msgs/msg/detail/commander_status__type_support_c.cpp.o[0m
[ 78%] [32mBuilding CXX object CMakeFiles/px4_msgs__rosidl_typesupport_fastrtps_c.dir/rosidl_typesupport_fastrtps_c/px4_msgs/msg/detail/vehicle_command__type_support_c.cpp.o[0m
[ 79%] [32mBuilding CXX object CMakeFiles/px4_msgs__rosidl_typesupport_fastrtps_c.dir/rosidl_typesupport_fastrtps_c/px4_msgs/msg/detail/parameter_req__type_support_c.cpp.o[0m
[ 79%] [32mBuilding CXX object CMakeFiles/px4_msgs__rosidl_typesupport_fastrtps_c.dir/rosidl_typesupport_fastrtps_c/px4_msgs/msg/detail/vehicle_status__type_support_c.cpp.o[0m
[ 81%] [32mBuilding CXX object CMakeFiles/px4_msgs__rosidl_typesupport_fastrtps_c.dir/rosidl_typesupport_fastrtps_c/px4_msgs/msg/detail/trajectory_setpoint__type_support_c.cpp.o[0m
[ 81%] [32mBuilding CXX object CMakeFiles/px4_msgs__rosidl_typesupport_fastrtps_c.dir/rosidl_typesupport_fastrtps_c/px4_msgs/msg/detail/vehicle_control_mode__type_support_c.cpp.o[0m
[ 82%] [32mBuilding CXX object CMakeFiles/px4_msgs__rosidl_typesupport_fastrtps_c.dir/rosidl_typesupport_fastrtps_c/px4_msgs/msg/detail/vehicle_local_position__type_support_c.cpp.o[0m
[ 83%] [32mBuilding CXX object CMakeFiles/px4_msgs__rosidl_typesupport_fastrtps_c.dir/rosidl_typesupport_fastrtps_c/px4_msgs/msg/detail/vehicle_odometry__type_support_c.cpp.o[0m
[ 84%] [32m[1mLinking CXX shared library libpx4_msgs__rosidl_typesupport_fastrtps_c.so[0m
[ 84%] Built target px4_msgs__rosidl_typesupport_fastrtps_c
[35m[1mScanning dependencies of target px4_msgs[0m
[ 84%] Built target px4_msgs
[35m[1mScanning dependencies of target px4_msgs__py[0m
[ 85%] [34m[1mGenerating Python code for ROS interfaces[0m
[ 85%] Built target px4_msgs__py
[35m[1mScanning dependencies of target px4_msgs__python[0m
[ 86%] [32mBuilding C object CMakeFiles/px4_msgs__python.dir/rosidl_generator_py/px4_msgs/msg/_parameter_req_s.c.o[0m
[ 88%] [32mBuilding C object CMakeFiles/px4_msgs__python.dir/rosidl_generator_py/px4_msgs/msg/_trajectory_setpoint_s.c.o[0m
[ 88%] [32mBuilding C object CMakeFiles/px4_msgs__python.dir/rosidl_generator_py/px4_msgs/msg/_commander_status_s.c.o[0m
[ 88%] [32mBuilding C object CMakeFiles/px4_msgs__python.dir/rosidl_generator_py/px4_msgs/msg/_sensor_combined_s.c.o[0m
[ 89%] [32mBuilding C object CMakeFiles/px4_msgs__python.dir/rosidl_generator_py/px4_msgs/msg/_simple_battery_status_s.c.o[0m
[ 89%] [32mBuilding C object CMakeFiles/px4_msgs__python.dir/rosidl_generator_py/px4_msgs/msg/_commander_set_state_s.c.o[0m
[ 90%] [32mBuilding C object CMakeFiles/px4_msgs__python.dir/rosidl_generator_py/px4_msgs/msg/_vehicle_local_position_s.c.o[0m
[ 91%] [32mBuilding C object CMakeFiles/px4_msgs__python.dir/rosidl_generator_py/px4_msgs/msg/_vehicle_status_s.c.o[0m
[ 91%] [32mBuilding C object CMakeFiles/px4_msgs__python.dir/rosidl_generator_py/px4_msgs/msg/_parameter_res_s.c.o[0m
[ 93%] [32mBuilding C object CMakeFiles/px4_msgs__python.dir/rosidl_generator_py/px4_msgs/msg/_sensor_gps_s.c.o[0m
[ 93%] [32mBuilding C object CMakeFiles/px4_msgs__python.dir/rosidl_generator_py/px4_msgs/msg/_vehicle_odometry_s.c.o[0m
[ 94%] [32mBuilding C object CMakeFiles/px4_msgs__python.dir/rosidl_generator_py/px4_msgs/msg/_timesync_status_s.c.o[0m
[ 95%] [32mBuilding C object CMakeFiles/px4_msgs__python.dir/rosidl_generator_py/px4_msgs/msg/_vehicle_control_mode_s.c.o[0m
[ 95%] [32mBuilding C object CMakeFiles/px4_msgs__python.dir/rosidl_generator_py/px4_msgs/msg/_vehicle_command_s.c.o[0m
[ 96%] [32m[1mLinking C shared library rosidl_generator_py/px4_msgs/libpx4_msgs__python.so[0m
[ 96%] Built target px4_msgs__python
[35m[1mScanning dependencies of target px4_msgs__rosidl_typesupport_c__pyext[0m
[35m[1mScanning dependencies of target px4_msgs__rosidl_typesupport_fastrtps_c__pyext[0m
[35m[1mScanning dependencies of target px4_msgs__rosidl_typesupport_introspection_c__pyext[0m
[ 97%] [32mBuilding C object CMakeFiles/px4_msgs__rosidl_typesupport_c__pyext.dir/rosidl_generator_py/px4_msgs/_px4_msgs_s.ep.rosidl_typesupport_c.c.o[0m
[ 98%] [32mBuilding C object CMakeFiles/px4_msgs__rosidl_typesupport_fastrtps_c__pyext.dir/rosidl_generator_py/px4_msgs/_px4_msgs_s.ep.rosidl_typesupport_fastrtps_c.c.o[0m
[ 99%] [32mBuilding C object CMakeFiles/px4_msgs__rosidl_typesupport_introspection_c__pyext.dir/rosidl_generator_py/px4_msgs/_px4_msgs_s.ep.rosidl_typesupport_introspection_c.c.o[0m
[ 99%] [32m[1mLinking CXX shared library rosidl_generator_py/px4_msgs/px4_msgs_s__rosidl_typesupport_fastrtps_c.cpython-38-x86_64-linux-gnu.so[0m
[ 99%] [32m[1mLinking C shared library rosidl_generator_py/px4_msgs/px4_msgs_s__rosidl_typesupport_c.cpython-38-x86_64-linux-gnu.so[0m
[100%] [32m[1mLinking C shared library rosidl_generator_py/px4_msgs/px4_msgs_s__rosidl_typesupport_introspection_c.cpython-38-x86_64-linux-gnu.so[0m
[100%] Built target px4_msgs__rosidl_typesupport_c__pyext
[100%] Built target px4_msgs__rosidl_typesupport_introspection_c__pyext
[100%] Built target px4_msgs__rosidl_typesupport_fastrtps_c__pyext
-- Install configuration: "Release"
-- Execute custom install script
-- Symlinking: /root/colcon_ws/install/px4_msgs/share/ament_index/resource_index/rosidl_interfaces/px4_msgs
-- Symlinking: /root/colcon_ws/install/px4_msgs/include/px4_msgs/msg/commander_set_state.h
-- Symlinking: /root/colcon_ws/install/px4_msgs/include/px4_msgs/msg/commander_status.h
-- Symlinking: /root/colcon_ws/install/px4_msgs/include/px4_msgs/msg/detail/commander_set_state__functions.h
-- Symlinking: /root/colcon_ws/install/px4_msgs/include/px4_msgs/msg/detail/commander_set_state__struct.h
-- Symlinking: /root/colcon_ws/install/px4_msgs/include/px4_msgs/msg/detail/commander_set_state__type_support.h
-- Symlinking: /root/colcon_ws/install/px4_msgs/include/px4_msgs/msg/detail/commander_status__functions.h
-- Symlinking: /root/colcon_ws/install/px4_msgs/include/px4_msgs/msg/detail/commander_status__struct.h
-- Symlinking: /root/colcon_ws/install/px4_msgs/include/px4_msgs/msg/detail/commander_status__type_support.h
-- Symlinking: /root/colcon_ws/install/px4_msgs/include/px4_msgs/msg/detail/parameter_req__functions.h
-- Symlinking: /root/colcon_ws/install/px4_msgs/include/px4_msgs/msg/detail/parameter_req__struct.h
-- Symlinking: /root/colcon_ws/install/px4_msgs/include/px4_msgs/msg/detail/parameter_req__type_support.h
-- Symlinking: /root/colcon_ws/install/px4_msgs/include/px4_msgs/msg/detail/parameter_res__functions.h
-- Symlinking: /root/colcon_ws/install/px4_msgs/include/px4_msgs/msg/detail/parameter_res__struct.h
-- Symlinking: /root/colcon_ws/install/px4_msgs/include/px4_msgs/msg/detail/parameter_res__type_support.h
-- Symlinking: /root/colcon_ws/install/px4_msgs/include/px4_msgs/msg/detail/sensor_combined__functions.h
-- Symlinking: /root/colcon_ws/install/px4_msgs/include/px4_msgs/msg/detail/sensor_combined__struct.h
-- Symlinking: /root/colcon_ws/install/px4_msgs/include/px4_msgs/msg/detail/sensor_combined__type_support.h
-- Symlinking: /root/colcon_ws/install/px4_msgs/include/px4_msgs/msg/detail/sensor_gps__functions.h
-- Symlinking: /root/colcon_ws/install/px4_msgs/include/px4_msgs/msg/detail/sensor_gps__struct.h
-- Symlinking: /root/colcon_ws/install/px4_msgs/include/px4_msgs/msg/detail/sensor_gps__type_support.h
-- Symlinking: /root/colcon_ws/install/px4_msgs/include/px4_msgs/msg/detail/simple_battery_status__functions.h
-- Symlinking: /root/colcon_ws/install/px4_msgs/include/px4_msgs/msg/detail/simple_battery_status__struct.h
-- Symlinking: /root/colcon_ws/install/px4_msgs/include/px4_msgs/msg/detail/simple_battery_status__type_support.h
-- Symlinking: /root/colcon_ws/install/px4_msgs/include/px4_msgs/msg/detail/timesync_status__functions.h
-- Symlinking: /root/colcon_ws/install/px4_msgs/include/px4_msgs/msg/detail/timesync_status__struct.h
-- Symlinking: /root/colcon_ws/install/px4_msgs/include/px4_msgs/msg/detail/timesync_status__type_support.h
-- Symlinking: /root/colcon_ws/install/px4_msgs/include/px4_msgs/msg/detail/trajectory_setpoint__functions.h
-- Symlinking: /root/colcon_ws/install/px4_msgs/include/px4_msgs/msg/detail/trajectory_setpoint__struct.h
-- Symlinking: /root/colcon_ws/install/px4_msgs/include/px4_msgs/msg/detail/trajectory_setpoint__type_support.h
-- Symlinking: /root/colcon_ws/install/px4_msgs/include/px4_msgs/msg/detail/vehicle_command__functions.h
-- Symlinking: /root/colcon_ws/install/px4_msgs/include/px4_msgs/msg/detail/vehicle_command__struct.h
-- Symlinking: /root/colcon_ws/install/px4_msgs/include/px4_msgs/msg/detail/vehicle_command__type_support.h
-- Symlinking: /root/colcon_ws/install/px4_msgs/include/px4_msgs/msg/detail/vehicle_control_mode__functions.h
-- Symlinking: /root/colcon_ws/install/px4_msgs/include/px4_msgs/msg/detail/vehicle_control_mode__struct.h
-- Symlinking: /root/colcon_ws/install/px4_msgs/include/px4_msgs/msg/detail/vehicle_control_mode__type_support.h
-- Symlinking: /root/colcon_ws/install/px4_msgs/include/px4_msgs/msg/detail/vehicle_local_position__functions.h
-- Symlinking: /root/colcon_ws/install/px4_msgs/include/px4_msgs/msg/detail/vehicle_local_position__struct.h
-- Symlinking: /root/colcon_ws/install/px4_msgs/include/px4_msgs/msg/detail/vehicle_local_position__type_support.h
-- Symlinking: /root/colcon_ws/install/px4_msgs/include/px4_msgs/msg/detail/vehicle_odometry__functions.h
-- Symlinking: /root/colcon_ws/install/px4_msgs/include/px4_msgs/msg/detail/vehicle_odometry__struct.h
-- Symlinking: /root/colcon_ws/install/px4_msgs/include/px4_msgs/msg/detail/vehicle_odometry__type_support.h
-- Symlinking: /root/colcon_ws/install/px4_msgs/include/px4_msgs/msg/detail/vehicle_status__functions.h
-- Symlinking: /root/colcon_ws/install/px4_msgs/include/px4_msgs/msg/detail/vehicle_status__struct.h
-- Symlinking: /root/colcon_ws/install/px4_msgs/include/px4_msgs/msg/detail/vehicle_status__type_support.h
-- Symlinking: /root/colcon_ws/install/px4_msgs/include/px4_msgs/msg/parameter_req.h
-- Symlinking: /root/colcon_ws/install/px4_msgs/include/px4_msgs/msg/parameter_res.h
-- Symlinking: /root/colcon_ws/install/px4_msgs/include/px4_msgs/msg/rosidl_generator_c__visibility_control.h
-- Symlinking: /root/colcon_ws/install/px4_msgs/include/px4_msgs/msg/sensor_combined.h
-- Symlinking: /root/colcon_ws/install/px4_msgs/include/px4_msgs/msg/sensor_gps.h
-- Symlinking: /root/colcon_ws/install/px4_msgs/include/px4_msgs/msg/simple_battery_status.h
-- Symlinking: /root/colcon_ws/install/px4_msgs/include/px4_msgs/msg/timesync_status.h
-- Symlinking: /root/colcon_ws/install/px4_msgs/include/px4_msgs/msg/trajectory_setpoint.h
-- Symlinking: /root/colcon_ws/install/px4_msgs/include/px4_msgs/msg/vehicle_command.h
-- Symlinking: /root/colcon_ws/install/px4_msgs/include/px4_msgs/msg/vehicle_control_mode.h
-- Symlinking: /root/colcon_ws/install/px4_msgs/include/px4_msgs/msg/vehicle_local_position.h
-- Symlinking: /root/colcon_ws/install/px4_msgs/include/px4_msgs/msg/vehicle_odometry.h
-- Symlinking: /root/colcon_ws/install/px4_msgs/include/px4_msgs/msg/vehicle_status.h
-- Symlinking: /root/colcon_ws/install/px4_msgs/share/px4_msgs/environment/library_path.sh
-- Symlinking: /root/colcon_ws/install/px4_msgs/share/px4_msgs/environment/library_path.dsv
-- Symlinking: /root/colcon_ws/install/px4_msgs/include/px4_msgs/msg/detail/commander_set_state__rosidl_typesupport_fastrtps_c.h
-- Symlinking: /root/colcon_ws/install/px4_msgs/include/px4_msgs/msg/detail/commander_status__rosidl_typesupport_fastrtps_c.h
-- Symlinking: /root/colcon_ws/install/px4_msgs/include/px4_msgs/msg/detail/parameter_req__rosidl_typesupport_fastrtps_c.h
-- Symlinking: /root/colcon_ws/install/px4_msgs/include/px4_msgs/msg/detail/parameter_res__rosidl_typesupport_fastrtps_c.h
-- Symlinking: /root/colcon_ws/install/px4_msgs/include/px4_msgs/msg/detail/sensor_combined__rosidl_typesupport_fastrtps_c.h
-- Symlinking: /root/colcon_ws/install/px4_msgs/include/px4_msgs/msg/detail/sensor_gps__rosidl_typesupport_fastrtps_c.h
-- Symlinking: /root/colcon_ws/install/px4_msgs/include/px4_msgs/msg/detail/simple_battery_status__rosidl_typesupport_fastrtps_c.h
-- Symlinking: /root/colcon_ws/install/px4_msgs/include/px4_msgs/msg/detail/timesync_status__rosidl_typesupport_fastrtps_c.h
-- Symlinking: /root/colcon_ws/install/px4_msgs/include/px4_msgs/msg/detail/trajectory_setpoint__rosidl_typesupport_fastrtps_c.h
-- Symlinking: /root/colcon_ws/install/px4_msgs/include/px4_msgs/msg/detail/vehicle_command__rosidl_typesupport_fastrtps_c.h
-- Symlinking: /root/colcon_ws/install/px4_msgs/include/px4_msgs/msg/detail/vehicle_control_mode__rosidl_typesupport_fastrtps_c.h
-- Symlinking: /root/colcon_ws/install/px4_msgs/include/px4_msgs/msg/detail/vehicle_local_position__rosidl_typesupport_fastrtps_c.h
-- Symlinking: /root/colcon_ws/install/px4_msgs/include/px4_msgs/msg/detail/vehicle_odometry__rosidl_typesupport_fastrtps_c.h
-- Symlinking: /root/colcon_ws/install/px4_msgs/include/px4_msgs/msg/detail/vehicle_status__rosidl_typesupport_fastrtps_c.h
-- Symlinking: /root/colcon_ws/install/px4_msgs/include/px4_msgs/msg/rosidl_typesupport_fastrtps_c__visibility_control.h
-- Symlinking: /root/colcon_ws/install/px4_msgs/lib/libpx4_msgs__rosidl_typesupport_fastrtps_c.so
-- Symlinking: /root/colcon_ws/install/px4_msgs/include/px4_msgs/msg/detail/commander_set_state__rosidl_typesupport_fastrtps_cpp.hpp
-- Symlinking: /root/colcon_ws/install/px4_msgs/include/px4_msgs/msg/detail/commander_status__rosidl_typesupport_fastrtps_cpp.hpp
-- Symlinking: /root/colcon_ws/install/px4_msgs/include/px4_msgs/msg/detail/parameter_req__rosidl_typesupport_fastrtps_cpp.hpp
-- Symlinking: /root/colcon_ws/install/px4_msgs/include/px4_msgs/msg/detail/parameter_res__rosidl_typesupport_fastrtps_cpp.hpp
-- Symlinking: /root/colcon_ws/install/px4_msgs/include/px4_msgs/msg/detail/sensor_combined__rosidl_typesupport_fastrtps_cpp.hpp
-- Symlinking: /root/colcon_ws/install/px4_msgs/include/px4_msgs/msg/detail/sensor_gps__rosidl_typesupport_fastrtps_cpp.hpp
-- Symlinking: /root/colcon_ws/install/px4_msgs/include/px4_msgs/msg/detail/simple_battery_status__rosidl_typesupport_fastrtps_cpp.hpp
-- Symlinking: /root/colcon_ws/install/px4_msgs/include/px4_msgs/msg/detail/timesync_status__rosidl_typesupport_fastrtps_cpp.hpp
-- Symlinking: /root/colcon_ws/install/px4_msgs/include/px4_msgs/msg/detail/trajectory_setpoint__rosidl_typesupport_fastrtps_cpp.hpp
-- Symlinking: /root/colcon_ws/install/px4_msgs/include/px4_msgs/msg/detail/vehicle_command__rosidl_typesupport_fastrtps_cpp.hpp
-- Symlinking: /root/colcon_ws/install/px4_msgs/include/px4_msgs/msg/detail/vehicle_control_mode__rosidl_typesupport_fastrtps_cpp.hpp
-- Symlinking: /root/colcon_ws/install/px4_msgs/include/px4_msgs/msg/detail/vehicle_local_position__rosidl_typesupport_fastrtps_cpp.hpp
-- Symlinking: /root/colcon_ws/install/px4_msgs/include/px4_msgs/msg/detail/vehicle_odometry__rosidl_typesupport_fastrtps_cpp.hpp
-- Symlinking: /root/colcon_ws/install/px4_msgs/include/px4_msgs/msg/detail/vehicle_status__rosidl_typesupport_fastrtps_cpp.hpp
-- Symlinking: /root/colcon_ws/install/px4_msgs/include/px4_msgs/msg/rosidl_typesupport_fastrtps_cpp__visibility_control.h
-- Symlinking: /root/colcon_ws/install/px4_msgs/lib/libpx4_msgs__rosidl_typesupport_fastrtps_cpp.so
-- Symlinking: /root/colcon_ws/install/px4_msgs/include/px4_msgs/msg/detail/commander_set_state__rosidl_typesupport_introspection_c.h
-- Symlinking: /root/colcon_ws/install/px4_msgs/include/px4_msgs/msg/detail/commander_status__rosidl_typesupport_introspection_c.h
-- Symlinking: /root/colcon_ws/install/px4_msgs/include/px4_msgs/msg/detail/parameter_req__rosidl_typesupport_introspection_c.h
-- Symlinking: /root/colcon_ws/install/px4_msgs/include/px4_msgs/msg/detail/parameter_res__rosidl_typesupport_introspection_c.h
-- Symlinking: /root/colcon_ws/install/px4_msgs/include/px4_msgs/msg/detail/sensor_combined__rosidl_typesupport_introspection_c.h
-- Symlinking: /root/colcon_ws/install/px4_msgs/include/px4_msgs/msg/detail/sensor_gps__rosidl_typesupport_introspection_c.h
-- Symlinking: /root/colcon_ws/install/px4_msgs/include/px4_msgs/msg/detail/simple_battery_status__rosidl_typesupport_introspection_c.h
-- Symlinking: /root/colcon_ws/install/px4_msgs/include/px4_msgs/msg/detail/timesync_status__rosidl_typesupport_introspection_c.h
-- Symlinking: /root/colcon_ws/install/px4_msgs/include/px4_msgs/msg/detail/trajectory_setpoint__rosidl_typesupport_introspection_c.h
-- Symlinking: /root/colcon_ws/install/px4_msgs/include/px4_msgs/msg/detail/vehicle_command__rosidl_typesupport_introspection_c.h
-- Symlinking: /root/colcon_ws/install/px4_msgs/include/px4_msgs/msg/detail/vehicle_control_mode__rosidl_typesupport_introspection_c.h
-- Symlinking: /root/colcon_ws/install/px4_msgs/include/px4_msgs/msg/detail/vehicle_local_position__rosidl_typesupport_introspection_c.h
-- Symlinking: /root/colcon_ws/install/px4_msgs/include/px4_msgs/msg/detail/vehicle_odometry__rosidl_typesupport_introspection_c.h
-- Symlinking: /root/colcon_ws/install/px4_msgs/include/px4_msgs/msg/detail/vehicle_status__rosidl_typesupport_introspection_c.h
-- Symlinking: /root/colcon_ws/install/px4_msgs/include/px4_msgs/msg/rosidl_typesupport_introspection_c__visibility_control.h
-- Symlinking: /root/colcon_ws/install/px4_msgs/include/px4_msgs/msg/commander_set_state.hpp
-- Symlinking: /root/colcon_ws/install/px4_msgs/include/px4_msgs/msg/commander_status.hpp
-- Symlinking: /root/colcon_ws/install/px4_msgs/include/px4_msgs/msg/detail/commander_set_state__builder.hpp
-- Symlinking: /root/colcon_ws/install/px4_msgs/include/px4_msgs/msg/detail/commander_set_state__struct.hpp
-- Symlinking: /root/colcon_ws/install/px4_msgs/include/px4_msgs/msg/detail/commander_set_state__traits.hpp
-- Symlinking: /root/colcon_ws/install/px4_msgs/include/px4_msgs/msg/detail/commander_status__builder.hpp
-- Symlinking: /root/colcon_ws/install/px4_msgs/include/px4_msgs/msg/detail/commander_status__struct.hpp
-- Symlinking: /root/colcon_ws/install/px4_msgs/include/px4_msgs/msg/detail/commander_status__traits.hpp
-- Symlinking: /root/colcon_ws/install/px4_msgs/include/px4_msgs/msg/detail/parameter_req__builder.hpp
-- Symlinking: /root/colcon_ws/install/px4_msgs/include/px4_msgs/msg/detail/parameter_req__struct.hpp
-- Symlinking: /root/colcon_ws/install/px4_msgs/include/px4_msgs/msg/detail/parameter_req__traits.hpp
-- Symlinking: /root/colcon_ws/install/px4_msgs/include/px4_msgs/msg/detail/parameter_res__builder.hpp
-- Symlinking: /root/colcon_ws/install/px4_msgs/include/px4_msgs/msg/detail/parameter_res__struct.hpp
-- Symlinking: /root/colcon_ws/install/px4_msgs/include/px4_msgs/msg/detail/parameter_res__traits.hpp
-- Symlinking: /root/colcon_ws/install/px4_msgs/include/px4_msgs/msg/detail/sensor_combined__builder.hpp
-- Symlinking: /root/colcon_ws/install/px4_msgs/include/px4_msgs/msg/detail/sensor_combined__struct.hpp
-- Symlinking: /root/colcon_ws/install/px4_msgs/include/px4_msgs/msg/detail/sensor_combined__traits.hpp
-- Symlinking: /root/colcon_ws/install/px4_msgs/include/px4_msgs/msg/detail/sensor_gps__builder.hpp
-- Symlinking: /root/colcon_ws/install/px4_msgs/include/px4_msgs/msg/detail/sensor_gps__struct.hpp
-- Symlinking: /root/colcon_ws/install/px4_msgs/include/px4_msgs/msg/detail/sensor_gps__traits.hpp
-- Symlinking: /root/colcon_ws/install/px4_msgs/include/px4_msgs/msg/detail/simple_battery_status__builder.hpp
-- Symlinking: /root/colcon_ws/install/px4_msgs/include/px4_msgs/msg/detail/simple_battery_status__struct.hpp
-- Symlinking: /root/colcon_ws/install/px4_msgs/include/px4_msgs/msg/detail/simple_battery_status__traits.hpp
-- Symlinking: /root/colcon_ws/install/px4_msgs/include/px4_msgs/msg/detail/timesync_status__builder.hpp
-- Symlinking: /root/colcon_ws/install/px4_msgs/include/px4_msgs/msg/detail/timesync_status__struct.hpp
-- Symlinking: /root/colcon_ws/install/px4_msgs/include/px4_msgs/msg/detail/timesync_status__traits.hpp
-- Symlinking: /root/colcon_ws/install/px4_msgs/include/px4_msgs/msg/detail/trajectory_setpoint__builder.hpp
-- Symlinking: /root/colcon_ws/install/px4_msgs/include/px4_msgs/msg/detail/trajectory_setpoint__struct.hpp
-- Symlinking: /root/colcon_ws/install/px4_msgs/include/px4_msgs/msg/detail/trajectory_setpoint__traits.hpp
-- Symlinking: /root/colcon_ws/install/px4_msgs/include/px4_msgs/msg/detail/vehicle_command__builder.hpp
-- Symlinking: /root/colcon_ws/install/px4_msgs/include/px4_msgs/msg/detail/vehicle_command__struct.hpp
-- Symlinking: /root/colcon_ws/install/px4_msgs/include/px4_msgs/msg/detail/vehicle_command__traits.hpp
-- Symlinking: /root/colcon_ws/install/px4_msgs/include/px4_msgs/msg/detail/vehicle_control_mode__builder.hpp
-- Symlinking: /root/colcon_ws/install/px4_msgs/include/px4_msgs/msg/detail/vehicle_control_mode__struct.hpp
-- Symlinking: /root/colcon_ws/install/px4_msgs/include/px4_msgs/msg/detail/vehicle_control_mode__traits.hpp
-- Symlinking: /root/colcon_ws/install/px4_msgs/include/px4_msgs/msg/detail/vehicle_local_position__builder.hpp
-- Symlinking: /root/colcon_ws/install/px4_msgs/include/px4_msgs/msg/detail/vehicle_local_position__struct.hpp
-- Symlinking: /root/colcon_ws/install/px4_msgs/include/px4_msgs/msg/detail/vehicle_local_position__traits.hpp
-- Symlinking: /root/colcon_ws/install/px4_msgs/include/px4_msgs/msg/detail/vehicle_odometry__builder.hpp
-- Symlinking: /root/colcon_ws/install/px4_msgs/include/px4_msgs/msg/detail/vehicle_odometry__struct.hpp
-- Symlinking: /root/colcon_ws/install/px4_msgs/include/px4_msgs/msg/detail/vehicle_odometry__traits.hpp
-- Symlinking: /root/colcon_ws/install/px4_msgs/include/px4_msgs/msg/detail/vehicle_status__builder.hpp
-- Symlinking: /root/colcon_ws/install/px4_msgs/include/px4_msgs/msg/detail/vehicle_status__struct.hpp
-- Symlinking: /root/colcon_ws/install/px4_msgs/include/px4_msgs/msg/detail/vehicle_status__traits.hpp
-- Symlinking: /root/colcon_ws/install/px4_msgs/include/px4_msgs/msg/parameter_req.hpp
-- Symlinking: /root/colcon_ws/install/px4_msgs/include/px4_msgs/msg/parameter_res.hpp
-- Symlinking: /root/colcon_ws/install/px4_msgs/include/px4_msgs/msg/sensor_combined.hpp
-- Symlinking: /root/colcon_ws/install/px4_msgs/include/px4_msgs/msg/sensor_gps.hpp
-- Symlinking: /root/colcon_ws/install/px4_msgs/include/px4_msgs/msg/simple_battery_status.hpp
-- Symlinking: /root/colcon_ws/install/px4_msgs/include/px4_msgs/msg/timesync_status.hpp
-- Symlinking: /root/colcon_ws/install/px4_msgs/include/px4_msgs/msg/trajectory_setpoint.hpp
-- Symlinking: /root/colcon_ws/install/px4_msgs/include/px4_msgs/msg/vehicle_command.hpp
-- Symlinking: /root/colcon_ws/install/px4_msgs/include/px4_msgs/msg/vehicle_control_mode.hpp
-- Symlinking: /root/colcon_ws/install/px4_msgs/include/px4_msgs/msg/vehicle_local_position.hpp
-- Symlinking: /root/colcon_ws/install/px4_msgs/include/px4_msgs/msg/vehicle_odometry.hpp
-- Symlinking: /root/colcon_ws/install/px4_msgs/include/px4_msgs/msg/vehicle_status.hpp
-- Symlinking: /root/colcon_ws/install/px4_msgs/include/px4_msgs/msg/detail/commander_set_state__rosidl_typesupport_introspection_cpp.hpp
-- Symlinking: /root/colcon_ws/install/px4_msgs/include/px4_msgs/msg/detail/commander_status__rosidl_typesupport_introspection_cpp.hpp
-- Symlinking: /root/colcon_ws/install/px4_msgs/include/px4_msgs/msg/detail/parameter_req__rosidl_typesupport_introspection_cpp.hpp
-- Symlinking: /root/colcon_ws/install/px4_msgs/include/px4_msgs/msg/detail/parameter_res__rosidl_typesupport_introspection_cpp.hpp
-- Symlinking: /root/colcon_ws/install/px4_msgs/include/px4_msgs/msg/detail/sensor_combined__rosidl_typesupport_introspection_cpp.hpp
-- Symlinking: /root/colcon_ws/install/px4_msgs/include/px4_msgs/msg/detail/sensor_gps__rosidl_typesupport_introspection_cpp.hpp
-- Symlinking: /root/colcon_ws/install/px4_msgs/include/px4_msgs/msg/detail/simple_battery_status__rosidl_typesupport_introspection_cpp.hpp
-- Symlinking: /root/colcon_ws/install/px4_msgs/include/px4_msgs/msg/detail/timesync_status__rosidl_typesupport_introspection_cpp.hpp
-- Symlinking: /root/colcon_ws/install/px4_msgs/include/px4_msgs/msg/detail/trajectory_setpoint__rosidl_typesupport_introspection_cpp.hpp
-- Symlinking: /root/colcon_ws/install/px4_msgs/include/px4_msgs/msg/detail/vehicle_command__rosidl_typesupport_introspection_cpp.hpp
-- Symlinking: /root/colcon_ws/install/px4_msgs/include/px4_msgs/msg/detail/vehicle_control_mode__rosidl_typesupport_introspection_cpp.hpp
-- Symlinking: /root/colcon_ws/install/px4_msgs/include/px4_msgs/msg/detail/vehicle_local_position__rosidl_typesupport_introspection_cpp.hpp
-- Symlinking: /root/colcon_ws/install/px4_msgs/include/px4_msgs/msg/detail/vehicle_odometry__rosidl_typesupport_introspection_cpp.hpp
-- Symlinking: /root/colcon_ws/install/px4_msgs/include/px4_msgs/msg/detail/vehicle_status__rosidl_typesupport_introspection_cpp.hpp
-- Symlinking: /root/colcon_ws/install/px4_msgs/share/px4_msgs/environment/pythonpath.sh
-- Symlinking: /root/colcon_ws/install/px4_msgs/share/px4_msgs/environment/pythonpath.dsv
-- Symlinking: /root/colcon_ws/install/px4_msgs/lib/python3.8/site-packages/px4_msgs/__init__.py
-- Symlinking: /root/colcon_ws/install/px4_msgs/lib/python3.8/site-packages/px4_msgs/msg/__init__.py
-- Symlinking: /root/colcon_ws/install/px4_msgs/lib/python3.8/site-packages/px4_msgs/msg/_commander_set_state.py
-- Symlinking: /root/colcon_ws/install/px4_msgs/lib/python3.8/site-packages/px4_msgs/msg/_commander_status.py
-- Symlinking: /root/colcon_ws/install/px4_msgs/lib/python3.8/site-packages/px4_msgs/msg/_parameter_req.py
-- Symlinking: /root/colcon_ws/install/px4_msgs/lib/python3.8/site-packages/px4_msgs/msg/_parameter_res.py
-- Symlinking: /root/colcon_ws/install/px4_msgs/lib/python3.8/site-packages/px4_msgs/msg/_sensor_combined.py
-- Symlinking: /root/colcon_ws/install/px4_msgs/lib/python3.8/site-packages/px4_msgs/msg/_sensor_gps.py
-- Symlinking: /root/colcon_ws/install/px4_msgs/lib/python3.8/site-packages/px4_msgs/msg/_simple_battery_status.py
-- Symlinking: /root/colcon_ws/install/px4_msgs/lib/python3.8/site-packages/px4_msgs/msg/_timesync_status.py
-- Symlinking: /root/colcon_ws/install/px4_msgs/lib/python3.8/site-packages/px4_msgs/msg/_trajectory_setpoint.py
-- Symlinking: /root/colcon_ws/install/px4_msgs/lib/python3.8/site-packages/px4_msgs/msg/_vehicle_command.py
-- Symlinking: /root/colcon_ws/install/px4_msgs/lib/python3.8/site-packages/px4_msgs/msg/_vehicle_control_mode.py
-- Symlinking: /root/colcon_ws/install/px4_msgs/lib/python3.8/site-packages/px4_msgs/msg/_vehicle_local_position.py
-- Symlinking: /root/colcon_ws/install/px4_msgs/lib/python3.8/site-packages/px4_msgs/msg/_vehicle_odometry.py
-- Symlinking: /root/colcon_ws/install/px4_msgs/lib/python3.8/site-packages/px4_msgs/msg/_vehicle_status.py
-- Symlinking: /root/colcon_ws/install/px4_msgs/lib/python3.8/site-packages/px4_msgs/px4_msgs_s__rosidl_typesupport_fastrtps_c.cpython-38-x86_64-linux-gnu.so
-- Symlinking: /root/colcon_ws/install/px4_msgs/lib/python3.8/site-packages/px4_msgs/px4_msgs_s__rosidl_typesupport_introspection_c.cpython-38-x86_64-linux-gnu.so
-- Symlinking: /root/colcon_ws/install/px4_msgs/lib/python3.8/site-packages/px4_msgs/px4_msgs_s__rosidl_typesupport_c.cpython-38-x86_64-linux-gnu.so
-- Symlinking: /root/colcon_ws/install/px4_msgs/lib/libpx4_msgs__python.so
-- Symlinking: /root/colcon_ws/install/px4_msgs/share/px4_msgs/msg/SimpleBatteryStatus.idl
-- Symlinking: /root/colcon_ws/install/px4_msgs/share/px4_msgs/msg/CommanderSetState.idl
-- Symlinking: /root/colcon_ws/install/px4_msgs/share/px4_msgs/msg/CommanderStatus.idl
-- Symlinking: /root/colcon_ws/install/px4_msgs/share/px4_msgs/msg/ParameterReq.idl
-- Symlinking: /root/colcon_ws/install/px4_msgs/share/px4_msgs/msg/ParameterRes.idl
-- Symlinking: /root/colcon_ws/install/px4_msgs/share/px4_msgs/msg/SensorCombined.idl
-- Symlinking: /root/colcon_ws/install/px4_msgs/share/px4_msgs/msg/SensorGps.idl
-- Symlinking: /root/colcon_ws/install/px4_msgs/share/px4_msgs/msg/TimesyncStatus.idl
-- Symlinking: /root/colcon_ws/install/px4_msgs/share/px4_msgs/msg/TrajectorySetpoint.idl
-- Symlinking: /root/colcon_ws/install/px4_msgs/share/px4_msgs/msg/VehicleCommand.idl
-- Symlinking: /root/colcon_ws/install/px4_msgs/share/px4_msgs/msg/VehicleControlMode.idl
-- Symlinking: /root/colcon_ws/install/px4_msgs/share/px4_msgs/msg/VehicleLocalPosition.idl
-- Symlinking: /root/colcon_ws/install/px4_msgs/share/px4_msgs/msg/VehicleOdometry.idl
-- Symlinking: /root/colcon_ws/install/px4_msgs/share/px4_msgs/msg/VehicleStatus.idl
-- Symlinking: /root/colcon_ws/install/px4_msgs/share/px4_msgs/msg/SimpleBatteryStatus.msg
-- Symlinking: /root/colcon_ws/install/px4_msgs/share/px4_msgs/msg/CommanderSetState.msg
-- Symlinking: /root/colcon_ws/install/px4_msgs/share/px4_msgs/msg/CommanderStatus.msg
-- Symlinking: /root/colcon_ws/install/px4_msgs/share/px4_msgs/msg/ParameterReq.msg
-- Symlinking: /root/colcon_ws/install/px4_msgs/share/px4_msgs/msg/ParameterRes.msg
-- Symlinking: /root/colcon_ws/install/px4_msgs/share/px4_msgs/msg/SensorCombined.msg
-- Symlinking: /root/colcon_ws/install/px4_msgs/share/px4_msgs/msg/SensorGps.msg
-- Symlinking: /root/colcon_ws/install/px4_msgs/share/px4_msgs/msg/TimesyncStatus.msg
-- Symlinking: /root/colcon_ws/install/px4_msgs/share/px4_msgs/msg/TrajectorySetpoint.msg
-- Symlinking: /root/colcon_ws/install/px4_msgs/share/px4_msgs/msg/VehicleCommand.msg
-- Symlinking: /root/colcon_ws/install/px4_msgs/share/px4_msgs/msg/VehicleControlMode.msg
-- Symlinking: /root/colcon_ws/install/px4_msgs/share/px4_msgs/msg/VehicleLocalPosition.msg
-- Symlinking: /root/colcon_ws/install/px4_msgs/share/px4_msgs/msg/VehicleOdometry.msg
-- Symlinking: /root/colcon_ws/install/px4_msgs/share/px4_msgs/msg/VehicleStatus.msg
-- Symlinking: /root/colcon_ws/install/px4_msgs/share/ament_index/resource_index/package_run_dependencies/px4_msgs
-- Symlinking: /root/colcon_ws/install/px4_msgs/share/ament_index/resource_index/parent_prefix_path/px4_msgs
-- Symlinking: /root/colcon_ws/install/px4_msgs/share/px4_msgs/environment/ament_prefix_path.sh
-- Symlinking: /root/colcon_ws/install/px4_msgs/share/px4_msgs/environment/ament_prefix_path.dsv
-- Symlinking: /root/colcon_ws/install/px4_msgs/share/px4_msgs/environment/path.sh
-- Symlinking: /root/colcon_ws/install/px4_msgs/share/px4_msgs/environment/path.dsv
-- Symlinking: /root/colcon_ws/install/px4_msgs/share/px4_msgs/local_setup.bash
-- Symlinking: /root/colcon_ws/install/px4_msgs/share/px4_msgs/local_setup.sh
-- Symlinking: /root/colcon_ws/install/px4_msgs/share/px4_msgs/local_setup.zsh
-- Symlinking: /root/colcon_ws/install/px4_msgs/share/px4_msgs/local_setup.dsv
-- Symlinking: /root/colcon_ws/install/px4_msgs/share/px4_msgs/package.dsv
-- Symlinking: /root/colcon_ws/install/px4_msgs/share/ament_index/resource_index/packages/px4_msgs
-- Symlinking: /root/colcon_ws/install/px4_msgs/share/px4_msgs/cmake/rosidl_cmake-extras.cmake
-- Symlinking: /root/colcon_ws/install/px4_msgs/share/px4_msgs/cmake/ament_cmake_export_dependencies-extras.cmake
-- Symlinking: /root/colcon_ws/install/px4_msgs/share/px4_msgs/cmake/ament_cmake_export_libraries-extras.cmake
-- Symlinking: /root/colcon_ws/install/px4_msgs/share/px4_msgs/cmake/ament_cmake_export_targets-extras.cmake
-- Symlinking: /root/colcon_ws/install/px4_msgs/share/px4_msgs/cmake/ament_cmake_export_include_directories-extras.cmake
-- Symlinking: /root/colcon_ws/install/px4_msgs/share/px4_msgs/cmake/rosidl_cmake_export_typesupport_libraries-extras.cmake
-- Symlinking: /root/colcon_ws/install/px4_msgs/share/px4_msgs/cmake/rosidl_cmake_export_typesupport_targets-extras.cmake
-- Symlinking: /root/colcon_ws/install/px4_msgs/share/px4_msgs/cmake/px4_msgsConfig.cmake
-- Symlinking: /root/colcon_ws/install/px4_msgs/share/px4_msgs/cmake/px4_msgsConfig-version.cmake
-- Symlinking: /root/colcon_ws/install/px4_msgs/share/px4_msgs/package.xml
-- Installing: /root/colcon_ws/install/px4_msgs/lib/libpx4_msgs__rosidl_generator_c.so
-- Set runtime path of "/root/colcon_ws/install/px4_msgs/lib/libpx4_msgs__rosidl_generator_c.so" to ""
-- Installing: /root/colcon_ws/install/px4_msgs/lib/libpx4_msgs__rosidl_typesupport_introspection_c.so
-- Set runtime path of "/root/colcon_ws/install/px4_msgs/lib/libpx4_msgs__rosidl_typesupport_introspection_c.so" to ""
-- Installing: /root/colcon_ws/install/px4_msgs/lib/libpx4_msgs__rosidl_typesupport_c.so
-- Set runtime path of "/root/colcon_ws/install/px4_msgs/lib/libpx4_msgs__rosidl_typesupport_c.so" to ""
-- Installing: /root/colcon_ws/install/px4_msgs/lib/libpx4_msgs__rosidl_typesupport_introspection_cpp.so
-- Set runtime path of "/root/colcon_ws/install/px4_msgs/lib/libpx4_msgs__rosidl_typesupport_introspection_cpp.so" to ""
-- Installing: /root/colcon_ws/install/px4_msgs/lib/libpx4_msgs__rosidl_typesupport_cpp.so
-- Set runtime path of "/root/colcon_ws/install/px4_msgs/lib/libpx4_msgs__rosidl_typesupport_cpp.so" to ""
Compiling '/root/colcon_ws/install/px4_msgs/lib/python3.8/site-packages/px4_msgs/__init__.py'...
-- Installing: /root/colcon_ws/install/px4_msgs/share/px4_msgs/cmake/px4_msgs__rosidl_generator_cExport.cmake
-- Installing: /root/colcon_ws/install/px4_msgs/share/px4_msgs/cmake/px4_msgs__rosidl_generator_cExport-release.cmake
-- Installing: /root/colcon_ws/install/px4_msgs/share/px4_msgs/cmake/px4_msgs__rosidl_typesupport_introspection_cExport.cmake
-- Installing: /root/colcon_ws/install/px4_msgs/share/px4_msgs/cmake/px4_msgs__rosidl_typesupport_introspection_cExport-release.cmake
-- Installing: /root/colcon_ws/install/px4_msgs/share/px4_msgs/cmake/px4_msgs__rosidl_typesupport_cExport.cmake
-- Installing: /root/colcon_ws/install/px4_msgs/share/px4_msgs/cmake/px4_msgs__rosidl_typesupport_cExport-release.cmake
-- Installing: /root/colcon_ws/install/px4_msgs/share/px4_msgs/cmake/px4_msgs__rosidl_generator_cppExport.cmake
-- Installing: /root/colcon_ws/install/px4_msgs/share/px4_msgs/cmake/px4_msgs__rosidl_typesupport_introspection_cppExport.cmake
-- Installing: /root/colcon_ws/install/px4_msgs/share/px4_msgs/cmake/px4_msgs__rosidl_typesupport_introspection_cppExport-release.cmake
-- Installing: /root/colcon_ws/install/px4_msgs/share/px4_msgs/cmake/px4_msgs__rosidl_typesupport_cppExport.cmake
-- Installing: /root/colcon_ws/install/px4_msgs/share/px4_msgs/cmake/px4_msgs__rosidl_typesupport_cppExport-release.cmake
