[0.018s] Invoking command in '/root/colcon_ws/build/px4_msgs': CMAKE_PREFIX_PATH=/opt/ros/galactic /usr/bin/cmake /root/colcon_ws/src/px4_msgs -DAMENT_CMAKE_SYMLINK_INSTALL=1 -DCMAKE_INSTALL_PREFIX=/root/colcon_ws/install/px4_msgs
[0.121s] -- The C compiler identification is GNU 9.4.0
[0.176s] -- The CXX compiler identification is GNU 9.4.0
[0.182s] -- Check for working C compiler: /usr/bin/cc
[0.241s] -- Check for working C compiler: /usr/bin/cc -- works
[0.242s] -- Detecting C compiler ABI info
[0.291s] -- Detecting C compiler ABI info - done
[0.299s] -- Detecting C compile features
[0.299s] -- Detecting C compile features - done
[0.301s] -- Check for working CXX compiler: /usr/bin/c++
[0.360s] -- Check for working CXX compiler: /usr/bin/c++ -- works
[0.361s] -- Detecting CXX compiler ABI info
[0.418s] -- Detecting CXX compiler ABI info - done
[0.425s] -- Detecting CXX compile features
[0.426s] -- Detecting CXX compile features - done
[0.427s] -- Found ament_cmake: 1.1.6 (/opt/ros/galactic/share/ament_cmake/cmake)
[0.445s] -- Found PythonInterp: /usr/bin/python3 (found suitable version "3.8.10", minimum required is "3") 
[0.446s] -- Using PYTHON_EXECUTABLE: /usr/bin/python3
[0.483s] -- Override CMake install command with custom implementation using symlinks instead of copying resources
[0.506s] -- Found builtin_interfaces: 1.0.3 (/opt/ros/galactic/share/builtin_interfaces/cmake)
[0.527s] -- Using all available rosidl_typesupport_c: rosidl_typesupport_fastrtps_c;rosidl_typesupport_introspection_c
[0.532s] -- Found rosidl_adapter: 2.2.3 (/opt/ros/galactic/share/rosidl_adapter/cmake)
[0.620s] -- Found OpenSSL: /usr/lib/x86_64-linux-gnu/libcrypto.so (found version "1.1.1f")  
[0.650s] -- Found FastRTPS: /opt/ros/galactic/include  
[0.710s] -- Using all available rosidl_typesupport_cpp: rosidl_typesupport_fastrtps_cpp;rosidl_typesupport_introspection_cpp
[0.730s] -- Found rosidl_default_generators: 1.1.1 (/opt/ros/galactic/share/rosidl_default_generators/cmake)
[0.756s] -- Found PythonInterp: /usr/bin/python3 (found version "3.8.10") 
[0.896s] -- Found ament_cmake_cppcheck: 0.10.7 (/opt/ros/galactic/share/ament_cmake_cppcheck/cmake)
[0.898s] -- Found ament_cmake_cpplint: 0.10.7 (/opt/ros/galactic/share/ament_cmake_cpplint/cmake)
[0.899s] -- Found ament_cmake_uncrustify: 0.10.7 (/opt/ros/galactic/share/ament_cmake_uncrustify/cmake)
[0.900s] -- Found ament_cmake_ros: 0.9.2 (/opt/ros/galactic/share/ament_cmake_ros/cmake)
[1.002s] -- Using all available rosidl_typesupport_c: rosidl_typesupport_fastrtps_c;rosidl_typesupport_introspection_c
[1.016s] -- Using all available rosidl_typesupport_cpp: rosidl_typesupport_fastrtps_cpp;rosidl_typesupport_introspection_cpp
[1.033s] -- Found PythonInterp: /usr/bin/python3 (found suitable version "3.8.10", minimum required is "3.5") 
[1.034s] -- Found python_cmake_module: 0.8.1 (/opt/ros/galactic/share/python_cmake_module/cmake)
[1.055s] -- Found PythonLibs: /usr/lib/x86_64-linux-gnu/libpython3.8.so (found suitable version "3.8.10", minimum required is "3.5") 
[1.055s] -- Using PYTHON_EXECUTABLE: /usr/bin/python3
[1.055s] -- Using PYTHON_INCLUDE_DIRS: /usr/include/python3.8
[1.055s] -- Using PYTHON_LIBRARIES: /usr/lib/x86_64-linux-gnu/libpython3.8.so
[1.069s] -- Found PythonExtra: .so  
[1.104s] -- Found ament_cmake_flake8: 0.10.7 (/opt/ros/galactic/share/ament_cmake_flake8/cmake)
[1.106s] -- Found ament_cmake_pep257: 0.10.7 (/opt/ros/galactic/share/ament_cmake_pep257/cmake)
[1.120s] -- Configuring done
[1.161s] -- Generating done
[1.163s] -- Build files have been written to: /root/colcon_ws/build/px4_msgs
[1.168s] Invoked command in '/root/colcon_ws/build/px4_msgs' returned '0': CMAKE_PREFIX_PATH=/opt/ros/galactic /usr/bin/cmake /root/colcon_ws/src/px4_msgs -DAMENT_CMAKE_SYMLINK_INSTALL=1 -DCMAKE_INSTALL_PREFIX=/root/colcon_ws/install/px4_msgs
[1.170s] Invoking command in '/root/colcon_ws/build/px4_msgs': CMAKE_PREFIX_PATH=/opt/ros/galactic /usr/bin/cmake --build /root/colcon_ws/build/px4_msgs -- -j20 -l20
[1.215s] [  1%] [34m[1mGenerating C code for ROS interfaces[0m
[1.215s] [35m[1mScanning dependencies of target px4_msgs__cpp[0m
[1.226s] [  1%] [34m[1mGenerating C++ code for ROS interfaces[0m
[3.219s] [  1%] Built target px4_msgs__cpp
[3.229s] [  2%] [34m[1mGenerating C++ type support for eProsima Fast-RTPS[0m
[3.232s] [  3%] [34m[1mGenerating C++ type support dispatch for ROS interfaces[0m
[3.232s] [  3%] [34m[1mGenerating C++ introspection for ROS interfaces[0m
[3.314s] [35m[1mScanning dependencies of target px4_msgs__rosidl_generator_c[0m
[3.332s] [  3%] [32mBuilding C object CMakeFiles/px4_msgs__rosidl_generator_c.dir/rosidl_generator_c/px4_msgs/msg/detail/commander_set_state__functions.c.o[0m
[3.332s] [  4%] [32mBuilding C object CMakeFiles/px4_msgs__rosidl_generator_c.dir/rosidl_generator_c/px4_msgs/msg/detail/commander_status__functions.c.o[0m
[3.332s] [  5%] [32mBuilding C object CMakeFiles/px4_msgs__rosidl_generator_c.dir/rosidl_generator_c/px4_msgs/msg/detail/parameter_req__functions.c.o[0m
[3.332s] [  5%] [32mBuilding C object CMakeFiles/px4_msgs__rosidl_generator_c.dir/rosidl_generator_c/px4_msgs/msg/detail/vehicle_command__functions.c.o[0m
[3.333s] [  6%] [32mBuilding C object CMakeFiles/px4_msgs__rosidl_generator_c.dir/rosidl_generator_c/px4_msgs/msg/detail/vehicle_local_position__functions.c.o[0m
[3.335s] [  6%] [32mBuilding C object CMakeFiles/px4_msgs__rosidl_generator_c.dir/rosidl_generator_c/px4_msgs/msg/detail/sensor_combined__functions.c.o[0m
[3.335s] [  7%] [32mBuilding C object CMakeFiles/px4_msgs__rosidl_generator_c.dir/rosidl_generator_c/px4_msgs/msg/detail/timesync_status__functions.c.o[0m
[3.335s] [  8%] [32mBuilding C object CMakeFiles/px4_msgs__rosidl_generator_c.dir/rosidl_generator_c/px4_msgs/msg/detail/trajectory_setpoint__functions.c.o[0m
[3.335s] [  9%] [32mBuilding C object CMakeFiles/px4_msgs__rosidl_generator_c.dir/rosidl_generator_c/px4_msgs/msg/detail/sensor_gps__functions.c.o[0m
[3.336s] [ 10%] [32mBuilding C object CMakeFiles/px4_msgs__rosidl_generator_c.dir/rosidl_generator_c/px4_msgs/msg/detail/parameter_res__functions.c.o[0m
[3.336s] [ 10%] [32mBuilding C object CMakeFiles/px4_msgs__rosidl_generator_c.dir/rosidl_generator_c/px4_msgs/msg/detail/vehicle_odometry__functions.c.o[0m
[3.336s] [ 11%] [32mBuilding C object CMakeFiles/px4_msgs__rosidl_generator_c.dir/rosidl_generator_c/px4_msgs/msg/detail/vehicle_control_mode__functions.c.o[0m
[3.336s] [ 12%] [32mBuilding C object CMakeFiles/px4_msgs__rosidl_generator_c.dir/rosidl_generator_c/px4_msgs/msg/detail/simple_battery_status__functions.c.o[0m
[3.341s] [ 13%] [32mBuilding C object CMakeFiles/px4_msgs__rosidl_generator_c.dir/rosidl_generator_c/px4_msgs/msg/detail/vehicle_status__functions.c.o[0m
[3.443s] [ 14%] [32m[1mLinking C shared library libpx4_msgs__rosidl_generator_c.so[0m
[3.479s] [ 14%] Built target px4_msgs__rosidl_generator_c
[3.488s] [ 16%] [34m[1mGenerating C type support dispatch for ROS interfaces[0m
[3.488s] [ 16%] [34m[1mGenerating C introspection for ROS interfaces[0m
[5.178s] [35m[1mScanning dependencies of target px4_msgs__rosidl_typesupport_introspection_cpp[0m
[5.196s] [ 17%] [32mBuilding CXX object CMakeFiles/px4_msgs__rosidl_typesupport_introspection_cpp.dir/rosidl_typesupport_introspection_cpp/px4_msgs/msg/detail/parameter_res__type_support.cpp.o[0m
[5.197s] [ 17%] [32mBuilding CXX object CMakeFiles/px4_msgs__rosidl_typesupport_introspection_cpp.dir/rosidl_typesupport_introspection_cpp/px4_msgs/msg/detail/parameter_req__type_support.cpp.o[0m
[5.197s] [ 18%] [32mBuilding CXX object CMakeFiles/px4_msgs__rosidl_typesupport_introspection_cpp.dir/rosidl_typesupport_introspection_cpp/px4_msgs/msg/detail/sensor_combined__type_support.cpp.o[0m
[5.198s] [ 20%] [32mBuilding CXX object CMakeFiles/px4_msgs__rosidl_typesupport_introspection_cpp.dir/rosidl_typesupport_introspection_cpp/px4_msgs/msg/detail/trajectory_setpoint__type_support.cpp.o[0m
[5.198s] [ 20%] [32mBuilding CXX object CMakeFiles/px4_msgs__rosidl_typesupport_introspection_cpp.dir/rosidl_typesupport_introspection_cpp/px4_msgs/msg/detail/commander_set_state__type_support.cpp.o[0m
[5.199s] [ 21%] [32mBuilding CXX object CMakeFiles/px4_msgs__rosidl_typesupport_introspection_cpp.dir/rosidl_typesupport_introspection_cpp/px4_msgs/msg/detail/sensor_gps__type_support.cpp.o[0m
[5.199s] [ 22%] [32mBuilding CXX object CMakeFiles/px4_msgs__rosidl_typesupport_introspection_cpp.dir/rosidl_typesupport_introspection_cpp/px4_msgs/msg/detail/vehicle_command__type_support.cpp.o[0m
[5.199s] [ 22%] [32mBuilding CXX object CMakeFiles/px4_msgs__rosidl_typesupport_introspection_cpp.dir/rosidl_typesupport_introspection_cpp/px4_msgs/msg/detail/vehicle_local_position__type_support.cpp.o[0m
[5.200s] [ 23%] [32mBuilding CXX object CMakeFiles/px4_msgs__rosidl_typesupport_introspection_cpp.dir/rosidl_typesupport_introspection_cpp/px4_msgs/msg/detail/vehicle_control_mode__type_support.cpp.o[0m
[5.202s] [ 24%] [32mBuilding CXX object CMakeFiles/px4_msgs__rosidl_typesupport_introspection_cpp.dir/rosidl_typesupport_introspection_cpp/px4_msgs/msg/detail/simple_battery_status__type_support.cpp.o[0m
[5.202s] [ 25%] [32mBuilding CXX object CMakeFiles/px4_msgs__rosidl_typesupport_introspection_cpp.dir/rosidl_typesupport_introspection_cpp/px4_msgs/msg/detail/timesync_status__type_support.cpp.o[0m
[5.202s] [ 25%] [32mBuilding CXX object CMakeFiles/px4_msgs__rosidl_typesupport_introspection_cpp.dir/rosidl_typesupport_introspection_cpp/px4_msgs/msg/detail/commander_status__type_support.cpp.o[0m
[5.205s] [ 26%] [32mBuilding CXX object CMakeFiles/px4_msgs__rosidl_typesupport_introspection_cpp.dir/rosidl_typesupport_introspection_cpp/px4_msgs/msg/detail/vehicle_status__type_support.cpp.o[0m
[5.205s] [ 27%] [32mBuilding CXX object CMakeFiles/px4_msgs__rosidl_typesupport_introspection_cpp.dir/rosidl_typesupport_introspection_cpp/px4_msgs/msg/detail/vehicle_odometry__type_support.cpp.o[0m
[5.257s] [35m[1mScanning dependencies of target px4_msgs__rosidl_typesupport_cpp[0m
[5.279s] [ 28%] [32mBuilding CXX object CMakeFiles/px4_msgs__rosidl_typesupport_cpp.dir/rosidl_typesupport_cpp/px4_msgs/msg/simple_battery_status__type_support.cpp.o[0m
[5.293s] [ 29%] [32mBuilding CXX object CMakeFiles/px4_msgs__rosidl_typesupport_cpp.dir/rosidl_typesupport_cpp/px4_msgs/msg/commander_set_state__type_support.cpp.o[0m
[5.293s] [ 29%] [32mBuilding CXX object CMakeFiles/px4_msgs__rosidl_typesupport_cpp.dir/rosidl_typesupport_cpp/px4_msgs/msg/commander_status__type_support.cpp.o[0m
[5.521s] [ 30%] [32mBuilding CXX object CMakeFiles/px4_msgs__rosidl_typesupport_cpp.dir/rosidl_typesupport_cpp/px4_msgs/msg/parameter_req__type_support.cpp.o[0m
[5.538s] [ 31%] [32mBuilding CXX object CMakeFiles/px4_msgs__rosidl_typesupport_cpp.dir/rosidl_typesupport_cpp/px4_msgs/msg/parameter_res__type_support.cpp.o[0m
[5.538s] [ 31%] [32mBuilding CXX object CMakeFiles/px4_msgs__rosidl_typesupport_cpp.dir/rosidl_typesupport_cpp/px4_msgs/msg/sensor_combined__type_support.cpp.o[0m
[5.540s] [ 32%] [32mBuilding CXX object CMakeFiles/px4_msgs__rosidl_typesupport_cpp.dir/rosidl_typesupport_cpp/px4_msgs/msg/sensor_gps__type_support.cpp.o[0m
[5.549s] [ 33%] [32mBuilding CXX object CMakeFiles/px4_msgs__rosidl_typesupport_cpp.dir/rosidl_typesupport_cpp/px4_msgs/msg/timesync_status__type_support.cpp.o[0m
[5.558s] [ 34%] [32mBuilding CXX object CMakeFiles/px4_msgs__rosidl_typesupport_cpp.dir/rosidl_typesupport_cpp/px4_msgs/msg/trajectory_setpoint__type_support.cpp.o[0m
[5.571s] [ 34%] [32mBuilding CXX object CMakeFiles/px4_msgs__rosidl_typesupport_cpp.dir/rosidl_typesupport_cpp/px4_msgs/msg/vehicle_command__type_support.cpp.o[0m
[5.575s] [ 35%] [32mBuilding CXX object CMakeFiles/px4_msgs__rosidl_typesupport_cpp.dir/rosidl_typesupport_cpp/px4_msgs/msg/vehicle_control_mode__type_support.cpp.o[0m
[5.577s] [35m[1mScanning dependencies of target px4_msgs__rosidl_typesupport_fastrtps_cpp[0m
[5.581s] [35m[1mScanning dependencies of target px4_msgs__rosidl_typesupport_c[0m
[5.593s] [ 36%] [32mBuilding CXX object CMakeFiles/px4_msgs__rosidl_typesupport_cpp.dir/rosidl_typesupport_cpp/px4_msgs/msg/vehicle_local_position__type_support.cpp.o[0m
[5.597s] [ 36%] [32mBuilding CXX object CMakeFiles/px4_msgs__rosidl_typesupport_cpp.dir/rosidl_typesupport_cpp/px4_msgs/msg/vehicle_status__type_support.cpp.o[0m
[5.600s] [ 37%] [32mBuilding CXX object CMakeFiles/px4_msgs__rosidl_typesupport_cpp.dir/rosidl_typesupport_cpp/px4_msgs/msg/vehicle_odometry__type_support.cpp.o[0m
[5.609s] [ 38%] [32m[1mLinking CXX shared library libpx4_msgs__rosidl_typesupport_introspection_cpp.so[0m
[5.609s] [ 39%] [32mBuilding CXX object CMakeFiles/px4_msgs__rosidl_typesupport_c.dir/rosidl_typesupport_c/px4_msgs/msg/commander_status__type_support.cpp.o[0m
[5.612s] [ 39%] [32mBuilding CXX object CMakeFiles/px4_msgs__rosidl_typesupport_c.dir/rosidl_typesupport_c/px4_msgs/msg/simple_battery_status__type_support.cpp.o[0m
[5.613s] [ 40%] [32mBuilding CXX object CMakeFiles/px4_msgs__rosidl_typesupport_c.dir/rosidl_typesupport_c/px4_msgs/msg/commander_set_state__type_support.cpp.o[0m
[5.615s] [ 41%] [32mBuilding CXX object CMakeFiles/px4_msgs__rosidl_typesupport_c.dir/rosidl_typesupport_c/px4_msgs/msg/parameter_req__type_support.cpp.o[0m
[5.622s] [ 42%] [32mBuilding CXX object CMakeFiles/px4_msgs__rosidl_typesupport_c.dir/rosidl_typesupport_c/px4_msgs/msg/sensor_combined__type_support.cpp.o[0m
[5.625s] [ 43%] [32mBuilding CXX object CMakeFiles/px4_msgs__rosidl_typesupport_fastrtps_cpp.dir/rosidl_typesupport_fastrtps_cpp/px4_msgs/msg/detail/dds_fastrtps/simple_battery_status__type_support.cpp.o[0m
[5.630s] [ 43%] [32mBuilding CXX object CMakeFiles/px4_msgs__rosidl_typesupport_c.dir/rosidl_typesupport_c/px4_msgs/msg/parameter_res__type_support.cpp.o[0m
[5.666s] [ 44%] [32mBuilding CXX object CMakeFiles/px4_msgs__rosidl_typesupport_c.dir/rosidl_typesupport_c/px4_msgs/msg/sensor_gps__type_support.cpp.o[0m
[5.675s] [ 44%] [32mBuilding CXX object CMakeFiles/px4_msgs__rosidl_typesupport_fastrtps_cpp.dir/rosidl_typesupport_fastrtps_cpp/px4_msgs/msg/detail/dds_fastrtps/commander_status__type_support.cpp.o[0m
[5.681s] [ 45%] [32mBuilding CXX object CMakeFiles/px4_msgs__rosidl_typesupport_fastrtps_cpp.dir/rosidl_typesupport_fastrtps_cpp/px4_msgs/msg/detail/dds_fastrtps/parameter_req__type_support.cpp.o[0m
[5.681s] [ 46%] [32mBuilding CXX object CMakeFiles/px4_msgs__rosidl_typesupport_c.dir/rosidl_typesupport_c/px4_msgs/msg/timesync_status__type_support.cpp.o[0m
[5.682s] [ 47%] [32mBuilding CXX object CMakeFiles/px4_msgs__rosidl_typesupport_fastrtps_cpp.dir/rosidl_typesupport_fastrtps_cpp/px4_msgs/msg/detail/dds_fastrtps/commander_set_state__type_support.cpp.o[0m
[5.689s] [ 47%] [32mBuilding CXX object CMakeFiles/px4_msgs__rosidl_typesupport_c.dir/rosidl_typesupport_c/px4_msgs/msg/trajectory_setpoint__type_support.cpp.o[0m
[5.699s] [ 47%] Built target px4_msgs__rosidl_typesupport_introspection_cpp
[5.720s] [ 48%] [32mBuilding CXX object CMakeFiles/px4_msgs__rosidl_typesupport_fastrtps_cpp.dir/rosidl_typesupport_fastrtps_cpp/px4_msgs/msg/detail/dds_fastrtps/parameter_res__type_support.cpp.o[0m
[5.733s] [ 49%] [32mBuilding CXX object CMakeFiles/px4_msgs__rosidl_typesupport_fastrtps_cpp.dir/rosidl_typesupport_fastrtps_cpp/px4_msgs/msg/detail/dds_fastrtps/sensor_combined__type_support.cpp.o[0m
[5.733s] [ 50%] [32mBuilding CXX object CMakeFiles/px4_msgs__rosidl_typesupport_c.dir/rosidl_typesupport_c/px4_msgs/msg/vehicle_command__type_support.cpp.o[0m
[5.743s] [ 51%] [32mBuilding CXX object CMakeFiles/px4_msgs__rosidl_typesupport_c.dir/rosidl_typesupport_c/px4_msgs/msg/vehicle_control_mode__type_support.cpp.o[0m
[5.783s] [ 52%] [32mBuilding CXX object CMakeFiles/px4_msgs__rosidl_typesupport_c.dir/rosidl_typesupport_c/px4_msgs/msg/vehicle_local_position__type_support.cpp.o[0m
[5.806s] [ 52%] [32mBuilding CXX object CMakeFiles/px4_msgs__rosidl_typesupport_c.dir/rosidl_typesupport_c/px4_msgs/msg/vehicle_odometry__type_support.cpp.o[0m
[5.833s] [ 53%] [32mBuilding CXX object CMakeFiles/px4_msgs__rosidl_typesupport_c.dir/rosidl_typesupport_c/px4_msgs/msg/vehicle_status__type_support.cpp.o[0m
[5.853s] [ 53%] [32mBuilding CXX object CMakeFiles/px4_msgs__rosidl_typesupport_fastrtps_cpp.dir/rosidl_typesupport_fastrtps_cpp/px4_msgs/msg/detail/dds_fastrtps/sensor_gps__type_support.cpp.o[0m
[5.863s] [ 54%] [32mBuilding CXX object CMakeFiles/px4_msgs__rosidl_typesupport_fastrtps_cpp.dir/rosidl_typesupport_fastrtps_cpp/px4_msgs/msg/detail/dds_fastrtps/timesync_status__type_support.cpp.o[0m
[5.877s] [ 55%] [32mBuilding CXX object CMakeFiles/px4_msgs__rosidl_typesupport_fastrtps_cpp.dir/rosidl_typesupport_fastrtps_cpp/px4_msgs/msg/detail/dds_fastrtps/trajectory_setpoint__type_support.cpp.o[0m
[5.886s] [ 56%] [32m[1mLinking CXX shared library libpx4_msgs__rosidl_typesupport_c.so[0m
[5.889s] [ 57%] [32mBuilding CXX object CMakeFiles/px4_msgs__rosidl_typesupport_fastrtps_cpp.dir/rosidl_typesupport_fastrtps_cpp/px4_msgs/msg/detail/dds_fastrtps/vehicle_command__type_support.cpp.o[0m
[5.919s] [ 58%] [32mBuilding CXX object CMakeFiles/px4_msgs__rosidl_typesupport_fastrtps_cpp.dir/rosidl_typesupport_fastrtps_cpp/px4_msgs/msg/detail/dds_fastrtps/vehicle_local_position__type_support.cpp.o[0m
[5.931s] [ 58%] [32mBuilding CXX object CMakeFiles/px4_msgs__rosidl_typesupport_fastrtps_cpp.dir/rosidl_typesupport_fastrtps_cpp/px4_msgs/msg/detail/dds_fastrtps/vehicle_control_mode__type_support.cpp.o[0m
[5.948s] [ 58%] Built target px4_msgs__rosidl_typesupport_c
[5.950s] [ 59%] [32mBuilding CXX object CMakeFiles/px4_msgs__rosidl_typesupport_fastrtps_cpp.dir/rosidl_typesupport_fastrtps_cpp/px4_msgs/msg/detail/dds_fastrtps/vehicle_odometry__type_support.cpp.o[0m
[5.955s] [ 60%] [32mBuilding CXX object CMakeFiles/px4_msgs__rosidl_typesupport_fastrtps_cpp.dir/rosidl_typesupport_fastrtps_cpp/px4_msgs/msg/detail/dds_fastrtps/vehicle_status__type_support.cpp.o[0m
[5.961s] [35m[1mScanning dependencies of target px4_msgs__rosidl_typesupport_introspection_c[0m
[5.972s] [ 61%] [32m[1mLinking CXX shared library libpx4_msgs__rosidl_typesupport_cpp.so[0m
[5.983s] [ 61%] [32mBuilding C object CMakeFiles/px4_msgs__rosidl_typesupport_introspection_c.dir/rosidl_typesupport_introspection_c/px4_msgs/msg/detail/commander_status__type_support.c.o[0m
[5.985s] [ 62%] [32mBuilding C object CMakeFiles/px4_msgs__rosidl_typesupport_introspection_c.dir/rosidl_typesupport_introspection_c/px4_msgs/msg/detail/simple_battery_status__type_support.c.o[0m
[5.986s] [ 63%] [32mBuilding C object CMakeFiles/px4_msgs__rosidl_typesupport_introspection_c.dir/rosidl_typesupport_introspection_c/px4_msgs/msg/detail/commander_set_state__type_support.c.o[0m
[5.986s] [ 64%] [32mBuilding C object CMakeFiles/px4_msgs__rosidl_typesupport_introspection_c.dir/rosidl_typesupport_introspection_c/px4_msgs/msg/detail/parameter_req__type_support.c.o[0m
[5.992s] [ 65%] [32mBuilding C object CMakeFiles/px4_msgs__rosidl_typesupport_introspection_c.dir/rosidl_typesupport_introspection_c/px4_msgs/msg/detail/parameter_res__type_support.c.o[0m
[6.039s] [ 66%] [32mBuilding C object CMakeFiles/px4_msgs__rosidl_typesupport_introspection_c.dir/rosidl_typesupport_introspection_c/px4_msgs/msg/detail/sensor_combined__type_support.c.o[0m
[6.047s] [ 66%] [32mBuilding C object CMakeFiles/px4_msgs__rosidl_typesupport_introspection_c.dir/rosidl_typesupport_introspection_c/px4_msgs/msg/detail/sensor_gps__type_support.c.o[0m
[6.047s] [ 67%] [32mBuilding C object CMakeFiles/px4_msgs__rosidl_typesupport_introspection_c.dir/rosidl_typesupport_introspection_c/px4_msgs/msg/detail/timesync_status__type_support.c.o[0m
[6.055s] [ 67%] Built target px4_msgs__rosidl_typesupport_cpp
[6.065s] [ 67%] [32mBuilding C object CMakeFiles/px4_msgs__rosidl_typesupport_introspection_c.dir/rosidl_typesupport_introspection_c/px4_msgs/msg/detail/vehicle_command__type_support.c.o[0m
[6.069s] [ 68%] [32mBuilding C object CMakeFiles/px4_msgs__rosidl_typesupport_introspection_c.dir/rosidl_typesupport_introspection_c/px4_msgs/msg/detail/trajectory_setpoint__type_support.c.o[0m
[6.076s] [ 69%] [32mBuilding C object CMakeFiles/px4_msgs__rosidl_typesupport_introspection_c.dir/rosidl_typesupport_introspection_c/px4_msgs/msg/detail/vehicle_control_mode__type_support.c.o[0m
[6.096s] [ 70%] [32mBuilding C object CMakeFiles/px4_msgs__rosidl_typesupport_introspection_c.dir/rosidl_typesupport_introspection_c/px4_msgs/msg/detail/vehicle_local_position__type_support.c.o[0m
[6.108s] [ 71%] [32mBuilding C object CMakeFiles/px4_msgs__rosidl_typesupport_introspection_c.dir/rosidl_typesupport_introspection_c/px4_msgs/msg/detail/vehicle_odometry__type_support.c.o[0m
[6.109s] [ 71%] [32mBuilding C object CMakeFiles/px4_msgs__rosidl_typesupport_introspection_c.dir/rosidl_typesupport_introspection_c/px4_msgs/msg/detail/vehicle_status__type_support.c.o[0m
[6.155s] [ 72%] [32m[1mLinking C shared library libpx4_msgs__rosidl_typesupport_introspection_c.so[0m
[6.184s] [ 72%] Built target px4_msgs__rosidl_typesupport_introspection_c
[6.387s] [ 72%] [32m[1mLinking CXX shared library libpx4_msgs__rosidl_typesupport_fastrtps_cpp.so[0m
[6.448s] [ 72%] Built target px4_msgs__rosidl_typesupport_fastrtps_cpp
[6.458s] [ 73%] [34m[1mGenerating C type support for eProsima Fast-RTPS[0m
[8.159s] [35m[1mScanning dependencies of target px4_msgs__rosidl_typesupport_fastrtps_c[0m
[8.179s] [ 73%] [32mBuilding CXX object CMakeFiles/px4_msgs__rosidl_typesupport_fastrtps_c.dir/rosidl_typesupport_fastrtps_c/px4_msgs/msg/detail/commander_set_state__type_support_c.cpp.o[0m
[8.179s] [ 75%] [32mBuilding CXX object CMakeFiles/px4_msgs__rosidl_typesupport_fastrtps_c.dir/rosidl_typesupport_fastrtps_c/px4_msgs/msg/detail/sensor_combined__type_support_c.cpp.o[0m
[8.179s] [ 75%] [32mBuilding CXX object CMakeFiles/px4_msgs__rosidl_typesupport_fastrtps_c.dir/rosidl_typesupport_fastrtps_c/px4_msgs/msg/detail/parameter_res__type_support_c.cpp.o[0m
[8.179s] [ 75%] [32mBuilding CXX object CMakeFiles/px4_msgs__rosidl_typesupport_fastrtps_c.dir/rosidl_typesupport_fastrtps_c/px4_msgs/msg/detail/sensor_gps__type_support_c.cpp.o[0m
[8.179s] [ 76%] [32mBuilding CXX object CMakeFiles/px4_msgs__rosidl_typesupport_fastrtps_c.dir/rosidl_typesupport_fastrtps_c/px4_msgs/msg/detail/timesync_status__type_support_c.cpp.o[0m
[8.179s] [ 77%] [32mBuilding CXX object CMakeFiles/px4_msgs__rosidl_typesupport_fastrtps_c.dir/rosidl_typesupport_fastrtps_c/px4_msgs/msg/detail/simple_battery_status__type_support_c.cpp.o[0m
[8.179s] [ 78%] [32mBuilding CXX object CMakeFiles/px4_msgs__rosidl_typesupport_fastrtps_c.dir/rosidl_typesupport_fastrtps_c/px4_msgs/msg/detail/commander_status__type_support_c.cpp.o[0m
[8.180s] [ 78%] [32mBuilding CXX object CMakeFiles/px4_msgs__rosidl_typesupport_fastrtps_c.dir/rosidl_typesupport_fastrtps_c/px4_msgs/msg/detail/vehicle_command__type_support_c.cpp.o[0m
[8.180s] [ 79%] [32mBuilding CXX object CMakeFiles/px4_msgs__rosidl_typesupport_fastrtps_c.dir/rosidl_typesupport_fastrtps_c/px4_msgs/msg/detail/parameter_req__type_support_c.cpp.o[0m
[8.180s] [ 79%] [32mBuilding CXX object CMakeFiles/px4_msgs__rosidl_typesupport_fastrtps_c.dir/rosidl_typesupport_fastrtps_c/px4_msgs/msg/detail/vehicle_status__type_support_c.cpp.o[0m
[8.180s] [ 81%] [32mBuilding CXX object CMakeFiles/px4_msgs__rosidl_typesupport_fastrtps_c.dir/rosidl_typesupport_fastrtps_c/px4_msgs/msg/detail/trajectory_setpoint__type_support_c.cpp.o[0m
[8.180s] [ 81%] [32mBuilding CXX object CMakeFiles/px4_msgs__rosidl_typesupport_fastrtps_c.dir/rosidl_typesupport_fastrtps_c/px4_msgs/msg/detail/vehicle_control_mode__type_support_c.cpp.o[0m
[8.181s] [ 82%] [32mBuilding CXX object CMakeFiles/px4_msgs__rosidl_typesupport_fastrtps_c.dir/rosidl_typesupport_fastrtps_c/px4_msgs/msg/detail/vehicle_local_position__type_support_c.cpp.o[0m
[8.181s] [ 83%] [32mBuilding CXX object CMakeFiles/px4_msgs__rosidl_typesupport_fastrtps_c.dir/rosidl_typesupport_fastrtps_c/px4_msgs/msg/detail/vehicle_odometry__type_support_c.cpp.o[0m
[8.554s] [ 84%] [32m[1mLinking CXX shared library libpx4_msgs__rosidl_typesupport_fastrtps_c.so[0m
[8.610s] [ 84%] Built target px4_msgs__rosidl_typesupport_fastrtps_c
[8.618s] [35m[1mScanning dependencies of target px4_msgs[0m
[8.626s] [ 84%] Built target px4_msgs
[8.635s] [35m[1mScanning dependencies of target px4_msgs__py[0m
[8.644s] [ 85%] [34m[1mGenerating Python code for ROS interfaces[0m
[12.195s] [ 85%] Built target px4_msgs__py
[12.203s] [35m[1mScanning dependencies of target px4_msgs__python[0m
[12.231s] [ 86%] [32mBuilding C object CMakeFiles/px4_msgs__python.dir/rosidl_generator_py/px4_msgs/msg/_parameter_req_s.c.o[0m
[12.231s] [ 88%] [32mBuilding C object CMakeFiles/px4_msgs__python.dir/rosidl_generator_py/px4_msgs/msg/_trajectory_setpoint_s.c.o[0m
[12.231s] [ 88%] [32mBuilding C object CMakeFiles/px4_msgs__python.dir/rosidl_generator_py/px4_msgs/msg/_commander_status_s.c.o[0m
[12.232s] [ 88%] [32mBuilding C object CMakeFiles/px4_msgs__python.dir/rosidl_generator_py/px4_msgs/msg/_sensor_combined_s.c.o[0m
[12.233s] [ 89%] [32mBuilding C object CMakeFiles/px4_msgs__python.dir/rosidl_generator_py/px4_msgs/msg/_simple_battery_status_s.c.o[0m
[12.233s] [ 89%] [32mBuilding C object CMakeFiles/px4_msgs__python.dir/rosidl_generator_py/px4_msgs/msg/_commander_set_state_s.c.o[0m
[12.233s] [ 90%] [32mBuilding C object CMakeFiles/px4_msgs__python.dir/rosidl_generator_py/px4_msgs/msg/_vehicle_local_position_s.c.o[0m
[12.233s] [ 91%] [32mBuilding C object CMakeFiles/px4_msgs__python.dir/rosidl_generator_py/px4_msgs/msg/_vehicle_status_s.c.o[0m
[12.233s] [ 91%] [32mBuilding C object CMakeFiles/px4_msgs__python.dir/rosidl_generator_py/px4_msgs/msg/_parameter_res_s.c.o[0m
[12.234s] [ 93%] [32mBuilding C object CMakeFiles/px4_msgs__python.dir/rosidl_generator_py/px4_msgs/msg/_sensor_gps_s.c.o[0m
[12.234s] [ 93%] [32mBuilding C object CMakeFiles/px4_msgs__python.dir/rosidl_generator_py/px4_msgs/msg/_vehicle_odometry_s.c.o[0m
[12.234s] [ 94%] [32mBuilding C object CMakeFiles/px4_msgs__python.dir/rosidl_generator_py/px4_msgs/msg/_timesync_status_s.c.o[0m
[12.234s] [ 95%] [32mBuilding C object CMakeFiles/px4_msgs__python.dir/rosidl_generator_py/px4_msgs/msg/_vehicle_control_mode_s.c.o[0m
[12.234s] [ 95%] [32mBuilding C object CMakeFiles/px4_msgs__python.dir/rosidl_generator_py/px4_msgs/msg/_vehicle_command_s.c.o[0m
[12.396s] [ 96%] [32m[1mLinking C shared library rosidl_generator_py/px4_msgs/libpx4_msgs__python.so[0m
[12.428s] [ 96%] Built target px4_msgs__python
[12.435s] [35m[1mScanning dependencies of target px4_msgs__rosidl_typesupport_c__pyext[0m
[12.436s] [35m[1mScanning dependencies of target px4_msgs__rosidl_typesupport_fastrtps_c__pyext[0m
[12.438s] [35m[1mScanning dependencies of target px4_msgs__rosidl_typesupport_introspection_c__pyext[0m
[12.450s] [ 97%] [32mBuilding C object CMakeFiles/px4_msgs__rosidl_typesupport_c__pyext.dir/rosidl_generator_py/px4_msgs/_px4_msgs_s.ep.rosidl_typesupport_c.c.o[0m
[12.452s] [ 98%] [32mBuilding C object CMakeFiles/px4_msgs__rosidl_typesupport_fastrtps_c__pyext.dir/rosidl_generator_py/px4_msgs/_px4_msgs_s.ep.rosidl_typesupport_fastrtps_c.c.o[0m
[12.461s] [ 99%] [32mBuilding C object CMakeFiles/px4_msgs__rosidl_typesupport_introspection_c__pyext.dir/rosidl_generator_py/px4_msgs/_px4_msgs_s.ep.rosidl_typesupport_introspection_c.c.o[0m
[12.606s] [ 99%] [32m[1mLinking CXX shared library rosidl_generator_py/px4_msgs/px4_msgs_s__rosidl_typesupport_fastrtps_c.cpython-38-x86_64-linux-gnu.so[0m
[12.610s] [ 99%] [32m[1mLinking C shared library rosidl_generator_py/px4_msgs/px4_msgs_s__rosidl_typesupport_c.cpython-38-x86_64-linux-gnu.so[0m
[12.613s] [100%] [32m[1mLinking C shared library rosidl_generator_py/px4_msgs/px4_msgs_s__rosidl_typesupport_introspection_c.cpython-38-x86_64-linux-gnu.so[0m
[12.636s] [100%] Built target px4_msgs__rosidl_typesupport_c__pyext
[12.646s] [100%] Built target px4_msgs__rosidl_typesupport_introspection_c__pyext
[12.653s] [100%] Built target px4_msgs__rosidl_typesupport_fastrtps_c__pyext
[12.665s] Invoked command in '/root/colcon_ws/build/px4_msgs' returned '0': CMAKE_PREFIX_PATH=/opt/ros/galactic /usr/bin/cmake --build /root/colcon_ws/build/px4_msgs -- -j20 -l20
[12.881s] Invoking command in '/root/colcon_ws/build/px4_msgs': CMAKE_PREFIX_PATH=/opt/ros/galactic /usr/bin/cmake --install /root/colcon_ws/build/px4_msgs
[12.888s] -- Install configuration: "Release"
[12.888s] -- Execute custom install script
[12.888s] -- Symlinking: /root/colcon_ws/install/px4_msgs/share/ament_index/resource_index/rosidl_interfaces/px4_msgs
[12.895s] -- Symlinking: /root/colcon_ws/install/px4_msgs/include/px4_msgs/msg/commander_set_state.h
[12.902s] -- Symlinking: /root/colcon_ws/install/px4_msgs/include/px4_msgs/msg/commander_status.h
[12.908s] -- Symlinking: /root/colcon_ws/install/px4_msgs/include/px4_msgs/msg/detail/commander_set_state__functions.h
[12.913s] -- Symlinking: /root/colcon_ws/install/px4_msgs/include/px4_msgs/msg/detail/commander_set_state__struct.h
[12.922s] -- Symlinking: /root/colcon_ws/install/px4_msgs/include/px4_msgs/msg/detail/commander_set_state__type_support.h
[12.927s] -- Symlinking: /root/colcon_ws/install/px4_msgs/include/px4_msgs/msg/detail/commander_status__functions.h
[12.933s] -- Symlinking: /root/colcon_ws/install/px4_msgs/include/px4_msgs/msg/detail/commander_status__struct.h
[12.941s] -- Symlinking: /root/colcon_ws/install/px4_msgs/include/px4_msgs/msg/detail/commander_status__type_support.h
[12.947s] -- Symlinking: /root/colcon_ws/install/px4_msgs/include/px4_msgs/msg/detail/parameter_req__functions.h
[12.954s] -- Symlinking: /root/colcon_ws/install/px4_msgs/include/px4_msgs/msg/detail/parameter_req__struct.h
[12.961s] -- Symlinking: /root/colcon_ws/install/px4_msgs/include/px4_msgs/msg/detail/parameter_req__type_support.h
[12.967s] -- Symlinking: /root/colcon_ws/install/px4_msgs/include/px4_msgs/msg/detail/parameter_res__functions.h
[12.974s] -- Symlinking: /root/colcon_ws/install/px4_msgs/include/px4_msgs/msg/detail/parameter_res__struct.h
[12.983s] -- Symlinking: /root/colcon_ws/install/px4_msgs/include/px4_msgs/msg/detail/parameter_res__type_support.h
[12.988s] -- Symlinking: /root/colcon_ws/install/px4_msgs/include/px4_msgs/msg/detail/sensor_combined__functions.h
[12.995s] -- Symlinking: /root/colcon_ws/install/px4_msgs/include/px4_msgs/msg/detail/sensor_combined__struct.h
[13.003s] -- Symlinking: /root/colcon_ws/install/px4_msgs/include/px4_msgs/msg/detail/sensor_combined__type_support.h
[13.010s] -- Symlinking: /root/colcon_ws/install/px4_msgs/include/px4_msgs/msg/detail/sensor_gps__functions.h
[13.017s] -- Symlinking: /root/colcon_ws/install/px4_msgs/include/px4_msgs/msg/detail/sensor_gps__struct.h
[13.025s] -- Symlinking: /root/colcon_ws/install/px4_msgs/include/px4_msgs/msg/detail/sensor_gps__type_support.h
[13.031s] -- Symlinking: /root/colcon_ws/install/px4_msgs/include/px4_msgs/msg/detail/simple_battery_status__functions.h
[13.036s] -- Symlinking: /root/colcon_ws/install/px4_msgs/include/px4_msgs/msg/detail/simple_battery_status__struct.h
[13.042s] -- Symlinking: /root/colcon_ws/install/px4_msgs/include/px4_msgs/msg/detail/simple_battery_status__type_support.h
[13.048s] -- Symlinking: /root/colcon_ws/install/px4_msgs/include/px4_msgs/msg/detail/timesync_status__functions.h
[13.055s] -- Symlinking: /root/colcon_ws/install/px4_msgs/include/px4_msgs/msg/detail/timesync_status__struct.h
[13.060s] -- Symlinking: /root/colcon_ws/install/px4_msgs/include/px4_msgs/msg/detail/timesync_status__type_support.h
[13.067s] -- Symlinking: /root/colcon_ws/install/px4_msgs/include/px4_msgs/msg/detail/trajectory_setpoint__functions.h
[13.074s] -- Symlinking: /root/colcon_ws/install/px4_msgs/include/px4_msgs/msg/detail/trajectory_setpoint__struct.h
[13.079s] -- Symlinking: /root/colcon_ws/install/px4_msgs/include/px4_msgs/msg/detail/trajectory_setpoint__type_support.h
[13.085s] -- Symlinking: /root/colcon_ws/install/px4_msgs/include/px4_msgs/msg/detail/vehicle_command__functions.h
[13.093s] -- Symlinking: /root/colcon_ws/install/px4_msgs/include/px4_msgs/msg/detail/vehicle_command__struct.h
[13.098s] -- Symlinking: /root/colcon_ws/install/px4_msgs/include/px4_msgs/msg/detail/vehicle_command__type_support.h
[13.107s] -- Symlinking: /root/colcon_ws/install/px4_msgs/include/px4_msgs/msg/detail/vehicle_control_mode__functions.h
[13.114s] -- Symlinking: /root/colcon_ws/install/px4_msgs/include/px4_msgs/msg/detail/vehicle_control_mode__struct.h
[13.123s] -- Symlinking: /root/colcon_ws/install/px4_msgs/include/px4_msgs/msg/detail/vehicle_control_mode__type_support.h
[13.131s] -- Symlinking: /root/colcon_ws/install/px4_msgs/include/px4_msgs/msg/detail/vehicle_local_position__functions.h
[13.137s] -- Symlinking: /root/colcon_ws/install/px4_msgs/include/px4_msgs/msg/detail/vehicle_local_position__struct.h
[13.145s] -- Symlinking: /root/colcon_ws/install/px4_msgs/include/px4_msgs/msg/detail/vehicle_local_position__type_support.h
[13.152s] -- Symlinking: /root/colcon_ws/install/px4_msgs/include/px4_msgs/msg/detail/vehicle_odometry__functions.h
[13.158s] -- Symlinking: /root/colcon_ws/install/px4_msgs/include/px4_msgs/msg/detail/vehicle_odometry__struct.h
[13.164s] -- Symlinking: /root/colcon_ws/install/px4_msgs/include/px4_msgs/msg/detail/vehicle_odometry__type_support.h
[13.170s] -- Symlinking: /root/colcon_ws/install/px4_msgs/include/px4_msgs/msg/detail/vehicle_status__functions.h
[13.177s] -- Symlinking: /root/colcon_ws/install/px4_msgs/include/px4_msgs/msg/detail/vehicle_status__struct.h
[13.183s] -- Symlinking: /root/colcon_ws/install/px4_msgs/include/px4_msgs/msg/detail/vehicle_status__type_support.h
[13.191s] -- Symlinking: /root/colcon_ws/install/px4_msgs/include/px4_msgs/msg/parameter_req.h
[13.197s] -- Symlinking: /root/colcon_ws/install/px4_msgs/include/px4_msgs/msg/parameter_res.h
[13.205s] -- Symlinking: /root/colcon_ws/install/px4_msgs/include/px4_msgs/msg/rosidl_generator_c__visibility_control.h
[13.212s] -- Symlinking: /root/colcon_ws/install/px4_msgs/include/px4_msgs/msg/sensor_combined.h
[13.218s] -- Symlinking: /root/colcon_ws/install/px4_msgs/include/px4_msgs/msg/sensor_gps.h
[13.225s] -- Symlinking: /root/colcon_ws/install/px4_msgs/include/px4_msgs/msg/simple_battery_status.h
[13.232s] -- Symlinking: /root/colcon_ws/install/px4_msgs/include/px4_msgs/msg/timesync_status.h
[13.238s] -- Symlinking: /root/colcon_ws/install/px4_msgs/include/px4_msgs/msg/trajectory_setpoint.h
[13.244s] -- Symlinking: /root/colcon_ws/install/px4_msgs/include/px4_msgs/msg/vehicle_command.h
[13.251s] -- Symlinking: /root/colcon_ws/install/px4_msgs/include/px4_msgs/msg/vehicle_control_mode.h
[13.258s] -- Symlinking: /root/colcon_ws/install/px4_msgs/include/px4_msgs/msg/vehicle_local_position.h
[13.264s] -- Symlinking: /root/colcon_ws/install/px4_msgs/include/px4_msgs/msg/vehicle_odometry.h
[13.271s] -- Symlinking: /root/colcon_ws/install/px4_msgs/include/px4_msgs/msg/vehicle_status.h
[13.277s] -- Symlinking: /root/colcon_ws/install/px4_msgs/share/px4_msgs/environment/library_path.sh
[13.282s] -- Symlinking: /root/colcon_ws/install/px4_msgs/share/px4_msgs/environment/library_path.dsv
[13.290s] -- Symlinking: /root/colcon_ws/install/px4_msgs/include/px4_msgs/msg/detail/commander_set_state__rosidl_typesupport_fastrtps_c.h
[13.297s] -- Symlinking: /root/colcon_ws/install/px4_msgs/include/px4_msgs/msg/detail/commander_status__rosidl_typesupport_fastrtps_c.h
[13.303s] -- Symlinking: /root/colcon_ws/install/px4_msgs/include/px4_msgs/msg/detail/parameter_req__rosidl_typesupport_fastrtps_c.h
[13.310s] -- Symlinking: /root/colcon_ws/install/px4_msgs/include/px4_msgs/msg/detail/parameter_res__rosidl_typesupport_fastrtps_c.h
[13.317s] -- Symlinking: /root/colcon_ws/install/px4_msgs/include/px4_msgs/msg/detail/sensor_combined__rosidl_typesupport_fastrtps_c.h
[13.324s] -- Symlinking: /root/colcon_ws/install/px4_msgs/include/px4_msgs/msg/detail/sensor_gps__rosidl_typesupport_fastrtps_c.h
[13.331s] -- Symlinking: /root/colcon_ws/install/px4_msgs/include/px4_msgs/msg/detail/simple_battery_status__rosidl_typesupport_fastrtps_c.h
[13.336s] -- Symlinking: /root/colcon_ws/install/px4_msgs/include/px4_msgs/msg/detail/timesync_status__rosidl_typesupport_fastrtps_c.h
[13.342s] -- Symlinking: /root/colcon_ws/install/px4_msgs/include/px4_msgs/msg/detail/trajectory_setpoint__rosidl_typesupport_fastrtps_c.h
[13.347s] -- Symlinking: /root/colcon_ws/install/px4_msgs/include/px4_msgs/msg/detail/vehicle_command__rosidl_typesupport_fastrtps_c.h
[13.353s] -- Symlinking: /root/colcon_ws/install/px4_msgs/include/px4_msgs/msg/detail/vehicle_control_mode__rosidl_typesupport_fastrtps_c.h
[13.359s] -- Symlinking: /root/colcon_ws/install/px4_msgs/include/px4_msgs/msg/detail/vehicle_local_position__rosidl_typesupport_fastrtps_c.h
[13.365s] -- Symlinking: /root/colcon_ws/install/px4_msgs/include/px4_msgs/msg/detail/vehicle_odometry__rosidl_typesupport_fastrtps_c.h
[13.371s] -- Symlinking: /root/colcon_ws/install/px4_msgs/include/px4_msgs/msg/detail/vehicle_status__rosidl_typesupport_fastrtps_c.h
[13.376s] -- Symlinking: /root/colcon_ws/install/px4_msgs/include/px4_msgs/msg/rosidl_typesupport_fastrtps_c__visibility_control.h
[13.382s] -- Symlinking: /root/colcon_ws/install/px4_msgs/lib/libpx4_msgs__rosidl_typesupport_fastrtps_c.so
[13.390s] -- Symlinking: /root/colcon_ws/install/px4_msgs/include/px4_msgs/msg/detail/commander_set_state__rosidl_typesupport_fastrtps_cpp.hpp
[13.399s] -- Symlinking: /root/colcon_ws/install/px4_msgs/include/px4_msgs/msg/detail/commander_status__rosidl_typesupport_fastrtps_cpp.hpp
[13.404s] -- Symlinking: /root/colcon_ws/install/px4_msgs/include/px4_msgs/msg/detail/parameter_req__rosidl_typesupport_fastrtps_cpp.hpp
[13.410s] -- Symlinking: /root/colcon_ws/install/px4_msgs/include/px4_msgs/msg/detail/parameter_res__rosidl_typesupport_fastrtps_cpp.hpp
[13.419s] -- Symlinking: /root/colcon_ws/install/px4_msgs/include/px4_msgs/msg/detail/sensor_combined__rosidl_typesupport_fastrtps_cpp.hpp
[13.427s] -- Symlinking: /root/colcon_ws/install/px4_msgs/include/px4_msgs/msg/detail/sensor_gps__rosidl_typesupport_fastrtps_cpp.hpp
[13.432s] -- Symlinking: /root/colcon_ws/install/px4_msgs/include/px4_msgs/msg/detail/simple_battery_status__rosidl_typesupport_fastrtps_cpp.hpp
[13.438s] -- Symlinking: /root/colcon_ws/install/px4_msgs/include/px4_msgs/msg/detail/timesync_status__rosidl_typesupport_fastrtps_cpp.hpp
[13.447s] -- Symlinking: /root/colcon_ws/install/px4_msgs/include/px4_msgs/msg/detail/trajectory_setpoint__rosidl_typesupport_fastrtps_cpp.hpp
[13.452s] -- Symlinking: /root/colcon_ws/install/px4_msgs/include/px4_msgs/msg/detail/vehicle_command__rosidl_typesupport_fastrtps_cpp.hpp
[13.458s] -- Symlinking: /root/colcon_ws/install/px4_msgs/include/px4_msgs/msg/detail/vehicle_control_mode__rosidl_typesupport_fastrtps_cpp.hpp
[13.466s] -- Symlinking: /root/colcon_ws/install/px4_msgs/include/px4_msgs/msg/detail/vehicle_local_position__rosidl_typesupport_fastrtps_cpp.hpp
[13.472s] -- Symlinking: /root/colcon_ws/install/px4_msgs/include/px4_msgs/msg/detail/vehicle_odometry__rosidl_typesupport_fastrtps_cpp.hpp
[13.478s] -- Symlinking: /root/colcon_ws/install/px4_msgs/include/px4_msgs/msg/detail/vehicle_status__rosidl_typesupport_fastrtps_cpp.hpp
[13.484s] -- Symlinking: /root/colcon_ws/install/px4_msgs/include/px4_msgs/msg/rosidl_typesupport_fastrtps_cpp__visibility_control.h
[13.491s] -- Symlinking: /root/colcon_ws/install/px4_msgs/lib/libpx4_msgs__rosidl_typesupport_fastrtps_cpp.so
[13.498s] -- Symlinking: /root/colcon_ws/install/px4_msgs/include/px4_msgs/msg/detail/commander_set_state__rosidl_typesupport_introspection_c.h
[13.506s] -- Symlinking: /root/colcon_ws/install/px4_msgs/include/px4_msgs/msg/detail/commander_status__rosidl_typesupport_introspection_c.h
[13.511s] -- Symlinking: /root/colcon_ws/install/px4_msgs/include/px4_msgs/msg/detail/parameter_req__rosidl_typesupport_introspection_c.h
[13.516s] -- Symlinking: /root/colcon_ws/install/px4_msgs/include/px4_msgs/msg/detail/parameter_res__rosidl_typesupport_introspection_c.h
[13.523s] -- Symlinking: /root/colcon_ws/install/px4_msgs/include/px4_msgs/msg/detail/sensor_combined__rosidl_typesupport_introspection_c.h
[13.530s] -- Symlinking: /root/colcon_ws/install/px4_msgs/include/px4_msgs/msg/detail/sensor_gps__rosidl_typesupport_introspection_c.h
[13.535s] -- Symlinking: /root/colcon_ws/install/px4_msgs/include/px4_msgs/msg/detail/simple_battery_status__rosidl_typesupport_introspection_c.h
[13.541s] -- Symlinking: /root/colcon_ws/install/px4_msgs/include/px4_msgs/msg/detail/timesync_status__rosidl_typesupport_introspection_c.h
[13.547s] -- Symlinking: /root/colcon_ws/install/px4_msgs/include/px4_msgs/msg/detail/trajectory_setpoint__rosidl_typesupport_introspection_c.h
[13.552s] -- Symlinking: /root/colcon_ws/install/px4_msgs/include/px4_msgs/msg/detail/vehicle_command__rosidl_typesupport_introspection_c.h
[13.559s] -- Symlinking: /root/colcon_ws/install/px4_msgs/include/px4_msgs/msg/detail/vehicle_control_mode__rosidl_typesupport_introspection_c.h
[13.568s] -- Symlinking: /root/colcon_ws/install/px4_msgs/include/px4_msgs/msg/detail/vehicle_local_position__rosidl_typesupport_introspection_c.h
[13.575s] -- Symlinking: /root/colcon_ws/install/px4_msgs/include/px4_msgs/msg/detail/vehicle_odometry__rosidl_typesupport_introspection_c.h
[13.581s] -- Symlinking: /root/colcon_ws/install/px4_msgs/include/px4_msgs/msg/detail/vehicle_status__rosidl_typesupport_introspection_c.h
[13.589s] -- Symlinking: /root/colcon_ws/install/px4_msgs/include/px4_msgs/msg/rosidl_typesupport_introspection_c__visibility_control.h
[13.596s] -- Symlinking: /root/colcon_ws/install/px4_msgs/include/px4_msgs/msg/commander_set_state.hpp
[13.601s] -- Symlinking: /root/colcon_ws/install/px4_msgs/include/px4_msgs/msg/commander_status.hpp
[13.607s] -- Symlinking: /root/colcon_ws/install/px4_msgs/include/px4_msgs/msg/detail/commander_set_state__builder.hpp
[13.614s] -- Symlinking: /root/colcon_ws/install/px4_msgs/include/px4_msgs/msg/detail/commander_set_state__struct.hpp
[13.620s] -- Symlinking: /root/colcon_ws/install/px4_msgs/include/px4_msgs/msg/detail/commander_set_state__traits.hpp
[13.628s] -- Symlinking: /root/colcon_ws/install/px4_msgs/include/px4_msgs/msg/detail/commander_status__builder.hpp
[13.633s] -- Symlinking: /root/colcon_ws/install/px4_msgs/include/px4_msgs/msg/detail/commander_status__struct.hpp
[13.639s] -- Symlinking: /root/colcon_ws/install/px4_msgs/include/px4_msgs/msg/detail/commander_status__traits.hpp
[13.645s] -- Symlinking: /root/colcon_ws/install/px4_msgs/include/px4_msgs/msg/detail/parameter_req__builder.hpp
[13.652s] -- Symlinking: /root/colcon_ws/install/px4_msgs/include/px4_msgs/msg/detail/parameter_req__struct.hpp
[13.659s] -- Symlinking: /root/colcon_ws/install/px4_msgs/include/px4_msgs/msg/detail/parameter_req__traits.hpp
[13.669s] -- Symlinking: /root/colcon_ws/install/px4_msgs/include/px4_msgs/msg/detail/parameter_res__builder.hpp
[13.674s] -- Symlinking: /root/colcon_ws/install/px4_msgs/include/px4_msgs/msg/detail/parameter_res__struct.hpp
[13.680s] -- Symlinking: /root/colcon_ws/install/px4_msgs/include/px4_msgs/msg/detail/parameter_res__traits.hpp
[13.689s] -- Symlinking: /root/colcon_ws/install/px4_msgs/include/px4_msgs/msg/detail/sensor_combined__builder.hpp
[13.698s] -- Symlinking: /root/colcon_ws/install/px4_msgs/include/px4_msgs/msg/detail/sensor_combined__struct.hpp
[13.705s] -- Symlinking: /root/colcon_ws/install/px4_msgs/include/px4_msgs/msg/detail/sensor_combined__traits.hpp
[13.712s] -- Symlinking: /root/colcon_ws/install/px4_msgs/include/px4_msgs/msg/detail/sensor_gps__builder.hpp
[13.717s] -- Symlinking: /root/colcon_ws/install/px4_msgs/include/px4_msgs/msg/detail/sensor_gps__struct.hpp
[13.723s] -- Symlinking: /root/colcon_ws/install/px4_msgs/include/px4_msgs/msg/detail/sensor_gps__traits.hpp
[13.729s] -- Symlinking: /root/colcon_ws/install/px4_msgs/include/px4_msgs/msg/detail/simple_battery_status__builder.hpp
[13.735s] -- Symlinking: /root/colcon_ws/install/px4_msgs/include/px4_msgs/msg/detail/simple_battery_status__struct.hpp
[13.741s] -- Symlinking: /root/colcon_ws/install/px4_msgs/include/px4_msgs/msg/detail/simple_battery_status__traits.hpp
[13.748s] -- Symlinking: /root/colcon_ws/install/px4_msgs/include/px4_msgs/msg/detail/timesync_status__builder.hpp
[13.755s] -- Symlinking: /root/colcon_ws/install/px4_msgs/include/px4_msgs/msg/detail/timesync_status__struct.hpp
[13.764s] -- Symlinking: /root/colcon_ws/install/px4_msgs/include/px4_msgs/msg/detail/timesync_status__traits.hpp
[13.770s] -- Symlinking: /root/colcon_ws/install/px4_msgs/include/px4_msgs/msg/detail/trajectory_setpoint__builder.hpp
[13.776s] -- Symlinking: /root/colcon_ws/install/px4_msgs/include/px4_msgs/msg/detail/trajectory_setpoint__struct.hpp
[13.782s] -- Symlinking: /root/colcon_ws/install/px4_msgs/include/px4_msgs/msg/detail/trajectory_setpoint__traits.hpp
[13.790s] -- Symlinking: /root/colcon_ws/install/px4_msgs/include/px4_msgs/msg/detail/vehicle_command__builder.hpp
[13.796s] -- Symlinking: /root/colcon_ws/install/px4_msgs/include/px4_msgs/msg/detail/vehicle_command__struct.hpp
[13.801s] -- Symlinking: /root/colcon_ws/install/px4_msgs/include/px4_msgs/msg/detail/vehicle_command__traits.hpp
[13.807s] -- Symlinking: /root/colcon_ws/install/px4_msgs/include/px4_msgs/msg/detail/vehicle_control_mode__builder.hpp
[13.812s] -- Symlinking: /root/colcon_ws/install/px4_msgs/include/px4_msgs/msg/detail/vehicle_control_mode__struct.hpp
[13.819s] -- Symlinking: /root/colcon_ws/install/px4_msgs/include/px4_msgs/msg/detail/vehicle_control_mode__traits.hpp
[13.824s] -- Symlinking: /root/colcon_ws/install/px4_msgs/include/px4_msgs/msg/detail/vehicle_local_position__builder.hpp
[13.833s] -- Symlinking: /root/colcon_ws/install/px4_msgs/include/px4_msgs/msg/detail/vehicle_local_position__struct.hpp
[13.838s] -- Symlinking: /root/colcon_ws/install/px4_msgs/include/px4_msgs/msg/detail/vehicle_local_position__traits.hpp
[13.847s] -- Symlinking: /root/colcon_ws/install/px4_msgs/include/px4_msgs/msg/detail/vehicle_odometry__builder.hpp
[13.855s] -- Symlinking: /root/colcon_ws/install/px4_msgs/include/px4_msgs/msg/detail/vehicle_odometry__struct.hpp
[13.862s] -- Symlinking: /root/colcon_ws/install/px4_msgs/include/px4_msgs/msg/detail/vehicle_odometry__traits.hpp
[13.871s] -- Symlinking: /root/colcon_ws/install/px4_msgs/include/px4_msgs/msg/detail/vehicle_status__builder.hpp
[13.879s] -- Symlinking: /root/colcon_ws/install/px4_msgs/include/px4_msgs/msg/detail/vehicle_status__struct.hpp
[13.884s] -- Symlinking: /root/colcon_ws/install/px4_msgs/include/px4_msgs/msg/detail/vehicle_status__traits.hpp
[13.893s] -- Symlinking: /root/colcon_ws/install/px4_msgs/include/px4_msgs/msg/parameter_req.hpp
[13.899s] -- Symlinking: /root/colcon_ws/install/px4_msgs/include/px4_msgs/msg/parameter_res.hpp
[13.905s] -- Symlinking: /root/colcon_ws/install/px4_msgs/include/px4_msgs/msg/sensor_combined.hpp
[13.911s] -- Symlinking: /root/colcon_ws/install/px4_msgs/include/px4_msgs/msg/sensor_gps.hpp
[13.918s] -- Symlinking: /root/colcon_ws/install/px4_msgs/include/px4_msgs/msg/simple_battery_status.hpp
[13.925s] -- Symlinking: /root/colcon_ws/install/px4_msgs/include/px4_msgs/msg/timesync_status.hpp
[13.933s] -- Symlinking: /root/colcon_ws/install/px4_msgs/include/px4_msgs/msg/trajectory_setpoint.hpp
[13.940s] -- Symlinking: /root/colcon_ws/install/px4_msgs/include/px4_msgs/msg/vehicle_command.hpp
[13.946s] -- Symlinking: /root/colcon_ws/install/px4_msgs/include/px4_msgs/msg/vehicle_control_mode.hpp
[13.955s] -- Symlinking: /root/colcon_ws/install/px4_msgs/include/px4_msgs/msg/vehicle_local_position.hpp
[13.960s] -- Symlinking: /root/colcon_ws/install/px4_msgs/include/px4_msgs/msg/vehicle_odometry.hpp
[13.967s] -- Symlinking: /root/colcon_ws/install/px4_msgs/include/px4_msgs/msg/vehicle_status.hpp
[13.975s] -- Symlinking: /root/colcon_ws/install/px4_msgs/include/px4_msgs/msg/detail/commander_set_state__rosidl_typesupport_introspection_cpp.hpp
[13.981s] -- Symlinking: /root/colcon_ws/install/px4_msgs/include/px4_msgs/msg/detail/commander_status__rosidl_typesupport_introspection_cpp.hpp
[13.987s] -- Symlinking: /root/colcon_ws/install/px4_msgs/include/px4_msgs/msg/detail/parameter_req__rosidl_typesupport_introspection_cpp.hpp
[13.995s] -- Symlinking: /root/colcon_ws/install/px4_msgs/include/px4_msgs/msg/detail/parameter_res__rosidl_typesupport_introspection_cpp.hpp
[14.001s] -- Symlinking: /root/colcon_ws/install/px4_msgs/include/px4_msgs/msg/detail/sensor_combined__rosidl_typesupport_introspection_cpp.hpp
[14.007s] -- Symlinking: /root/colcon_ws/install/px4_msgs/include/px4_msgs/msg/detail/sensor_gps__rosidl_typesupport_introspection_cpp.hpp
[14.015s] -- Symlinking: /root/colcon_ws/install/px4_msgs/include/px4_msgs/msg/detail/simple_battery_status__rosidl_typesupport_introspection_cpp.hpp
[14.021s] -- Symlinking: /root/colcon_ws/install/px4_msgs/include/px4_msgs/msg/detail/timesync_status__rosidl_typesupport_introspection_cpp.hpp
[14.027s] -- Symlinking: /root/colcon_ws/install/px4_msgs/include/px4_msgs/msg/detail/trajectory_setpoint__rosidl_typesupport_introspection_cpp.hpp
[14.034s] -- Symlinking: /root/colcon_ws/install/px4_msgs/include/px4_msgs/msg/detail/vehicle_command__rosidl_typesupport_introspection_cpp.hpp
[14.040s] -- Symlinking: /root/colcon_ws/install/px4_msgs/include/px4_msgs/msg/detail/vehicle_control_mode__rosidl_typesupport_introspection_cpp.hpp
[14.046s] -- Symlinking: /root/colcon_ws/install/px4_msgs/include/px4_msgs/msg/detail/vehicle_local_position__rosidl_typesupport_introspection_cpp.hpp
[14.052s] -- Symlinking: /root/colcon_ws/install/px4_msgs/include/px4_msgs/msg/detail/vehicle_odometry__rosidl_typesupport_introspection_cpp.hpp
[14.060s] -- Symlinking: /root/colcon_ws/install/px4_msgs/include/px4_msgs/msg/detail/vehicle_status__rosidl_typesupport_introspection_cpp.hpp
[14.067s] -- Symlinking: /root/colcon_ws/install/px4_msgs/share/px4_msgs/environment/pythonpath.sh
[14.073s] -- Symlinking: /root/colcon_ws/install/px4_msgs/share/px4_msgs/environment/pythonpath.dsv
[14.080s] -- Symlinking: /root/colcon_ws/install/px4_msgs/lib/python3.8/site-packages/px4_msgs/__init__.py
[14.088s] -- Symlinking: /root/colcon_ws/install/px4_msgs/lib/python3.8/site-packages/px4_msgs/msg/__init__.py
[14.095s] -- Symlinking: /root/colcon_ws/install/px4_msgs/lib/python3.8/site-packages/px4_msgs/msg/_commander_set_state.py
[14.101s] -- Symlinking: /root/colcon_ws/install/px4_msgs/lib/python3.8/site-packages/px4_msgs/msg/_commander_status.py
[14.108s] -- Symlinking: /root/colcon_ws/install/px4_msgs/lib/python3.8/site-packages/px4_msgs/msg/_parameter_req.py
[14.115s] -- Symlinking: /root/colcon_ws/install/px4_msgs/lib/python3.8/site-packages/px4_msgs/msg/_parameter_res.py
[14.121s] -- Symlinking: /root/colcon_ws/install/px4_msgs/lib/python3.8/site-packages/px4_msgs/msg/_sensor_combined.py
[14.129s] -- Symlinking: /root/colcon_ws/install/px4_msgs/lib/python3.8/site-packages/px4_msgs/msg/_sensor_gps.py
[14.134s] -- Symlinking: /root/colcon_ws/install/px4_msgs/lib/python3.8/site-packages/px4_msgs/msg/_simple_battery_status.py
[14.140s] -- Symlinking: /root/colcon_ws/install/px4_msgs/lib/python3.8/site-packages/px4_msgs/msg/_timesync_status.py
[14.148s] -- Symlinking: /root/colcon_ws/install/px4_msgs/lib/python3.8/site-packages/px4_msgs/msg/_trajectory_setpoint.py
[14.154s] -- Symlinking: /root/colcon_ws/install/px4_msgs/lib/python3.8/site-packages/px4_msgs/msg/_vehicle_command.py
[14.161s] -- Symlinking: /root/colcon_ws/install/px4_msgs/lib/python3.8/site-packages/px4_msgs/msg/_vehicle_control_mode.py
[14.169s] -- Symlinking: /root/colcon_ws/install/px4_msgs/lib/python3.8/site-packages/px4_msgs/msg/_vehicle_local_position.py
[14.174s] -- Symlinking: /root/colcon_ws/install/px4_msgs/lib/python3.8/site-packages/px4_msgs/msg/_vehicle_odometry.py
[14.181s] -- Symlinking: /root/colcon_ws/install/px4_msgs/lib/python3.8/site-packages/px4_msgs/msg/_vehicle_status.py
[14.190s] -- Symlinking: /root/colcon_ws/install/px4_msgs/lib/python3.8/site-packages/px4_msgs/px4_msgs_s__rosidl_typesupport_fastrtps_c.cpython-38-x86_64-linux-gnu.so
[14.198s] -- Symlinking: /root/colcon_ws/install/px4_msgs/lib/python3.8/site-packages/px4_msgs/px4_msgs_s__rosidl_typesupport_introspection_c.cpython-38-x86_64-linux-gnu.so
[14.204s] -- Symlinking: /root/colcon_ws/install/px4_msgs/lib/python3.8/site-packages/px4_msgs/px4_msgs_s__rosidl_typesupport_c.cpython-38-x86_64-linux-gnu.so
[14.210s] -- Symlinking: /root/colcon_ws/install/px4_msgs/lib/libpx4_msgs__python.so
[14.218s] -- Symlinking: /root/colcon_ws/install/px4_msgs/share/px4_msgs/msg/SimpleBatteryStatus.idl
[14.225s] -- Symlinking: /root/colcon_ws/install/px4_msgs/share/px4_msgs/msg/CommanderSetState.idl
[14.232s] -- Symlinking: /root/colcon_ws/install/px4_msgs/share/px4_msgs/msg/CommanderStatus.idl
[14.239s] -- Symlinking: /root/colcon_ws/install/px4_msgs/share/px4_msgs/msg/ParameterReq.idl
[14.245s] -- Symlinking: /root/colcon_ws/install/px4_msgs/share/px4_msgs/msg/ParameterRes.idl
[14.254s] -- Symlinking: /root/colcon_ws/install/px4_msgs/share/px4_msgs/msg/SensorCombined.idl
[14.263s] -- Symlinking: /root/colcon_ws/install/px4_msgs/share/px4_msgs/msg/SensorGps.idl
[14.270s] -- Symlinking: /root/colcon_ws/install/px4_msgs/share/px4_msgs/msg/TimesyncStatus.idl
[14.276s] -- Symlinking: /root/colcon_ws/install/px4_msgs/share/px4_msgs/msg/TrajectorySetpoint.idl
[14.283s] -- Symlinking: /root/colcon_ws/install/px4_msgs/share/px4_msgs/msg/VehicleCommand.idl
[14.289s] -- Symlinking: /root/colcon_ws/install/px4_msgs/share/px4_msgs/msg/VehicleControlMode.idl
[14.297s] -- Symlinking: /root/colcon_ws/install/px4_msgs/share/px4_msgs/msg/VehicleLocalPosition.idl
[14.302s] -- Symlinking: /root/colcon_ws/install/px4_msgs/share/px4_msgs/msg/VehicleOdometry.idl
[14.308s] -- Symlinking: /root/colcon_ws/install/px4_msgs/share/px4_msgs/msg/VehicleStatus.idl
[14.316s] -- Symlinking: /root/colcon_ws/install/px4_msgs/share/px4_msgs/msg/SimpleBatteryStatus.msg
[14.322s] -- Symlinking: /root/colcon_ws/install/px4_msgs/share/px4_msgs/msg/CommanderSetState.msg
[14.327s] -- Symlinking: /root/colcon_ws/install/px4_msgs/share/px4_msgs/msg/CommanderStatus.msg
[14.335s] -- Symlinking: /root/colcon_ws/install/px4_msgs/share/px4_msgs/msg/ParameterReq.msg
[14.343s] -- Symlinking: /root/colcon_ws/install/px4_msgs/share/px4_msgs/msg/ParameterRes.msg
[14.348s] -- Symlinking: /root/colcon_ws/install/px4_msgs/share/px4_msgs/msg/SensorCombined.msg
[14.356s] -- Symlinking: /root/colcon_ws/install/px4_msgs/share/px4_msgs/msg/SensorGps.msg
[14.363s] -- Symlinking: /root/colcon_ws/install/px4_msgs/share/px4_msgs/msg/TimesyncStatus.msg
[14.371s] -- Symlinking: /root/colcon_ws/install/px4_msgs/share/px4_msgs/msg/TrajectorySetpoint.msg
[14.380s] -- Symlinking: /root/colcon_ws/install/px4_msgs/share/px4_msgs/msg/VehicleCommand.msg
[14.385s] -- Symlinking: /root/colcon_ws/install/px4_msgs/share/px4_msgs/msg/VehicleControlMode.msg
[14.394s] -- Symlinking: /root/colcon_ws/install/px4_msgs/share/px4_msgs/msg/VehicleLocalPosition.msg
[14.401s] -- Symlinking: /root/colcon_ws/install/px4_msgs/share/px4_msgs/msg/VehicleOdometry.msg
[14.408s] -- Symlinking: /root/colcon_ws/install/px4_msgs/share/px4_msgs/msg/VehicleStatus.msg
[14.414s] -- Symlinking: /root/colcon_ws/install/px4_msgs/share/ament_index/resource_index/package_run_dependencies/px4_msgs
[14.423s] -- Symlinking: /root/colcon_ws/install/px4_msgs/share/ament_index/resource_index/parent_prefix_path/px4_msgs
[14.431s] -- Symlinking: /root/colcon_ws/install/px4_msgs/share/px4_msgs/environment/ament_prefix_path.sh
[14.437s] -- Symlinking: /root/colcon_ws/install/px4_msgs/share/px4_msgs/environment/ament_prefix_path.dsv
[14.443s] -- Symlinking: /root/colcon_ws/install/px4_msgs/share/px4_msgs/environment/path.sh
[14.449s] -- Symlinking: /root/colcon_ws/install/px4_msgs/share/px4_msgs/environment/path.dsv
[14.456s] -- Symlinking: /root/colcon_ws/install/px4_msgs/share/px4_msgs/local_setup.bash
[14.463s] -- Symlinking: /root/colcon_ws/install/px4_msgs/share/px4_msgs/local_setup.sh
[14.470s] -- Symlinking: /root/colcon_ws/install/px4_msgs/share/px4_msgs/local_setup.zsh
[14.475s] -- Symlinking: /root/colcon_ws/install/px4_msgs/share/px4_msgs/local_setup.dsv
[14.481s] -- Symlinking: /root/colcon_ws/install/px4_msgs/share/px4_msgs/package.dsv
[14.490s] -- Symlinking: /root/colcon_ws/install/px4_msgs/share/ament_index/resource_index/packages/px4_msgs
[14.496s] -- Symlinking: /root/colcon_ws/install/px4_msgs/share/px4_msgs/cmake/rosidl_cmake-extras.cmake
[14.501s] -- Symlinking: /root/colcon_ws/install/px4_msgs/share/px4_msgs/cmake/ament_cmake_export_dependencies-extras.cmake
[14.509s] -- Symlinking: /root/colcon_ws/install/px4_msgs/share/px4_msgs/cmake/ament_cmake_export_libraries-extras.cmake
[14.516s] -- Symlinking: /root/colcon_ws/install/px4_msgs/share/px4_msgs/cmake/ament_cmake_export_targets-extras.cmake
[14.522s] -- Symlinking: /root/colcon_ws/install/px4_msgs/share/px4_msgs/cmake/ament_cmake_export_include_directories-extras.cmake
[14.530s] -- Symlinking: /root/colcon_ws/install/px4_msgs/share/px4_msgs/cmake/rosidl_cmake_export_typesupport_libraries-extras.cmake
[14.536s] -- Symlinking: /root/colcon_ws/install/px4_msgs/share/px4_msgs/cmake/rosidl_cmake_export_typesupport_targets-extras.cmake
[14.541s] -- Symlinking: /root/colcon_ws/install/px4_msgs/share/px4_msgs/cmake/px4_msgsConfig.cmake
[14.549s] -- Symlinking: /root/colcon_ws/install/px4_msgs/share/px4_msgs/cmake/px4_msgsConfig-version.cmake
[14.556s] -- Symlinking: /root/colcon_ws/install/px4_msgs/share/px4_msgs/package.xml
[14.561s] -- Installing: /root/colcon_ws/install/px4_msgs/lib/libpx4_msgs__rosidl_generator_c.so
[14.562s] -- Set runtime path of "/root/colcon_ws/install/px4_msgs/lib/libpx4_msgs__rosidl_generator_c.so" to ""
[14.562s] -- Installing: /root/colcon_ws/install/px4_msgs/lib/libpx4_msgs__rosidl_typesupport_introspection_c.so
[14.562s] -- Set runtime path of "/root/colcon_ws/install/px4_msgs/lib/libpx4_msgs__rosidl_typesupport_introspection_c.so" to ""
[14.562s] -- Installing: /root/colcon_ws/install/px4_msgs/lib/libpx4_msgs__rosidl_typesupport_c.so
[14.562s] -- Set runtime path of "/root/colcon_ws/install/px4_msgs/lib/libpx4_msgs__rosidl_typesupport_c.so" to ""
[14.562s] -- Installing: /root/colcon_ws/install/px4_msgs/lib/libpx4_msgs__rosidl_typesupport_introspection_cpp.so
[14.562s] -- Set runtime path of "/root/colcon_ws/install/px4_msgs/lib/libpx4_msgs__rosidl_typesupport_introspection_cpp.so" to ""
[14.562s] -- Installing: /root/colcon_ws/install/px4_msgs/lib/libpx4_msgs__rosidl_typesupport_cpp.so
[14.563s] -- Set runtime path of "/root/colcon_ws/install/px4_msgs/lib/libpx4_msgs__rosidl_typesupport_cpp.so" to ""
[14.581s] Compiling '/root/colcon_ws/install/px4_msgs/lib/python3.8/site-packages/px4_msgs/__init__.py'...
[14.583s] -- Installing: /root/colcon_ws/install/px4_msgs/share/px4_msgs/cmake/px4_msgs__rosidl_generator_cExport.cmake
[14.584s] -- Installing: /root/colcon_ws/install/px4_msgs/share/px4_msgs/cmake/px4_msgs__rosidl_generator_cExport-release.cmake
[14.584s] -- Installing: /root/colcon_ws/install/px4_msgs/share/px4_msgs/cmake/px4_msgs__rosidl_typesupport_introspection_cExport.cmake
[14.584s] -- Installing: /root/colcon_ws/install/px4_msgs/share/px4_msgs/cmake/px4_msgs__rosidl_typesupport_introspection_cExport-release.cmake
[14.584s] -- Installing: /root/colcon_ws/install/px4_msgs/share/px4_msgs/cmake/px4_msgs__rosidl_typesupport_cExport.cmake
[14.584s] -- Installing: /root/colcon_ws/install/px4_msgs/share/px4_msgs/cmake/px4_msgs__rosidl_typesupport_cExport-release.cmake
[14.584s] -- Installing: /root/colcon_ws/install/px4_msgs/share/px4_msgs/cmake/px4_msgs__rosidl_generator_cppExport.cmake
[14.584s] -- Installing: /root/colcon_ws/install/px4_msgs/share/px4_msgs/cmake/px4_msgs__rosidl_typesupport_introspection_cppExport.cmake
[14.584s] -- Installing: /root/colcon_ws/install/px4_msgs/share/px4_msgs/cmake/px4_msgs__rosidl_typesupport_introspection_cppExport-release.cmake
[14.584s] -- Installing: /root/colcon_ws/install/px4_msgs/share/px4_msgs/cmake/px4_msgs__rosidl_typesupport_cppExport.cmake
[14.584s] -- Installing: /root/colcon_ws/install/px4_msgs/share/px4_msgs/cmake/px4_msgs__rosidl_typesupport_cppExport-release.cmake
[14.587s] Invoked command in '/root/colcon_ws/build/px4_msgs' returned '0': CMAKE_PREFIX_PATH=/opt/ros/galactic /usr/bin/cmake --install /root/colcon_ws/build/px4_msgs
